

========================= 开始处理 Workshop ID: 3005903549 (63beetle) =========================

--- 正在检查已完成的翻译于: data/completed_files/3005903549/en_completed.txt ---
     -> 在 'en_completed.txt' 中找到 62 个键。

-------------------- 处理子模组: 63beetle --------------------

--- 正在为 '63beetle' 动态查找 'media' 文件夹 ---
  -> 发现版本目录: 42.0
  -> 正在检查路径的有效性: data/workshop_content/3005903549/mods/63beetle/42.0/media
  --> 路径有效！将使用此路径进行处理: data/workshop_content/3005903549/mods/63beetle/42.0/media

--- 预加载 EN (L1) 数据 ---
  -> 扫描目录: data/workshop_content/3005903549/mods/63beetle/42.0/media/lua/shared/Translate/EN
     -> 在 'IG_UI_EN.txt' 中找到 12 个键。
     -> 在 'Recipes_EN.txt' 中找到 23 个键。
预加载完成: 找到 35 个本地 EN 键。

--- 阶段 1: 扫描 Scripts (L0) ---
  -> 处理: vehicles/63beetle.txt
  -> 处理: vehicles/63beetleBuggy.txt
  -> 处理: vehicles/63beetleHP.txt
  -> 处理: vehicles/63beetle_models.txt
  -> 处理: vehicles/63beetle_recipes.txt
  -> 处理: vehicles/63beetle_vehiclesitems.txt
     -> 新增: 27 个 Item
  -> 处理: vehicles/template_BTL63_armor.txt
  -> 处理: vehicles/template_BTL63_bodykit.txt
  -> 处理: vehicles/template_BTL63_doors.txt
  -> 处理: vehicles/template_BTL63_frontBumper.txt
  -> 处理: vehicles/template_BTL63_hood.txt
  -> 处理: vehicles/template_BTL63_rearBumper.txt
  -> 处理: vehicles/template_BTL63_roof.txt
  -> 处理: vehicles/template_BTL63_roofrack.txt
  -> 处理: vehicles/template_BTL63_seats.txt
  -> 处理: vehicles/template_BTL63_sidesteps.txt
  -> 处理: vehicles/template_BTL63_spare_tires.txt
  -> 处理: vehicles/template_BTL63_spoilers.txt
  -> 处理: vehicles/template_BTL63_tires.txt
  -> 处理: vehicles/template_BTL63_trunk.txt
  -> 处理: vehicles/template_BTL63_trunkdoors.txt
  -> 处理: vehicles/template_BTL63_windows.txt
  -> 处理: vehicles/template_BTL63_windshields.txt
阶段 1 完成: 从 scripts 新生成了 27 条数据。

--- 阶段 2: 合并 L0 与 L1 后，纯净英文基准总计: 62 条数据。---

--- 阶段 3: 从 CN 目录加载了 0 条数据。---

--- 正在为 Mod '63beetle' 生成输出文件 ---
    - 最终合并 (output.txt): 62 条
    - 纯净英文 (EN_output.txt): 62 条
    - 纯净中文 (CN_output.txt): 0 条
    - 英文待办 (en_todo.txt): 0 条 (增量)
    - 中文独有 (cn_only.txt): 0 条 (增量)
    -> 正在尝试从 Git 历史记录中获取旧版本: data/output_files/63beetle_3005903549/EN_todo.txt
      --> 成功找到旧版本。
     -> 在 'EN_todo.txt (旧版本)' 中找到 0 个键。

处理成功！所有输出文件已保存在 '63beetle_3005903549' 文件夹中。
    -> [内存] 已为 Mod 3005903549 记录 Commit SHA: 53dbbce
