

========================= 开始处理 Workshop ID: 3566868353 (65banshee) =========================

--- 正在检查已完成的翻译于: data/completed_files/3566868353/en_completed.txt ---
  -> 文件 'en_completed.txt' 在目标位置不存在，将自动创建。

-------------------- 处理子模组: 65banshee --------------------

--- 正在为 '65banshee' 动态查找 'media' 文件夹 ---
  -> 发现版本目录: 42.0
  -> 正在检查路径的有效性: data/workshop_content/3566868353/mods/65banshee/42.0/media
  --> 路径有效！将使用此路径进行处理: data/workshop_content/3566868353/mods/65banshee/42.0/media

--- 预加载 EN (L1) 数据 ---
  -> 扫描目录: data/workshop_content/3566868353/mods/65banshee/42.0/media/lua/shared/Translate/EN
     -> 在 'IG_UI_EN.txt' 中找到 11 个键。
     -> 在 'Recipes_EN.txt' 中找到 24 个键。
预加载完成: 找到 35 个本地 EN 键。

--- 阶段 1: 扫描 Scripts (L0) ---
  -> 处理: vehicles/65banshee400.txt
  -> 处理: vehicles/65bansheeSprint.txt
  -> 处理: vehicles/65bansheeXP.txt
  -> 处理: vehicles/65banshee_models.txt
  -> 处理: vehicles/65banshee_recipes.txt
  -> 处理: vehicles/65banshee_vehiclesitems.txt
     -> 新增: 24 个 Item
  -> 处理: vehicles/template_BAN65_armor.txt
  -> 处理: vehicles/template_BAN65_bumpers.txt
  -> 处理: vehicles/template_BAN65_doors.txt
  -> 处理: vehicles/template_BAN65_hood.txt
  -> 处理: vehicles/template_BAN65_lights.txt
  -> 处理: vehicles/template_BAN65_rollbar.txt
  -> 处理: vehicles/template_BAN65_roof.txt
  -> 处理: vehicles/template_BAN65_roofrack.txt
  -> 处理: vehicles/template_BAN65_seats.txt
  -> 处理: vehicles/template_BAN65_spareTire.txt
  -> 处理: vehicles/template_BAN65_tires.txt
  -> 处理: vehicles/template_BAN65_trunk.txt
  -> 处理: vehicles/template_BAN65_trunkDoor.txt
  -> 处理: vehicles/template_BAN65_windows.txt
  -> 处理: vehicles/template_BAN65_windshields.txt
阶段 1 完成: 从 scripts 新生成了 24 条数据。

--- 阶段 2: 合并 L0 与 L1 后，纯净英文基准总计: 59 条数据。---

--- 阶段 3: 从 CN 目录加载了 0 条数据。---

--- 正在为 Mod '65banshee' 生成输出文件 ---
    - 最终合并 (output.txt): 59 条
    - 纯净英文 (EN_output.txt): 59 条
    - 纯净中文 (CN_output.txt): 0 条
    - 英文待办 (en_todo.txt): 59 条 (增量)
    - 中文独有 (cn_only.txt): 0 条 (增量)
    -> 正在尝试从 Git 历史记录中获取旧版本: data/output_files/65banshee_3566868353/EN_todo.txt
      --> 在 Git 历史记录中未找到该文件，视为全新。
    -> 基线日志已存档到: data/logs/archive/65banshee_3566868353_baseline_run_20250914_181251.json

处理成功！所有输出文件已保存在 '65banshee_3566868353' 文件夹中。
    -> 警告：未能获取 Mod 3566868353 的完成文件SHA，状态未记录。

--- 所有模组处理循环结束，正在保存最终运行状态 ---

--- 所有模组处理完毕，开始生成状态报告 ---
状态报告生成脚本输出:
--- 开始生成状态报告 ---
  -> STATUS.md 已生成。
  -> INTERNAL_STATUS.md 已生成。
  -> MOD_TODO_STATUS.md 已生成。
--- 所有报告生成完毕 ---

