

========================= 开始处理 Workshop ID: 2991201484 (69camaro) =========================

--- 正在检查已完成的翻译于: data/completed_files/2991201484/en_completed.txt ---
     -> 在 'en_completed.txt' 中找到 46 个键。

-------------------- 处理子模组: 69camaro --------------------

--- 正在为 '69camaro' 动态查找 'media' 文件夹 ---
  -> 发现版本目录: 42.0
  -> 正在检查路径的有效性: data/workshop_content/2991201484/mods/69camaro/42.0/media
  --> 路径有效！将使用此路径进行处理: data/workshop_content/2991201484/mods/69camaro/42.0/media

--- 预加载 EN (L1) 数据 ---
  -> 扫描目录: data/workshop_content/2991201484/mods/69camaro/42.0/media/lua/shared/Translate/EN
     -> 在 'IG_UI_EN.txt' 中找到 4 个键。
     -> 在 'Recipes_EN.txt' 中找到 21 个键。
预加载完成: 找到 25 个本地 EN 键。

--- 阶段 1: 扫描 Scripts (L0) ---
  -> 处理: vehicles/69camaroRS.txt
  -> 处理: vehicles/69camaroSS.txt
  -> 处理: vehicles/69camaro_models.txt
  -> 处理: vehicles/69camaro_recipes.txt
  -> 处理: vehicles/69camaro_vehiclesitems.txt
     -> 新增: 21 个 Item
  -> 处理: vehicles/template_CAM69_armor.txt
  -> 处理: vehicles/template_CAM69_doors.txt
  -> 处理: vehicles/template_CAM69_frontBumper.txt
  -> 处理: vehicles/template_CAM69_hood.txt
  -> 处理: vehicles/template_CAM69_rearBumper.txt
  -> 处理: vehicles/template_CAM69_roofrack.txt
  -> 处理: vehicles/template_CAM69_seats.txt
  -> 处理: vehicles/template_CAM69_spareTire.txt
  -> 处理: vehicles/template_CAM69_spoiler.txt
  -> 处理: vehicles/template_CAM69_tires.txt
  -> 处理: vehicles/template_CAM69_trunk.txt
  -> 处理: vehicles/template_CAM69_trunkdoor.txt
  -> 处理: vehicles/template_CAM69_windows.txt
  -> 处理: vehicles/template_CAM69_windshields.txt
阶段 1 完成: 从 scripts 新生成了 21 条数据。

--- 阶段 2: 合并 L0 与 L1 后，纯净英文基准总计: 46 条数据。---

--- 阶段 3: 从 CN 目录加载了 0 条数据。---

--- 正在为 Mod '69camaro' 生成输出文件 ---
    - 最终合并 (output.txt): 46 条
    - 纯净英文 (EN_output.txt): 46 条
    - 纯净中文 (CN_output.txt): 0 条
    - 英文待办 (en_todo.txt): 0 条 (增量)
    - 中文独有 (cn_only.txt): 0 条 (增量)
    -> 正在尝试从 Git 历史记录中获取旧版本: data/output_files/69camaro_2991201484/EN_todo.txt
      --> 在 Git 历史记录中未找到该文件，视为全新。

处理成功！所有输出文件已保存在 '69camaro_2991201484' 文件夹中。
