

========================= 开始处理 Workshop ID: 2886832257 (82jeepJ10) =========================

--- 正在检查已完成的翻译于: data/completed_files/2886832257/en_completed.txt ---
     -> 在 'en_completed.txt' 中找到 37 个键。

-------------------- 处理子模组: 82jeepJ10 --------------------

--- 正在为 '82jeepJ10' 动态查找 'media' 文件夹 ---
  -> 发现版本目录: 42.0
  -> 正在检查路径的有效性: data/workshop_content/2886832257/mods/82jeepJ10/42.0/media
  --> 路径有效！将使用此路径进行处理: data/workshop_content/2886832257/mods/82jeepJ10/42.0/media

--- 预加载 EN (L1) 数据 ---
  -> 扫描目录: data/workshop_content/2886832257/mods/82jeepJ10/42.0/media/lua/shared/Translate/EN
     -> 在 'IG_UI_EN.txt' 中找到 12 个键。
     -> 在 'Recipes_EN.txt' 中找到 11 个键。
预加载完成: 找到 23 个本地 EN 键。

--- 阶段 1: 扫描 Scripts (L0) ---
  -> 处理: vehicles/82jeepJ10.txt
  -> 处理: vehicles/82jeepJ10_models.txt
  -> 处理: vehicles/82jeepJ10_recipes.txt
     -> 新增: 1 个 Recipe
  -> 处理: vehicles/82jeepJ10_sounds.txt
  -> 处理: vehicles/82jeepJ10_vehiclesitems.txt
     -> 新增: 14 个 Item
  -> 处理: vehicles/82jeepJ10pd.txt
  -> 处理: vehicles/82jeepJ10ranger.txt
  -> 处理: vehicles/82jeepJ10t.txt
  -> 处理: vehicles/template_JP82_armor.txt
  -> 处理: vehicles/template_JP82_bed_cover.txt
  -> 处理: vehicles/template_JP82_doors.txt
  -> 处理: vehicles/template_JP82_dorothy.txt
  -> 处理: vehicles/template_JP82_frontBumper.txt
  -> 处理: vehicles/template_JP82_hood.txt
  -> 处理: vehicles/template_JP82_rearBumper.txt
  -> 处理: vehicles/template_JP82_rollbar.txt
  -> 处理: vehicles/template_JP82_rollbar_PD.txt
  -> 处理: vehicles/template_JP82_roofrack.txt
  -> 处理: vehicles/template_JP82_seats.txt
  -> 处理: vehicles/template_JP82_spareTires.txt
  -> 处理: vehicles/template_JP82_tire.txt
  -> 处理: vehicles/template_JP82_trunk.txt
  -> 处理: vehicles/template_JP82_trunkdoors.txt
  -> 处理: vehicles/template_JP82_windows.txt
  -> 处理: vehicles/template_JP82_windshields.txt
阶段 1 完成: 从 scripts 新生成了 15 条数据。

--- 阶段 2: 合并 L0 与 L1 后，纯净英文基准总计: 38 条数据。---

--- 阶段 3: 从 CN 目录加载了 0 条数据。---

--- 正在为 Mod '82jeepJ10' 生成输出文件 ---
    - 最终合并 (output.txt): 38 条
    - 纯净英文 (EN_output.txt): 38 条
    - 纯净中文 (CN_output.txt): 0 条
    - 英文待办 (en_todo.txt): 1 条 (增量)
    - 中文独有 (cn_only.txt): 0 条 (增量)
    -> 正在尝试从 Git 历史记录中获取旧版本: data/output_files/82jeepJ10_2886832257/EN_todo.txt
      --> 成功找到旧版本。
     -> 在 'EN_todo.txt (旧版本)' 中找到 1 个键。

处理成功！所有输出文件已保存在 '82jeepJ10_2886832257' 文件夹中。
    -> [内存] 已为 Mod 2886832257 记录 Commit SHA: 53dbbce
