

========================= 开始处理 Workshop ID: 3379334330 (82porsche911) =========================

--- 正在检查已完成的翻译于: data/completed_files/3379334330/en_completed.txt ---
     -> 在 'en_completed.txt' 中找到 49 个键。

-------------------- 处理子模组: 82porsche911 --------------------

--- 正在为 '82porsche911' 动态查找 'media' 文件夹 ---
  -> 发现版本目录: 42.0
  -> 正在检查路径的有效性: data/workshop_content/3379334330/mods/82porsche911/42.0/media
  --> 路径有效！将使用此路径进行处理: data/workshop_content/3379334330/mods/82porsche911/42.0/media

--- 预加载 EN (L1) 数据 ---
  -> 扫描目录: data/workshop_content/3379334330/mods/82porsche911/42.0/media/lua/shared/Translate/EN
     -> 在 'IG_UI_EN.txt' 中找到 6 个键。
     -> 在 'Recipes_EN.txt' 中找到 19 个键。
预加载完成: 找到 25 个本地 EN 键。

--- 阶段 1: 扫描 Scripts (L0) ---
  -> 处理: vehicles/82porsche911_models.txt
  -> 处理: vehicles/82porsche911_recipes.txt
  -> 处理: vehicles/82porsche911_vehiclesitems.txt
     -> 新增: 24 个 Item
  -> 处理: vehicles/82porsche911rwb.txt
  -> 处理: vehicles/82porsche911turbo.txt
  -> 处理: vehicles/template_PRS82_armor.txt
  -> 处理: vehicles/template_PRS82_doors.txt
  -> 处理: vehicles/template_PRS82_frontBumper.txt
  -> 处理: vehicles/template_PRS82_hood.txt
  -> 处理: vehicles/template_PRS82_rearBumper.txt
  -> 处理: vehicles/template_PRS82_roofrack.txt
  -> 处理: vehicles/template_PRS82_seats.txt
  -> 处理: vehicles/template_PRS82_spareTires.txt
  -> 处理: vehicles/template_PRS82_spoiler.txt
  -> 处理: vehicles/template_PRS82_tires.txt
  -> 处理: vehicles/template_PRS82_trunk.txt
  -> 处理: vehicles/template_PRS82_trunkdoors.txt
  -> 处理: vehicles/template_PRS82_windows.txt
  -> 处理: vehicles/template_PRS82_windshields.txt
阶段 1 完成: 从 scripts 新生成了 24 条数据。

--- 阶段 2: 合并 L0 与 L1 后，纯净英文基准总计: 49 条数据。---

--- 阶段 3: 从 CN 目录加载了 0 条数据。---

--- 正在为 Mod '82porsche911' 生成输出文件 ---
    - 最终合并 (output.txt): 49 条
    - 纯净英文 (EN_output.txt): 49 条
    - 纯净中文 (CN_output.txt): 0 条
    - 英文待办 (en_todo.txt): 0 条 (增量)
    - 中文独有 (cn_only.txt): 0 条 (增量)
    -> 正在尝试从 Git 历史记录中获取旧版本: data/output_files/82porsche911_3379334330/EN_todo.txt
      --> 在 Git 历史记录中未找到该文件，视为全新。

处理成功！所有输出文件已保存在 '82porsche911_3379334330' 文件夹中。
