

========================= 开始处理 Workshop ID: 3413706334 (85pontiacParisienne) =========================

--- 正在检查已完成的翻译于: data/completed_files/3413706334/en_completed.txt ---
     -> 在 'en_completed.txt' 中找到 19 个键。

-------------------- 处理子模组: 85pontiacParisienne --------------------

--- 正在为 '85pontiacParisienne' 动态查找 'media' 文件夹 ---
  -> 发现版本目录: 42.0
  -> 正在检查路径的有效性: data/workshop_content/3413706334/mods/85pontiacParisienne/42.0/media
  --> 路径有效！将使用此路径进行处理: data/workshop_content/3413706334/mods/85pontiacParisienne/42.0/media

--- 预加载 EN (L1) 数据 ---
  -> 扫描目录: data/workshop_content/3413706334/mods/85pontiacParisienne/42.0/media/lua/shared/Translate/EN
     -> 在 'IG_UI_EN.txt' 中找到 4 个键。
     -> 在 'Recipes_EN.txt' 中找到 7 个键。
预加载完成: 找到 11 个本地 EN 键。

--- 阶段 1: 扫描 Scripts (L0) ---
  -> 处理: vehicles/85gmBbody_recipes.txt
     -> 新增: 23 个 Recipe
  -> 处理: vehicles/85pontiacParisienneSedan.txt
  -> 处理: vehicles/85pontiacParisienne_models.txt
  -> 处理: vehicles/85pontiacParisienne_recipes.txt
  -> 处理: vehicles/85pontiacParisienne_vehiclesitems.txt
     -> 新增: 8 个 Item
  -> 处理: vehicles/template_PAR85_armor.txt
  -> 处理: vehicles/template_PAR85_bumpers.txt
  -> 处理: vehicles/template_PAR85_doors.txt
  -> 处理: vehicles/template_PAR85_hood.txt
  -> 处理: vehicles/template_PAR85_roofracks.txt
  -> 处理: vehicles/template_PAR85_roofs.txt
  -> 处理: vehicles/template_PAR85_seats.txt
  -> 处理: vehicles/template_PAR85_spareTire.txt
  -> 处理: vehicles/template_PAR85_tire.txt
  -> 处理: vehicles/template_PAR85_trunk.txt
  -> 处理: vehicles/template_PAR85_trunkdoor.txt
  -> 处理: vehicles/template_PAR85_windows.txt
  -> 处理: vehicles/template_PAR85_windshields.txt
阶段 1 完成: 从 scripts 新生成了 31 条数据。

--- 阶段 2: 合并 L0 与 L1 后，纯净英文基准总计: 42 条数据。---

--- 阶段 3: 从 CN 目录加载了 0 条数据。---

--- 正在为 Mod '85pontiacParisienne' 生成输出文件 ---
    - 最终合并 (output.txt): 42 条
    - 纯净英文 (EN_output.txt): 42 条
    - 纯净中文 (CN_output.txt): 0 条
    - 英文待办 (en_todo.txt): 23 条 (增量)
    - 中文独有 (cn_only.txt): 0 条 (增量)
    -> 正在尝试从 Git 历史记录中获取旧版本: data/output_files/85pontiacParisienne_3413706334/EN_todo.txt
      --> 在 Git 历史记录中未找到该文件，视为全新。
    -> 基线日志已存档到: data/logs/archive/85pontiacParisienne_3413706334_baseline_run_20250911_234215.json

处理成功！所有输出文件已保存在 '85pontiacParisienne_3413706334' 文件夹中。
