

========================= 开始处理 Workshop ID: 2870394916 (86fordE150) =========================

--- 正在检查已完成的翻译于: data/completed_files/2870394916/en_completed.txt ---
     -> 在 'en_completed.txt' 中找到 133 个键。

-------------------- 处理子模组: 86fordE150 --------------------

--- 正在为 '86fordE150' 动态查找 'media' 文件夹 ---
  -> 发现版本目录: 42.0
  -> 正在检查路径的有效性: data/workshop_content/2870394916/mods/86fordE150/42.0/media
  --> 路径有效！将使用此路径进行处理: data/workshop_content/2870394916/mods/86fordE150/42.0/media

--- 预加载 EN (L1) 数据 ---
  -> 扫描目录: data/workshop_content/2870394916/mods/86fordE150/42.0/media/lua/shared/Translate/EN
     -> 在 'IG_UI_EN.txt' 中找到 33 个键。
     -> 在 'Recipes_EN.txt' 中找到 19 个键。
预加载完成: 找到 52 个本地 EN 键。

--- 阶段 1: 扫描 Scripts (L0) ---
  -> 处理: clothing/paydayclothing_masks.txt
     -> 新增: 8 个 Item
  -> 处理: vehicles/86fordE150.txt
  -> 处理: vehicles/86fordE150_models.txt
  -> 处理: vehicles/86fordE150_recipes.txt
  -> 处理: vehicles/86fordE150_vehiclesitems.txt
     -> 新增: 28 个 Item
  -> 处理: vehicles/86fordE150dnd.txt
  -> 处理: vehicles/86fordE150ksp.txt
  -> 处理: vehicles/86fordE150long.txt
  -> 处理: vehicles/86fordE150longW.txt
  -> 处理: vehicles/86fordE150mccoy.txt
  -> 处理: vehicles/86fordE150med.txt
  -> 处理: vehicles/86fordE150mm.txt
  -> 处理: vehicles/86fordE150pd.txt
  -> 处理: vehicles/86fordE150pd_items.txt
     -> 新增: 14 个 Item
  -> 处理: vehicles/86fordE150slide.txt
  -> 处理: vehicles/86fordE150slideSpiffo.txt
  -> 处理: vehicles/86fordE150so.txt
  -> 处理: vehicles/template_E150_armor.txt
  -> 处理: vehicles/template_E150_bumpers.txt
  -> 处理: vehicles/template_E150_divider.txt
  -> 处理: vehicles/template_E150_doors.txt
  -> 处理: vehicles/template_E150_fur.txt
  -> 处理: vehicles/template_E150_hood.txt
  -> 处理: vehicles/template_E150_mystery_machine.txt
  -> 处理: vehicles/template_E150_passengerFull.txt
  -> 处理: vehicles/template_E150_seats.txt
  -> 处理: vehicles/template_E150_spare_tire.txt
  -> 处理: vehicles/template_E150_tire.txt
  -> 处理: vehicles/template_E150_trunk.txt
  -> 处理: vehicles/template_E150_trunkdoor.txt
  -> 处理: vehicles/template_E150_windows.txt
  -> 处理: vehicles/template_E150_windshields.txt
阶段 1 完成: 从 scripts 新生成了 50 条数据。

--- 阶段 2: 合并 L0 与 L1 后，纯净英文基准总计: 102 条数据。---

--- 阶段 3: 从 CN 目录加载了 0 条数据。---

-------------------- 处理子模组: 86fordE150expanded --------------------

--- 正在为 '86fordE150expanded' 动态查找 'media' 文件夹 ---
  -> 发现版本目录: 42.0
  -> 正在检查路径的有效性: data/workshop_content/2870394916/mods/86fordE150expanded/42.0/media
  --> 路径有效！将使用此路径进行处理: data/workshop_content/2870394916/mods/86fordE150expanded/42.0/media

--- 预加载 EN (L1) 数据 ---
  -> 扫描目录: data/workshop_content/2870394916/mods/86fordE150expanded/42.0/media/lua/shared/Translate/EN
     -> 在 'IG_UI_EN.txt' 中找到 53 个键。
预加载完成: 找到 53 个本地 EN 键。

--- 阶段 1: 扫描 Scripts (L0) ---
  -> 处理: vehicles/86fordE150LBMWradio.txt
  -> 处理: vehicles/86fordE150LVairportShuttle.txt
  -> 处理: vehicles/professionVehicles_86fordE150expanded.txt
  -> 处理: vehicles/template_86fordE150doubleSlide.txt
  -> 处理: vehicles/template_86fordE150noSlide.txt
  -> 处理: vehicles/template_86fordE150noSlideLong.txt
阶段 1 完成: 从 scripts 新生成了 0 条数据。

--- 阶段 2: 合并 L0 与 L1 后，纯净英文基准总计: 53 条数据。---

--- 阶段 3: 从 CN 目录加载了 0 条数据。---

--- 正在为 Mod '86fordE150' 生成输出文件 ---
    - 最终合并 (output.txt): 155 条
    - 纯净英文 (EN_output.txt): 155 条
    - 纯净中文 (CN_output.txt): 0 条
    - 英文待办 (en_todo.txt): 22 条 (增量)
    - 中文独有 (cn_only.txt): 0 条 (增量)
    -> 正在尝试从 Git 历史记录中获取旧版本: data/output_files/86fordE150_2870394916/EN_todo.txt
      --> 在 Git 历史记录中未找到该文件，视为全新。
    -> 基线日志已存档到: data/logs/archive/86fordE150_2870394916_baseline_run_20250911_234215.json

处理成功！所有输出文件已保存在 '86fordE150_2870394916' 文件夹中。
