

========================= 开始处理 Workshop ID: 2942793445 (90pierceArrow) =========================

--- 正在检查已完成的翻译于: data/completed_files/2942793445/en_completed.txt ---
     -> 在 'en_completed.txt' 中找到 57 个键。

-------------------- 处理子模组: 90pierceArrow --------------------

--- 正在为 '90pierceArrow' 动态查找 'media' 文件夹 ---
  -> 发现版本目录: 42.0
  -> 正在检查路径的有效性: data/workshop_content/2942793445/mods/90pierceArrow/42.0/media
  --> 路径有效！将使用此路径进行处理: data/workshop_content/2942793445/mods/90pierceArrow/42.0/media

--- 预加载 EN (L1) 数据 ---
  -> 扫描目录: data/workshop_content/2942793445/mods/90pierceArrow/42.0/media/lua/shared/Translate/EN
     -> 在 'IG_UI_EN.txt' 中找到 16 个键。
     -> 在 'Recipes_EN.txt' 中找到 19 个键。
预加载完成: 找到 35 个本地 EN 键。

--- 阶段 1: 扫描 Scripts (L0) ---
  -> 处理: vehicles/90pierceArrow.txt
  -> 处理: vehicles/90pierceArrow_models.txt
  -> 处理: vehicles/90pierceArrow_recipes.txt
  -> 处理: vehicles/90pierceArrow_vehiclesitems.txt
     -> 新增: 22 个 Item
  -> 处理: vehicles/template_ARRW_armor.txt
  -> 处理: vehicles/template_ARRW_bumpers.txt
  -> 处理: vehicles/template_ARRW_doors.txt
  -> 处理: vehicles/template_ARRW_fd_extra.txt
  -> 处理: vehicles/template_ARRW_hood.txt
  -> 处理: vehicles/template_ARRW_mudflaps.txt
  -> 处理: vehicles/template_ARRW_seats.txt
  -> 处理: vehicles/template_ARRW_tires.txt
  -> 处理: vehicles/template_ARRW_trunk.txt
  -> 处理: vehicles/template_ARRW_trunkdoor.txt
  -> 处理: vehicles/template_ARRW_windows.txt
  -> 处理: vehicles/template_ARRW_windshields.txt
阶段 1 完成: 从 scripts 新生成了 22 条数据。

--- 阶段 2: 合并 L0 与 L1 后，纯净英文基准总计: 57 条数据。---

--- 阶段 3: 从 CN 目录加载了 0 条数据。---

--- 正在为 Mod '90pierceArrow' 生成输出文件 ---
    - 最终合并 (output.txt): 57 条
    - 纯净英文 (EN_output.txt): 57 条
    - 纯净中文 (CN_output.txt): 0 条
    - 英文待办 (en_todo.txt): 0 条 (增量)
    - 中文独有 (cn_only.txt): 0 条 (增量)
    -> 正在尝试从 Git 历史记录中获取旧版本: data/output_files/90pierceArrow_2942793445/EN_todo.txt
      --> 在 Git 历史记录中未找到该文件，视为全新。

处理成功！所有输出文件已保存在 '90pierceArrow_2942793445' 文件夹中。
