

========================= 开始处理 Workshop ID: 2409333430 (91range) =========================

--- 正在检查已完成的翻译于: data/completed_files/2409333430/en_completed.txt ---
     -> 在 'en_completed.txt' 中找到 51 个键。

-------------------- 处理子模组: 91range --------------------

--- 正在为 '91range' 动态查找 'media' 文件夹 ---
  -> 发现版本目录: 42.0
  -> 正在检查路径的有效性: data/workshop_content/2409333430/mods/91range/42.0/media
  --> 路径有效！将使用此路径进行处理: data/workshop_content/2409333430/mods/91range/42.0/media

--- 预加载 EN (L1) 数据 ---
  -> 扫描目录: data/workshop_content/2409333430/mods/91range/42.0/media/lua/shared/Translate/EN
     -> 在 'IG_UI_EN.txt' 中找到 4 个键。
     -> 在 'Recipes_EN.txt' 中找到 21 个键。
预加载完成: 找到 25 个本地 EN 键。

--- 阶段 1: 扫描 Scripts (L0) ---
  -> 处理: vehicles/91range.txt
  -> 处理: vehicles/91range2.txt
  -> 处理: vehicles/91range_models.txt
  -> 处理: vehicles/91range_recipes.txt
  -> 处理: vehicles/91range_vehiclesitems.txt
     -> 新增: 26 个 Item
  -> 处理: vehicles/template_RR91_armor.txt
  -> 处理: vehicles/template_RR91_armor2.txt
  -> 处理: vehicles/template_RR91_bumpers.txt
  -> 处理: vehicles/template_RR91_collision.txt
  -> 处理: vehicles/template_RR91_doors.txt
  -> 处理: vehicles/template_RR91_doors2.txt
  -> 处理: vehicles/template_RR91_hood.txt
  -> 处理: vehicles/template_RR91_mudflaps.txt
  -> 处理: vehicles/template_RR91_roofrack.txt
  -> 处理: vehicles/template_RR91_seats.txt
  -> 处理: vehicles/template_RR91_sidesteps.txt
  -> 处理: vehicles/template_RR91_snorkel.txt
  -> 处理: vehicles/template_RR91_spareTires.txt
  -> 处理: vehicles/template_RR91_tire.txt
  -> 处理: vehicles/template_RR91_trunk.txt
  -> 处理: vehicles/template_RR91_trunkdoor.txt
  -> 处理: vehicles/template_RR91_windows.txt
  -> 处理: vehicles/template_RR91_windows2.txt
  -> 处理: vehicles/template_RR91_windshields.txt
阶段 1 完成: 从 scripts 新生成了 26 条数据。

--- 阶段 2: 合并 L0 与 L1 后，纯净英文基准总计: 51 条数据。---

--- 阶段 3: 从 CN 目录加载了 0 条数据。---

--- 正在为 Mod '91range' 生成输出文件 ---
    - 最终合并 (output.txt): 51 条
    - 纯净英文 (EN_output.txt): 51 条
    - 纯净中文 (CN_output.txt): 0 条
    - 英文待办 (en_todo.txt): 0 条 (增量)
    - 中文独有 (cn_only.txt): 0 条 (增量)
    -> 正在尝试从 Git 历史记录中获取旧版本: data/output_files/91range_2409333430/EN_todo.txt
      --> 在 Git 历史记录中未找到该文件，视为全新。

处理成功！所有输出文件已保存在 '91range_2409333430' 文件夹中。
