

========================= 开始处理 Workshop ID: 2962175696 (92fordCVPI) =========================

--- 正在检查已完成的翻译于: data/completed_files/2962175696/en_completed.txt ---
     -> 在 'en_completed.txt' 中找到 54 个键。

-------------------- 处理子模组: 92fordCVPI --------------------

--- 正在为 '92fordCVPI' 动态查找 'media' 文件夹 ---
  -> 发现版本目录: 42.0
  -> 正在检查路径的有效性: data/workshop_content/2962175696/mods/92fordCVPI/42.0/media
  --> 路径有效！将使用此路径进行处理: data/workshop_content/2962175696/mods/92fordCVPI/42.0/media

--- 预加载 EN (L1) 数据 ---
  -> 扫描目录: data/workshop_content/2962175696/mods/92fordCVPI/42.0/media/lua/shared/Translate/EN
     -> 在 'IG_UI_EN.txt' 中找到 23 个键。
     -> 在 'Recipes_EN.txt' 中找到 14 个键。
预加载完成: 找到 37 个本地 EN 键。

--- 阶段 1: 扫描 Scripts (L0) ---
  -> 处理: vehicles/92fordCV.txt
  -> 处理: vehicles/92fordCVPI.txt
  -> 处理: vehicles/92fordCVPI2.txt
  -> 处理: vehicles/92fordCVPI2ksp.txt
  -> 处理: vehicles/92fordCVPI2kspst.txt
  -> 处理: vehicles/92fordCVPI2so.txt
  -> 处理: vehicles/92fordCVPI2sup.txt
  -> 处理: vehicles/92fordCVPI_models.txt
  -> 处理: vehicles/92fordCVPI_recipes.txt
  -> 处理: vehicles/92fordCVPI_vehiclesitems.txt
     -> 新增: 17 个 Item
  -> 处理: vehicles/92fordCVPIfd.txt
  -> 处理: vehicles/92fordCVPIpdu.txt
  -> 处理: vehicles/92fordCVPItaxi.txt
  -> 处理: vehicles/92fordCVPIunmarked.txt
  -> 处理: vehicles/template_CVPI92_armor.txt
  -> 处理: vehicles/template_CVPI92_barrier.txt
  -> 处理: vehicles/template_CVPI92_barrierR.txt
  -> 处理: vehicles/template_CVPI92_bumpers.txt
  -> 处理: vehicles/template_CVPI92_bumpersR.txt
  -> 处理: vehicles/template_CVPI92_doors.txt
  -> 处理: vehicles/template_CVPI92_hood.txt
  -> 处理: vehicles/template_CVPI92_searchlight.txt
  -> 处理: vehicles/template_CVPI92_seats.txt
  -> 处理: vehicles/template_CVPI92_spareTire.txt
  -> 处理: vehicles/template_CVPI92_tire.txt
  -> 处理: vehicles/template_CVPI92_trunk.txt
  -> 处理: vehicles/template_CVPI92_trunkdoor.txt
  -> 处理: vehicles/template_CVPI92_windows.txt
  -> 处理: vehicles/template_CVPI92_windshields.txt
阶段 1 完成: 从 scripts 新生成了 17 条数据。

--- 阶段 2: 合并 L0 与 L1 后，纯净英文基准总计: 54 条数据。---

--- 阶段 3: 从 CN 目录加载了 0 条数据。---

--- 正在为 Mod '92fordCVPI' 生成输出文件 ---
    - 最终合并 (output.txt): 54 条
    - 纯净英文 (EN_output.txt): 54 条
    - 纯净中文 (CN_output.txt): 0 条
    - 英文待办 (en_todo.txt): 0 条 (增量)
    - 中文独有 (cn_only.txt): 0 条 (增量)
    -> 正在尝试从 Git 历史记录中获取旧版本: data/output_files/92fordCVPI_2962175696/EN_todo.txt
      --> 在 Git 历史记录中未找到该文件，视为全新。

处理成功！所有输出文件已保存在 '92fordCVPI_2962175696' 文件夹中。
