

========================= 开始处理 Workshop ID: 2788256295 (AmmoMaker) =========================

--- 正在检查已完成的翻译于: data/completed_files/2788256295/en_completed.txt ---
     -> 在 'en_completed.txt' 中找到 242 个键。

-------------------- 处理子模组: AmmoMaker --------------------

--- 正在为 'AmmoMaker' 动态查找 'media' 文件夹 ---
  -> 正在检查路径的有效性: data/workshop_content/2788256295/mods/AmmoMaker/media
  --> 路径有效！将使用此路径进行处理: data/workshop_content/2788256295/mods/AmmoMaker/media

--- 预加载 EN (L1) 数据 ---
  -> 扫描目录: data/workshop_content/2788256295/mods/AmmoMaker/media/lua/shared/Translate/EN
     -> 在 'ContextMenu_EN.txt' 中找到 15 个键。
     -> 在 'IG_UI_EN.txt' 中找到 6 个键。
     -> 在 'ItemName_EN.txt' 中找到 31 个键。
     -> 在 'Recipes_EN.txt' 中找到 46 个键。
     -> 在 'Sandbox_EN.txt' 中找到 17 个键。
预加载完成: 找到 115 个本地 EN 键。

--- 阶段 1: 扫描 Scripts (L0) ---
  -> 处理: ammomaker_items.txt
  -> 处理: ammomaker_models.txt
  -> 处理: ammomaker_recipes.txt
  -> 处理: ammomaker_recipes_ammo.txt
     -> 新增: 8 个 Recipe
  -> 处理: ammomaker_recipes_ammo_afr.txt
     -> 新增: 2 个 Recipe
  -> 处理: ammomaker_recipes_ammo_agf.txt
     -> 新增: 25 个 Recipe
  -> 处理: ammomaker_recipes_ammo_am.txt
     -> 新增: 2 个 Recipe
  -> 处理: ammomaker_recipes_ammo_cj.txt
     -> 新增: 8 个 Recipe
  -> 处理: ammomaker_recipes_ammo_ek2.txt
     -> 新增: 5 个 Recipe
  -> 处理: ammomaker_recipes_ammo_fa.txt
     -> 新增: 6 个 Recipe
  -> 处理: ammomaker_recipes_ammo_far.txt
     -> 新增: 6 个 Recipe
  -> 处理: ammomaker_recipes_ammo_g93.txt
     -> 新增: 13 个 Recipe
  -> 处理: ammomaker_recipes_ammo_hfe.txt
     -> 新增: 16 个 Recipe
  -> 处理: ammomaker_recipes_ammo_psa.txt
     -> 新增: 9 个 Recipe
  -> 处理: ammomaker_recipes_ammo_rf.txt
     -> 新增: 7 个 Recipe
  -> 处理: ammomaker_recipes_ammo_rfg.txt
     -> 新增: 2 个 Recipe
  -> 处理: ammomaker_recipes_ammo_sp.txt
     -> 新增: 1 个 Recipe
  -> 处理: ammomaker_recipes_ammo_tf.txt
     -> 新增: 24 个 Recipe
  -> 处理: ammomaker_recipes_ammo_vfe.txt
     -> 新增: 4 个 Recipe
  -> 处理: ammomaker_recipes_parts.txt
     -> 新增: 61 个 Recipe
  -> 处理: ammomaker_recipes_recycle.txt
     -> 新增: 144 个 Recipe
  -> 处理: z_ammomaker_tweaks_agf.txt
     -> 新增: 49 个 Recipe
  -> 处理: z_ammomaker_tweaks_base.txt
     -> 新增: 1 个 Item
  -> 处理: z_ammomaker_tweaks_hfe.txt
     -> 新增: 8 个 Recipe
  -> 处理: z_ammomaker_tweaks_sg.txt
     -> 新增: 7 个 Recipe
阶段 1 完成: 从 scripts 新生成了 408 条数据。

--- 阶段 2: 合并 L0 与 L1 后，纯净英文基准总计: 523 条数据。---

--- 阶段 3: 从 CN 目录加载了 0 条数据。---

--- 正在为 Mod 'AmmoMaker' 生成输出文件 ---
    - 最终合并 (output.txt): 523 条
    - 纯净英文 (EN_output.txt): 523 条
    - 纯净中文 (CN_output.txt): 0 条
    - 英文待办 (en_todo.txt): 464 条 (增量)
    - 中文独有 (cn_only.txt): 0 条 (增量)
    -> 正在尝试从 Git 历史记录中获取旧版本: data/output_files/AmmoMaker_2788256295/EN_todo.txt
      --> 在 Git 历史记录中未找到该文件，视为全新。
    -> 基线日志已存档到: data/logs/archive/AmmoMaker_2788256295_baseline_run_20250913_172826.json

处理成功！所有输出文件已保存在 'AmmoMaker_2788256295' 文件夹中。
    -> [内存] 已为 Mod 2788256295 记录 Commit SHA: 2242fab
