

========================= 开始处理 Workshop ID: 3432014439 (ATA_Samara) =========================

--- 正在检查已完成的翻译于: data/completed_files/3432014439/en_completed.txt ---
  -> 文件 'en_completed.txt' 在目标位置不存在，将自动创建。

-------------------- 处理子模组: ATA_Samara --------------------

--- 正在为 'ATA_Samara' 动态查找 'media' 文件夹 ---
  -> 发现版本目录: 42
  -> 正在检查路径的有效性: data/workshop_content/3432014439/mods/ATA_Samara/42/media
  --> 路径有效！将使用此路径进行处理: data/workshop_content/3432014439/mods/ATA_Samara/42/media

--- 预加载 EN (L1) 数据 ---
预加载完成: 找到 0 个本地 EN 键。

--- 阶段 1: 扫描 Scripts (L0) ---
  -> 处理: vehicles/fixing_ata_samara.txt
  -> 处理: vehicles/items_ata_samara.txt
     -> 新增: 1 个 Recipe
  -> 处理: vehicles/template/template_atasamara.txt
  -> 处理: vehicles/template/template_atasamara_bullbar.txt
  -> 处理: vehicles/template/template_atasamara_enginedoor.txt
  -> 处理: vehicles/template/template_atasamara_other.txt
  -> 处理: vehicles/template/template_atasamara_protectionwindows.txt
  -> 处理: vehicles/template/template_atasamara_roofrack.txt
  -> 处理: vehicles/vehicle_ata_samara.txt
阶段 1 完成: 从 scripts 新生成了 1 条数据。

--- 阶段 2: 合并 L0 与 L1 后，纯净英文基准总计: 1 条数据。---

--- 阶段 3: 从 CN 目录加载了 0 条数据。---

--- 正在为 Mod 'ATA_Samara' 生成输出文件 ---
    - 最终合并 (output.txt): 1 条
    - 纯净英文 (EN_output.txt): 1 条
    - 纯净中文 (CN_output.txt): 0 条
    - 英文待办 (en_todo.txt): 1 条 (增量)
    - 中文独有 (cn_only.txt): 0 条 (增量)
    -> 正在尝试从 Git 历史记录中获取旧版本: data/output_files/ATA_Samara_3432014439/EN_todo.txt
      --> 在 Git 历史记录中未找到该文件，视为全新。
    -> 基线日志已存档到: data/logs/archive/ATA_Samara_3432014439_baseline_run_20250911_234215.json

处理成功！所有输出文件已保存在 'ATA_Samara_3432014439' 文件夹中。
