

========================= 开始处理 Workshop ID: 2335368829 (Authentic_Z_-_Backpacks+) =========================

--- 正在检查已完成的翻译于: data/completed_files/2335368829/en_completed.txt ---
     -> 在 'en_completed.txt' 中找到 974 个键。

-------------------- 处理子模组: Authentic Z - Backpacks+ --------------------

--- 正在为 'Authentic Z - Backpacks+' 动态查找 'media' 文件夹 ---
  -> 发现版本目录: 42
  -> 正在检查路径的有效性: data/workshop_content/2335368829/mods/Authentic Z - Backpacks+/42/media
  --> 路径有效！将使用此路径进行处理: data/workshop_content/2335368829/mods/Authentic Z - Backpacks+/42/media

--- 预加载 EN (L1) 数据 ---
  -> 扫描目录: data/workshop_content/2335368829/mods/Authentic Z - Backpacks+/42/media/lua/shared/Translate/EN
     -> 在 'ContextMenu_EN.txt' 中找到 12 个键。
     -> 在 'Fluids_EN.txt' 中找到 3 个键。
     -> 在 'IG_UI_EN.txt' 中找到 69 个键。
     -> 在 'ItemName_EN.txt' 中找到 627 个键。
     -> 在 'MakeUp_EN.txt' 中找到 10 个键。
     -> 在 'Recipes_EN.txt' 中找到 48 个键。
     -> 在 'Tooltip_EN.txt' 中找到 51 个键。
     -> 在 'UI_EN.txt' 中找到 1 个键。
预加载完成: 找到 808 个本地 EN 键。

--- 阶段 1: 扫描 Scripts (L0) ---
  -> 处理: AuthenticZBackpacksPlus_attachments.txt
  -> 处理: AuthenticZBackpacksPlus_models_items.txt
  -> 处理: clothing/AuthenticZBackpacksPlus_clothing_bags.txt
     -> 新增: 3 个 Item
  -> 处理: items/items_AuthenticZBackpacksPlus.txt
     -> 新增: 25 个 Item
  -> 处理: items/items_AuthenticZ_Edited.txt
     -> 新增: 3 个 Item
  -> 处理: items/items_fluids_AuthenticZ.txt
  -> 处理: recipes/recipes_AuthenticZ_BackpackAttachment.txt
     -> 新增: 5 个 Recipe
  -> 处理: recipes/recipes_AuthenticZ_BackpackSecondary.txt
     -> 新增: 1 个 Recipe
  -> 处理: recipes/recipes_AuthenticZ_BackpackUpgrades.txt
     -> 新增: 9 个 Item, 84 个 Recipe
  -> 处理: recipes/recipes_AuthenticZ_Balloon.txt
     -> 新增: 11 个 Recipe
阶段 1 完成: 从 scripts 新生成了 141 条数据。

--- 阶段 2: 合并 L0 与 L1 后，纯净英文基准总计: 949 条数据。---
  -> 扫描目录: data/workshop_content/2335368829/mods/Authentic Z - Backpacks+/42/media/lua/shared/Translate/CN
     -> 在 'CH_TranslationBy_hollaming.txt' 中找到 0 个键。
     -> 在 'ContextMenu_CN.txt' 中找到 12 个键。
     -> 在 'IG_UI_CN.txt' 中找到 69 个键。
     -> 在 'ItemName_CN.txt' 中找到 684 个键。
     -> 在 'MakeUp_CN.txt' 中找到 10 个键。
     -> 在 'Recipes_CN.txt' 中找到 48 个键。
     -> 在 'Tooltip_CN.txt' 中找到 46 个键。
     -> 在 'UI_CN.txt' 中找到 2 个键。

--- 阶段 3: 从 CN 目录加载了 862 条数据。---

-------------------- 处理子模组: Authentic Z - Current --------------------

--- 正在为 'Authentic Z - Current' 动态查找 'media' 文件夹 ---
  -> 发现版本目录: 42
  -> 正在检查路径的有效性: data/workshop_content/2335368829/mods/Authentic Z - Current/42/media
  --> 路径有效！将使用此路径进行处理: data/workshop_content/2335368829/mods/Authentic Z - Current/42/media

--- 预加载 EN (L1) 数据 ---
  -> 扫描目录: data/workshop_content/2335368829/mods/Authentic Z - Current/42/media/lua/shared/Translate/EN
     -> 在 'ContextMenu_EN.txt' 中找到 47 个键。
     -> 在 'Fluids_EN.txt' 中找到 3 个键。
     -> 在 'IG_UI_EN.txt' 中找到 78 个键。
     -> 在 'ItemName_EN.txt' 中找到 1130 个键。
     -> 在 'MakeUp_EN.txt' 中找到 10 个键。
     -> 在 'Recipes_EN.txt' 中找到 58 个键。
     -> 在 'Tooltip_EN.txt' 中找到 59 个键。
     -> 在 'UI_EN.txt' 中找到 2 个键。
预加载完成: 找到 1376 个本地 EN 键。

--- 阶段 1: 扫描 Scripts (L0) ---
  -> 处理: AuthenticZCurrent_attachments.txt
  -> 处理: AuthenticZCurrent_models_items.txt
  -> 处理: AuthenticZCurrent_sounds.txt
  -> 处理: AuthenticZ_Edited_items.txt
     -> 新增: 3 个 Item
  -> 处理: AuthenticZ_item_FlareGun.txt
  -> 处理: AuthenticZ_weapons.txt
     -> 新增: 1 个 Item
  -> 处理: clothing/clothing_AuthenticZ_S_models.txt
  -> 处理: clothing/clothing_AuthenticZ_XL_models.txt
  -> 处理: clothing/clothing_AuthenticZ_XXL_models.txt
  -> 处理: clothing/clothing_AuthenticZ_XXXL_models.txt
     -> 新增: 1 个 Item
  -> 处理: clothing/clothing_AuthenticZ_bags.txt
     -> 新增: 2 个 Item
  -> 处理: clothing/clothing_AuthenticZ_body_models.txt
     -> 新增: 11 个 Item
  -> 处理: clothing/clothing_AuthenticZ_gore.txt
  -> 处理: clothing/clothing_AuthenticZ_hats.txt
     -> 新增: 8 个 Item
  -> 处理: clothing/clothing_AuthenticZ_jacket.txt
     -> 新增: 4 个 Item
  -> 处理: clothing/clothing_AuthenticZ_jacket_Vanilla.txt
  -> 处理: clothing/clothing_AuthenticZ_jewelry.txt
     -> 新增: 1 个 Item
  -> 处理: clothing/clothing_AuthenticZ_misc.txt
  -> 处理: clothing/clothing_AuthenticZ_others.txt
     -> 新增: 6 个 Item
  -> 处理: clothing/clothing_AuthenticZ_pants.txt
     -> 新增: 7 个 Item
  -> 处理: clothing/clothing_AuthenticZ_shirts.txt
     -> 新增: 8 个 Item
  -> 处理: clothing/clothing_AuthenticZ_shoes.txt
  -> 处理: clothing/clothing_AuthenticZ_suits.txt
     -> 新增: 2 个 Item
  -> 处理: clothing/clothing_AuthenticZ_wigs.txt
     -> 新增: 43 个 Item
  -> 处理: items/items_AuthenticZ.txt
     -> 新增: 22 个 Item
  -> 处理: items/items_fluids_AuthenticZ.txt
  -> 处理: items_AuthenticZ_Chainsaw.txt
  -> 处理: recipes/recipes_AuthenticZ.txt
     -> 新增: 34 个 Recipe
  -> 处理: recipes/recipes_AuthenticZCurrent_fixing.txt
  -> 处理: recipes/recipes_AuthenticZ_BackpackAttachment.txt
     -> 新增: 5 个 Recipe
  -> 处理: recipes/recipes_AuthenticZ_BackpackSecondary.txt
  -> 处理: recipes/recipes_AuthenticZ_BackpackUpgrades.txt
     -> 新增: 6 个 Item, 87 个 Recipe
  -> 处理: recipes/recipes_AuthenticZ_Balloon.txt
     -> 新增: 11 个 Recipe
  -> 处理: recipes/recipes_AuthenticZ_Clothing.txt
     -> 新增: 1 个 Recipe
阶段 1 完成: 从 scripts 新生成了 263 条数据。

--- 阶段 2: 合并 L0 与 L1 后，纯净英文基准总计: 1639 条数据。---
  -> 扫描目录: data/workshop_content/2335368829/mods/Authentic Z - Current/42/media/lua/shared/Translate/CN
     -> 在 'CH_TranslationBy_hollaming.txt' 中找到 0 个键。
     -> 在 'ContextMenu_CN.txt' 中找到 12 个键。
     -> 在 'IG_UI_CN.txt' 中找到 72 个键。
     -> 在 'ItemName_CN.txt' 中找到 735 个键。
     -> 在 'MakeUp_CN.txt' 中找到 10 个键。
     -> 在 'Recipes_CN.txt' 中找到 50 个键。
     -> 在 'Tooltip_CN.txt' 中找到 36 个键。
     -> 在 'UI_CN.txt' 中找到 2 个键。

--- 阶段 3: 从 CN 目录加载了 907 条数据。---

-------------------- 处理子模组: Authentic Z - Lite --------------------

--- 正在为 'Authentic Z - Lite' 动态查找 'media' 文件夹 ---
  -> 发现版本目录: 42
  -> 正在检查路径的有效性: data/workshop_content/2335368829/mods/Authentic Z - Lite/42/media
  --> 路径有效！将使用此路径进行处理: data/workshop_content/2335368829/mods/Authentic Z - Lite/42/media

--- 预加载 EN (L1) 数据 ---
  -> 扫描目录: data/workshop_content/2335368829/mods/Authentic Z - Lite/42/media/lua/shared/Translate/EN
     -> 在 'ContextMenu_EN.txt' 中找到 47 个键。
     -> 在 'Fluids_EN.txt' 中找到 3 个键。
     -> 在 'IG_UI_EN.txt' 中找到 77 个键。
     -> 在 'ItemName_EN.txt' 中找到 974 个键。
     -> 在 'MakeUp_EN.txt' 中找到 10 个键。
     -> 在 'Recipes_EN.txt' 中找到 58 个键。
     -> 在 'Tooltip_EN.txt' 中找到 59 个键。
     -> 在 'UI_EN.txt' 中找到 3 个键。
预加载完成: 找到 1220 个本地 EN 键。

--- 阶段 1: 扫描 Scripts (L0) ---
  -> 处理: AuthenticZLite_attachments.txt
  -> 处理: AuthenticZLite_models_items.txt
  -> 处理: AuthenticZLite_sounds.txt
  -> 处理: AuthenticZ_item_Chainsaw.txt
  -> 处理: AuthenticZ_item_FlareGun.txt
  -> 处理: AuthenticZ_weapons.txt
     -> 新增: 1 个 Item
  -> 处理: clothing/clothing_AuthenticZ_1XL_models.txt
     -> 新增: 15 个 Item
  -> 处理: clothing/clothing_AuthenticZ_2XL_models.txt
     -> 新增: 18 个 Item
  -> 处理: clothing/clothing_AuthenticZ_3XL_models.txt
     -> 新增: 20 个 Item
  -> 处理: clothing/clothing_AuthenticZ_Lite_wigs.txt
     -> 新增: 41 个 Item
  -> 处理: clothing/clothing_AuthenticZ_S_models.txt
     -> 新增: 1 个 Item
  -> 处理: clothing/clothing_AuthenticZ_bags.txt
     -> 新增: 2 个 Item
  -> 处理: clothing/clothing_AuthenticZ_body_models.txt
     -> 新增: 11 个 Item
  -> 处理: clothing/clothing_AuthenticZ_clothing_suits.txt
     -> 新增: 3 个 Item
  -> 处理: clothing/clothing_AuthenticZ_gore.txt
  -> 处理: clothing/clothing_AuthenticZ_hats.txt
     -> 新增: 10 个 Item
  -> 处理: clothing/clothing_AuthenticZ_jacket.txt
     -> 新增: 4 个 Item
  -> 处理: clothing/clothing_AuthenticZ_jacket_Vanilla.txt
  -> 处理: clothing/clothing_AuthenticZ_jewelry.txt
     -> 新增: 1 个 Item
  -> 处理: clothing/clothing_AuthenticZ_misc.txt
  -> 处理: clothing/clothing_AuthenticZ_others.txt
     -> 新增: 11 个 Item
  -> 处理: clothing/clothing_AuthenticZ_pants.txt
     -> 新增: 7 个 Item
  -> 处理: clothing/clothing_AuthenticZ_shirts.txt
     -> 新增: 8 个 Item
  -> 处理: clothing/clothing_AuthenticZ_shoes.txt
     -> 新增: 1 个 Item
  -> 处理: clothing/clothing_AuthenticZ_suits.txt
     -> 新增: 13 个 Item
  -> 处理: items/items_AuthenticZLite.txt
     -> 新增: 22 个 Item
  -> 处理: items/items_fluids_AuthenticZLite.txt
  -> 处理: recipes/recipes_AuthenticZ.txt
     -> 新增: 34 个 Recipe
  -> 处理: recipes/recipes_AuthenticZ_Balloon.txt
     -> 新增: 11 个 Recipe
  -> 处理: recipes/recipes_AuthenticZ_Clothing.txt
     -> 新增: 1 个 Recipe
阶段 1 完成: 从 scripts 新生成了 232 条数据。

--- 阶段 2: 合并 L0 与 L1 后，纯净英文基准总计: 1452 条数据。---
  -> 扫描目录: data/workshop_content/2335368829/mods/Authentic Z - Lite/42/media/lua/shared/Translate/CN
     -> 在 'CH_TranslationBy_hollaming.txt' 中找到 0 个键。
     -> 在 'ContextMenu_CN.txt' 中找到 12 个键。
     -> 在 'IG_UI_CN.txt' 中找到 72 个键。
     -> 在 'ItemName_CN.txt' 中找到 735 个键。
     -> 在 'MakeUp_CN.txt' 中找到 10 个键。
     -> 在 'Recipes_CN.txt' 中找到 50 个键。
     -> 在 'Tooltip_CN.txt' 中找到 36 个键。
     -> 在 'UI_CN.txt' 中找到 2 个键。

--- 阶段 3: 从 CN 目录加载了 907 条数据。---

--- 正在为 Mod 'Authentic_Z_-_Backpacks+' 生成输出文件 ---
    - 最终合并 (output.txt): 3707 条
    - 纯净英文 (EN_output.txt): 3453 条
    - 纯净中文 (CN_output.txt): 2325 条
    - 英文待办 (en_todo.txt): 450 条 (增量)
    - 中文独有 (cn_only.txt): 254 条 (增量)
    -> 正在尝试从 Git 历史记录中获取旧版本: data/output_files/Authentic_Z_-_Backpacks+_2335368829/EN_todo.txt
      --> 成功找到旧版本。
     -> 在 'EN_todo.txt (旧版本)' 中找到 1261 个键。
    -> 检测到内容变更。新增: 122, 移除: 933

处理成功！所有输出文件已保存在 'Authentic_Z_-_Backpacks+_2335368829' 文件夹中。
    -> [内存] 已为 Mod 2335368829 记录 Commit SHA: 746b751
