

========================= 开始处理 Workshop ID: 3387222454 (B42_Rain's_Firearms_&_Gun_Parts) =========================

--- 正在检查已完成的翻译于: data/completed_files/3387222454/en_completed.txt ---
     -> 在 'en_completed.txt' 中找到 445 个键。

-------------------- 处理子模组: B42 Rain's Firearms & Gun Parts --------------------

--- 正在为 'B42 Rain's Firearms & Gun Parts' 动态查找 'media' 文件夹 ---
  -> 发现版本目录: 42
  -> 正在检查路径的有效性: data/workshop_content/3387222454/mods/B42 Rain's Firearms & Gun Parts/42/media
  --> 路径有效！将使用此路径进行处理: data/workshop_content/3387222454/mods/B42 Rain's Firearms & Gun Parts/42/media

--- 预加载 EN (L1) 数据 ---
  -> 扫描目录: data/workshop_content/3387222454/mods/B42 Rain's Firearms & Gun Parts/42/media/lua/shared/Translate/EN
     -> 在 'ContextMenu_EN.txt' 中找到 17 个键。
     -> 在 'ItemName_EN.txt' 中找到 192 个键。
     -> 在 'Recipes_EN.txt' 中找到 40 个键。
     -> 在 'Sandbox_EN.txt' 中找到 9 个键。
     -> 在 'Tooltip_EN.txt' 中找到 82 个键。
     -> 在 'UI_EN.txt' 中找到 2 个键。
预加载完成: 找到 339 个本地 EN 键。

--- 阶段 1: 扫描 Scripts (L0) ---
  -> 处理: RFNGP_ammo.txt
     -> 新增: 3 个 Item
  -> 处理: RFNGP_attachments.txt
     -> 新增: 1 个 Item
  -> 处理: RFNGP_drummags.txt
     -> 新增: 22 个 Recipe
  -> 处理: RFNGP_fixing.txt
  -> 处理: RFNGP_guncases.txt
  -> 处理: RFNGP_items.txt
  -> 处理: RFNGP_magazinerecipes.txt
     -> 新增: 6 个 Recipe
  -> 处理: RFNGP_mgs.txt
  -> 处理: RFNGP_minigun.txt
  -> 处理: RFNGP_nomag.txt
  -> 处理: RFNGP_packs.txt
  -> 处理: RFNGP_pistols.txt
  -> 处理: RFNGP_recipes.txt
     -> 新增: 11 个 Recipe
  -> 处理: RFNGP_revolvers.txt
  -> 处理: RFNGP_rifles223556.txt
  -> 处理: RFNGP_rifles308762.txt
  -> 处理: RFNGP_rifles44.txt
  -> 处理: RFNGP_rifles76239.txt
  -> 处理: RFNGP_shotguns.txt
  -> 处理: RFNGP_skillmag.txt
     -> 新增: 6 个 Recipe
  -> 处理: RFNGP_smgs.txt
  -> 处理: RFNGP_sounds.txt
阶段 1 完成: 从 scripts 新生成了 49 条数据。

--- 阶段 2: 合并 L0 与 L1 后，纯净英文基准总计: 388 条数据。---

--- 阶段 3: 从 CN 目录加载了 0 条数据。---

-------------------- 处理子模组: B42 Rain's Firearms & Gun Parts Expanded --------------------

--- 正在为 'B42 Rain's Firearms & Gun Parts Expanded' 动态查找 'media' 文件夹 ---
  -> 发现版本目录: 42
  -> 正在检查路径的有效性: data/workshop_content/3387222454/mods/B42 Rain's Firearms & Gun Parts Expanded/42/media
  --> 路径有效！将使用此路径进行处理: data/workshop_content/3387222454/mods/B42 Rain's Firearms & Gun Parts Expanded/42/media

--- 预加载 EN (L1) 数据 ---
  -> 扫描目录: data/workshop_content/3387222454/mods/B42 Rain's Firearms & Gun Parts Expanded/42/media/lua/shared/Translate/EN
     -> 在 'ContextMenu_EN.txt' 中找到 17 个键。
     -> 在 'ItemName_EN.txt' 中找到 212 个键。
     -> 在 'Recipes_EN.txt' 中找到 42 个键。
     -> 在 'Sandbox_EN.txt' 中找到 9 个键。
     -> 在 'Tooltip_EN.txt' 中找到 87 个键。
     -> 在 'UI_EN.txt' 中找到 2 个键。
预加载完成: 找到 366 个本地 EN 键。

--- 阶段 1: 扫描 Scripts (L0) ---
  -> 处理: RFNGP_ammo.txt
     -> 新增: 3 个 Item
  -> 处理: RFNGP_attachments.txt
     -> 新增: 1 个 Item
  -> 处理: RFNGP_drummags.txt
     -> 新增: 38 个 Recipe
  -> 处理: RFNGP_fixing.txt
  -> 处理: RFNGP_guncases.txt
  -> 处理: RFNGP_items.txt
  -> 处理: RFNGP_magazinerecipes.txt
     -> 新增: 8 个 Recipe
  -> 处理: RFNGP_mgs.txt
  -> 处理: RFNGP_minigun.txt
  -> 处理: RFNGP_nomag.txt
  -> 处理: RFNGP_packs.txt
  -> 处理: RFNGP_pistols.txt
  -> 处理: RFNGP_recipes.txt
     -> 新增: 17 个 Recipe
  -> 处理: RFNGP_revolvers.txt
  -> 处理: RFNGP_rifles223556.txt
  -> 处理: RFNGP_rifles308762.txt
  -> 处理: RFNGP_rifles44.txt
  -> 处理: RFNGP_rifles76239.txt
     -> 新增: 2 个 Recipe
  -> 处理: RFNGP_shotguns.txt
  -> 处理: RFNGP_skillmag.txt
     -> 新增: 6 个 Recipe
  -> 处理: RFNGP_smgs.txt
  -> 处理: RFNGP_sounds.txt
阶段 1 完成: 从 scripts 新生成了 75 条数据。

--- 阶段 2: 合并 L0 与 L1 后，纯净英文基准总计: 441 条数据。---

--- 阶段 3: 从 CN 目录加载了 0 条数据。---

--- 正在为 Mod 'B42_Rain's_Firearms_&_Gun_Parts' 生成输出文件 ---
    - 最终合并 (output.txt): 441 条
    - 纯净英文 (EN_output.txt): 441 条
    - 纯净中文 (CN_output.txt): 0 条
    - 英文待办 (en_todo.txt): 0 条 (增量)
    - 中文独有 (cn_only.txt): 0 条 (增量)
    -> 正在尝试从 Git 历史记录中获取旧版本: data/output_files/B42_Rain's_Firearms_&_Gun_Parts_3387222454/EN_todo.txt
      --> 成功找到旧版本。
     -> 在 'EN_todo.txt (旧版本)' 中找到 244 个键。
    -> 检测到内容变更。新增: 0, 移除: 244

处理成功！所有输出文件已保存在 'B42_Rain's_Firearms_&_Gun_Parts_3387222454' 文件夹中。
    -> [内存] 已为 Mod 3387222454 记录 Commit SHA: c4f0928
