

========================= 开始处理 Workshop ID: 3404563567 (B42Hemp&Tobacco) =========================

--- 正在检查已完成的翻译于: data/completed_files/3404563567/en_completed.txt ---
     -> 在 'en_completed.txt' 中找到 0 个键。

-------------------- 处理子模组: B42Hemp&Tobacco --------------------

--- 正在为 'B42Hemp&Tobacco' 动态查找 'media' 文件夹 ---
  -> 发现版本目录: 42
  -> 正在检查路径的有效性: data/workshop_content/3404563567/mods/B42Hemp&Tobacco/42/media
  --> 路径有效！将使用此路径进行处理: data/workshop_content/3404563567/mods/B42Hemp&Tobacco/42/media

--- 预加载 EN (L1) 数据 ---
  -> 扫描目录: data/workshop_content/3404563567/mods/B42Hemp&Tobacco/42/media/lua/shared/Translate/EN
     -> 在 'ItemName_EN.txt' 中找到 23 个键。
     -> 在 'Recipes_EN.txt' 中找到 34 个键。
     -> 在 'Tooltip_EN.txt' 中找到 6 个键。
预加载完成: 找到 63 个本地 EN 键。

--- 阶段 1: 扫描 Scripts (L0) ---
  -> 处理: items_hemp&tobacco.txt
     -> 新增: 1 个 Item
  -> 处理: models_hemp&tobacco.txt
  -> 处理: recipes_hemp&Tobacco.txt
阶段 1 完成: 从 scripts 新生成了 1 条数据。

--- 阶段 2: 合并 L0 与 L1 后，纯净英文基准总计: 64 条数据。---

--- 阶段 3: 从 CN 目录加载了 0 条数据。---

--- 正在为 Mod 'B42Hemp&Tobacco' 生成输出文件 ---
    - 最终合并 (output.txt): 64 条
    - 纯净英文 (EN_output.txt): 64 条
    - 纯净中文 (CN_output.txt): 0 条
    - 英文待办 (en_todo.txt): 64 条 (增量)
    - 中文独有 (cn_only.txt): 0 条 (增量)
    -> 正在尝试从 Git 历史记录中获取旧版本: data/output_files/B42Hemp&Tobacco_3404563567/EN_todo.txt
      --> 成功找到旧版本。
     -> 在 'EN_todo.txt (旧版本)' 中找到 64 个键。

处理成功！所有输出文件已保存在 'B42Hemp&Tobacco_3404563567' 文件夹中。
    -> [内存] 已为 Mod 3404563567 记录 Commit SHA: dc92ae5
