

========================= 开始处理 Workshop ID: 2850935956 (Boots_Expanded) =========================

--- 正在检查已完成的翻译于: data/completed_files/2850935956/en_completed.txt ---
     -> 在 'en_completed.txt' 中找到 59 个键。

-------------------- 处理子模组: Boots Expanded --------------------

--- 正在为 'Boots Expanded' 动态查找 'media' 文件夹 ---
  -> 发现版本目录: 42
  -> 正在检查路径的有效性: data/workshop_content/2850935956/mods/Boots Expanded/42/media
  --> 路径有效！将使用此路径进行处理: data/workshop_content/2850935956/mods/Boots Expanded/42/media

--- 预加载 EN (L1) 数据 ---
  -> 扫描目录: data/workshop_content/2850935956/mods/Boots Expanded/42/media/lua/shared/Translate/EN
     -> 在 'Tooltip_EN.txt' 中找到 19 个键。
预加载完成: 找到 19 个本地 EN 键。

--- 阶段 1: 扫描 Scripts (L0) ---
  -> 处理: clothing/clothing_newboots.txt
     -> 新增: 7 个 Item
  -> 处理: clothing/clothing_shoes.txt
     -> 新增: 33 个 Item
  -> 处理: clothing/models_bootsexpanded.txt
  -> 处理: models_bootsexpanded.txt
阶段 1 完成: 从 scripts 新生成了 40 条数据。

--- 阶段 2: 合并 L0 与 L1 后，纯净英文基准总计: 59 条数据。---

--- 阶段 3: 从 CN 目录加载了 0 条数据。---

--- 正在为 Mod 'Boots_Expanded' 生成输出文件 ---
    - 最终合并 (output.txt): 59 条
    - 纯净英文 (EN_output.txt): 59 条
    - 纯净中文 (CN_output.txt): 0 条
    - 英文待办 (en_todo.txt): 0 条 (增量)
    - 中文独有 (cn_only.txt): 0 条 (增量)
    -> 正在尝试从 Git 历史记录中获取旧版本: data/output_files/Boots_Expanded_2850935956/EN_todo.txt
      --> 成功找到旧版本。
     -> 在 'EN_todo.txt (旧版本)' 中找到 57 个键。
    -> 检测到内容变更。新增: 0, 移除: 57

处理成功！所有输出文件已保存在 'Boots_Expanded_2850935956' 文件夹中。
    -> [内存] 已为 Mod 2850935956 记录 Commit SHA: 526a6e1
