

========================= 开始处理 Workshop ID: 3457003463 (Caster_Plus) =========================

--- 正在检查已完成的翻译于: data/completed_files/3457003463/en_completed.txt ---
     -> 在 'en_completed.txt' 中找到 111 个键。

-------------------- 处理子模组: Caster Plus --------------------

--- 正在为 'Caster Plus' 动态查找 'media' 文件夹 ---
  -> 发现版本目录: 42
  -> 正在检查路径的有效性: data/workshop_content/3457003463/mods/Caster Plus/42/media
  --> 路径有效！将使用此路径进行处理: data/workshop_content/3457003463/mods/Caster Plus/42/media

--- 预加载 EN (L1) 数据 ---
  -> 扫描目录: data/workshop_content/3457003463/mods/Caster Plus/42/media/lua/shared/Translate/EN
     -> 在 'ItemName_EN.txt' 中找到 63 个键。
     -> 在 'Moveables_EN.txt' 中找到 36 个键。
     -> 在 'Recipes_EN.txt' 中找到 37 个键。
     -> 在 'Tooltip_EN.txt' 中找到 9 个键。
预加载完成: 找到 145 个本地 EN 键。

--- 阶段 1: 扫描 Scripts (L0) ---
  -> 处理: clothing/items_zitcaster_armor.txt
     -> 新增: 9 个 Item
  -> 处理: clothing/items_zitcaster_hats.txt
     -> 新增: 2 个 Item
  -> 处理: items/items_zitcaster_fish.txt
     -> 新增: 14 个 Item
  -> 处理: items/items_zitcaster_materials.txt
     -> 新增: 31 个 Item
  -> 处理: items/items_zitcaster_rods.txt
     -> 新增: 4 个 Item
  -> 处理: items/items_zitcaster_weapons.txt
     -> 新增: 3 个 Item
  -> 处理: models_zitcaster_clothing.txt
  -> 处理: models_zitcaster_fish.txt
  -> 处理: models_zitcaster_items_materials.txt
  -> 处理: models_zitcaster_rods.txt
  -> 处理: models_zitcaster_weapons.txt
  -> 处理: moveables/moveables_zitcaster.txt
     -> 新增: 36 个 Item
  -> 处理: recipes/recipes_zitcaster.txt
阶段 1 完成: 从 scripts 新生成了 99 条数据。

--- 阶段 2: 合并 L0 与 L1 后，纯净英文基准总计: 244 条数据。---
  -> 扫描目录: data/workshop_content/3457003463/mods/Caster Plus/42/media/lua/shared/Translate/CN
     -> 在 'ItemName_CN.txt' 中找到 63 个键。
     -> 在 'Moveables_CN.txt' 中找到 36 个键。
     -> 在 'Recipes_CN.txt' 中找到 37 个键。
     -> 在 'Tooltip_CN.txt' 中找到 9 个键。

--- 阶段 3: 从 CN 目录加载了 145 条数据。---

-------------------- 处理子模组: Caster Plus - Realistic --------------------

--- 正在为 'Caster Plus - Realistic' 动态查找 'media' 文件夹 ---
  -> 发现版本目录: 42
  -> 正在检查路径的有效性: data/workshop_content/3457003463/mods/Caster Plus - Realistic/42/media
  --> 路径有效！将使用此路径进行处理: data/workshop_content/3457003463/mods/Caster Plus - Realistic/42/media

--- 预加载 EN (L1) 数据 ---
  -> 扫描目录: data/workshop_content/3457003463/mods/Caster Plus - Realistic/42/media/lua/shared/Translate/EN
     -> 在 'ItemName_EN.txt' 中找到 63 个键。
     -> 在 'Moveables_EN.txt' 中找到 36 个键。
     -> 在 'Recipes_EN.txt' 中找到 37 个键。
     -> 在 'Tooltip_EN.txt' 中找到 9 个键。
预加载完成: 找到 145 个本地 EN 键。

--- 阶段 1: 扫描 Scripts (L0) ---
  -> 处理: items/items_zitcaster_fish.txt
     -> 新增: 14 个 Item
  -> 处理: items/items_zitcaster_materials.txt
     -> 新增: 21 个 Item
  -> 处理: items/items_zitcaster_rods.txt
     -> 新增: 4 个 Item
  -> 处理: models_zitcaster_fish.txt
  -> 处理: models_zitcaster_items_materials.txt
  -> 处理: models_zitcaster_rods.txt
  -> 处理: moveables/moveables_zitcaster.txt
     -> 新增: 36 个 Item
  -> 处理: recipes/recipes_zitcaster.txt
阶段 1 完成: 从 scripts 新生成了 75 条数据。

--- 阶段 2: 合并 L0 与 L1 后，纯净英文基准总计: 220 条数据。---
  -> 扫描目录: data/workshop_content/3457003463/mods/Caster Plus - Realistic/42/media/lua/shared/Translate/CN
     -> 在 'ItemName_CN.txt' 中找到 63 个键。
     -> 在 'Moveables_CN.txt' 中找到 36 个键。
     -> 在 'Recipes_CN.txt' 中找到 37 个键。
     -> 在 'Tooltip_CN.txt' 中找到 9 个键。

--- 阶段 3: 从 CN 目录加载了 145 条数据。---

--- 正在为 Mod 'Caster_Plus' 生成输出文件 ---
    - 最终合并 (output.txt): 244 条
    - 纯净英文 (EN_output.txt): 244 条
    - 纯净中文 (CN_output.txt): 145 条
    - 英文待办 (en_todo.txt): 99 条 (增量)
    - 中文独有 (cn_only.txt): 0 条 (增量)
    -> 正在尝试从 Git 历史记录中获取旧版本: data/output_files/Caster_Plus_3457003463/EN_todo.txt
      --> 成功找到旧版本。
     -> 在 'EN_todo.txt (旧版本)' 中找到 99 个键。

处理成功！所有输出文件已保存在 'Caster_Plus_3457003463' 文件夹中。
    -> [内存] 已为 Mod 3457003463 记录 Commit SHA: 2242fab
