

========================= 开始处理 Workshop ID: 3412969115 (Chinesecuisine) =========================

--- 正在检查已完成的翻译于: data/completed_files/3412969115/en_completed.txt ---
     -> 在 'en_completed.txt' 中找到 131 个键。

--- 正在检查待排除的键于: data/completed_files/3412969115/exclusion_list.txt ---
  -> 排除列表文件 'exclusion_list.txt' 不存在，跳过。

-------------------- 处理子模组: Chinesecuisine --------------------

--- 正在为 'Chinesecuisine' 动态查找 'media' 文件夹 ---
  -> 发现版本目录: 42
  -> 正在检查路径的有效性: data/workshop_content/3412969115/mods/Chinesecuisine/42/media
  --> 路径有效！将使用此路径进行处理: data/workshop_content/3412969115/mods/Chinesecuisine/42/media

--- 预加载 EN (L1) 数据 ---
预加载完成: 找到 0 个本地 EN 键。

--- 阶段 1: 扫描 Scripts (L0) ---
  -> 处理: Chinesecuisine_fluids_brewing.txt
  -> 处理: Chinesecuisine_fluids_drink.txt
  -> 处理: Chinesecuisine_fluids_jiu.txt
  -> 处理: Chinesecuisine_fluids_you.txt
  -> 处理: Chinesecuisine_sounds.txt
  -> 处理: StaticModels_Chinesecuisine.txt
  -> 处理: entities/agricultural/entity_changfen.txt
     -> 新增: 4 个 Recipe
  -> 处理: entities/agricultural/feiben_Largejuicer.txt
     -> 新增: 10 个 Recipe
  -> 处理: entities/agricultural/feiben_furniture.txt
     -> 新增: 1 个 Recipe
  -> 处理: entities/agricultural/feiben_guolvqi.txt
     -> 新增: 10 个 Recipe
  -> 处理: items/Chinesecuisine.txt
  -> 处理: items/Chinesecuisine_book.txt
  -> 处理: items/Chinesecuisine_brewing.txt
  -> 处理: items/Chinesecuisine_cigarette.txt
  -> 处理: items/Chinesecuisine_food_drink.txt
  -> 处理: items/Chinesecuisine_food_fruit.txt
  -> 处理: items/Chinesecuisine_food_jiu.txt
  -> 处理: items/Chinesecuisine_food_meat.txt
  -> 处理: items/Chinesecuisine_food_peiliao.txt
  -> 处理: items/Chinesecuisine_food_snack.txt
  -> 处理: items/FB_ietm_Normal.txt
  -> 处理: items/FB_ietm_seed.txt
  -> 处理: items/FB_ietm_vegetable.txt
  -> 处理: recipes/Chinesecuisine_recipes.txt
     -> 新增: 18 个 Recipe
  -> 处理: recipes/FB_Material.txt
     -> 新增: 2 个 Recipe
  -> 处理: recipes/FB_cigarette.txt
     -> 新增: 36 个 Recipe
  -> 处理: recipes/FB_diaoke.txt
     -> 新增: 2 个 Recipe
  -> 处理: recipes/FB_farming.txt
     -> 新增: 16 个 Recipe
  -> 处理: recipes/FB_open.txt
     -> 新增: 36 个 Recipe
  -> 处理: recipes/FB_qiecai.txt
     -> 新增: 10 个 Recipe
  -> 处理: recipes/feiben_brewing_craftRecipe.txt
     -> 新增: 20 个 Recipe
阶段 1 完成: 从 scripts 新生成了 165 条数据。

--- 阶段 2: 合并 L0 与 L1 后，纯净英文基准总计: 165 条数据。---
  -> 扫描目录: data/workshop_content/3412969115/mods/Chinesecuisine/42/media/lua/shared/Translate/CN
     -> 在 'ContextMenu_CN.txt' 中找到 1 个键。
     -> 在 'Farming_CN.txt' 中找到 16 个键。
     -> 在 'Fluids_CN.txt' 中找到 83 个键。
     -> 在 'IG_UI_CN.txt' 中找到 57 个键。
     -> 在 'ItemName_CN.txt' 中找到 306 个键。
     -> 在 'Moveables_CN.txt' 中找到 2 个键。
     -> 在 'Recipes_CN.txt' 中找到 7 个键。
     -> 在 'Sandbox_CN.txt' 中找到 73 个键。
     -> 在 'Tooltip_CN.txt' 中找到 15 个键。
     -> 在 'UI_CN.txt' 中找到 6 个键。

--- 阶段 3: 从 CN 目录加载了 566 条数据。---

--- 已为 Mod ID 3412969115 更新 729 条键来源映射 ---

--- 正在为 Mod 'Chinesecuisine' 生成输出文件 ---
    - 最终合并 (output.txt): 729 条
    - 纯净英文 (EN_output.txt): 165 条
    - 纯净中文 (CN_output.txt): 566 条
    - 英文待办 (en_todo.txt): 47 条 (增量)
    - 中文独有 (cn_only.txt): 564 条 (增量)
    -> 正在尝试从 Git 历史记录中获取旧版本: data/output_files/Chinesecuisine_3412969115/EN_todo.txt
      --> 成功找到旧版本。
     -> 在 'EN_todo.txt (旧版本)' 中找到 0 个键。
    -> 检测到内容变更。新增: 47, 移除: 0

处理成功！所有输出文件已保存在 'Chinesecuisine_3412969115' 文件夹中。
    -> [内存] 已为 Mod 3412969115 记录 Commit SHA: d497974
