

========================= 开始处理 Workshop ID: 2875848298 (CommonSense) =========================

--- 正在检查已完成的翻译于: data/completed_files/2875848298/en_completed.txt ---
     -> 在 'en_completed.txt' 中找到 47 个键。

-------------------- 处理子模组: CommonSense --------------------

--- 正在为 'CommonSense' 动态查找 'media' 文件夹 ---
  -> 发现版本目录: 42.0
  -> 正在检查路径的有效性: data/workshop_content/2875848298/mods/CommonSense/42.0/media
  --> 路径有效！将使用此路径进行处理: data/workshop_content/2875848298/mods/CommonSense/42.0/media

--- 预加载 EN (L1) 数据 ---
  -> 扫描目录: data/workshop_content/2875848298/mods/CommonSense/42.0/media/lua/shared/Translate/EN
     -> 在 '!TranslationNotes_EN.txt' 中找到 0 个键。
     -> 在 'ContextMenu_EN.txt' 中找到 5 个键。
     -> 在 'IG_UI_EN.txt' 中找到 1 个键。
     -> 在 'Recipes_EN.txt' 中找到 2 个键。
     -> 在 'Sandbox_EN.txt' 中找到 33 个键。
     -> 在 'Tooltip_EN.txt' 中找到 4 个键。
预加载完成: 找到 45 个本地 EN 键。

--- 阶段 1: 扫描 Scripts (L0) ---
  -> 处理: CS_Sounds.txt
  -> 处理: CS_fixing.txt
  -> 处理: CS_recipes.txt
     -> 新增: 2 个 Recipe
阶段 1 完成: 从 scripts 新生成了 2 条数据。

--- 阶段 2: 合并 L0 与 L1 后，纯净英文基准总计: 47 条数据。---
  -> 扫描目录: data/workshop_content/2875848298/mods/CommonSense/42.0/media/lua/shared/Translate/CN
     -> 在 '!TranslationNotes_CN.txt' 中找到 0 个键。
     -> 在 'ContextMenu_CN.txt' 中找到 5 个键。
     -> 在 'IG_UI_CN.txt' 中找到 1 个键。
     -> 在 'Recipes_CN.txt' 中找到 2 个键。
     -> 在 'Sandbox_CN.txt' 中找到 33 个键。
     -> 在 'Tooltip_CN.txt' 中找到 0 个键。

--- 阶段 3: 从 CN 目录加载了 41 条数据。---

--- 已为 Mod ID 2875848298 更新 47 条键来源映射 ---

--- 正在为 Mod 'CommonSense' 生成输出文件 ---
    - 最终合并 (output.txt): 47 条
    - 纯净英文 (EN_output.txt): 47 条
    - 纯净中文 (CN_output.txt): 41 条
    - 英文待办 (en_todo.txt): 0 条 (增量)
    - 中文独有 (cn_only.txt): 0 条 (增量)
    -> 正在尝试从 Git 历史记录中获取旧版本: data/output_files/CommonSense_2875848298/EN_todo.txt
      --> 成功找到旧版本。
    处理文件 EN_todo.txt (旧版本) 时发生错误: 'StringPath' object has no attribute 'stem'
     -> 在 'EN_todo.txt (旧版本)' 中找到 0 个键。

处理成功！所有输出文件已保存在 'CommonSense_2875848298' 文件夹中。
    -> [内存] 已为 Mod 2875848298 记录 Commit SHA: 41d452f
