

========================= 开始处理 Workshop ID: 3480990544 (Constown) =========================

--- 正在检查已完成的翻译于: data/completed_files/3480990544/en_completed.txt ---
     -> 在 'en_completed.txt' 中找到 125 个键。

-------------------- 处理子模组: Constown --------------------

--- 正在为 'Constown' 动态查找 'media' 文件夹 ---
  -> 正在检查路径的有效性: data/workshop_content/3480990544/mods/Constown/common/media
  --> 路径有效！将使用此路径进行处理: data/workshop_content/3480990544/mods/Constown/common/media

--- 预加载 EN (L1) 数据 ---
  -> 扫描目录: data/workshop_content/3480990544/mods/Constown/common/media/lua/shared/Translate/EN
预加载完成: 找到 0 个本地 EN 键。

--- 阶段 1: 扫描 Scripts (L0) ---
  -> 警告：未找到 Scripts 目录，跳过。
阶段 1 完成: 从 scripts 新生成了 0 条数据。

--- 阶段 2: 合并 L0 与 L1 后，纯净英文基准总计: 0 条数据。---

--- 阶段 3: 从 CN 目录加载了 0 条数据。---

--- 正在为 Mod 'Constown' 生成输出文件 ---
    - 最终合并 (output.txt): 0 条
    - 纯净英文 (EN_output.txt): 0 条
    - 纯净中文 (CN_output.txt): 0 条
    - 英文待办 (en_todo.txt): 0 条 (增量)
    - 中文独有 (cn_only.txt): 0 条 (增量)
    -> 正在尝试从 Git 历史记录中获取旧版本: data/output_files/Constown_3480990544/EN_todo.txt
      --> 在 Git 历史记录中未找到该文件，视为全新。

处理成功！所有输出文件已保存在 'Constown_3480990544' 文件夹中。
    -> [内存] 已为 Mod 3480990544 记录 Commit SHA: 2242fab
