

========================= 开始处理 Workshop ID: 3583266047 (DaihatsuHijetTruck) =========================

--- 正在检查已完成的翻译于: data/completed_files/3583266047/en_completed.txt ---
     -> 在 'en_completed.txt' 中找到 11 个键。

--- 正在检查待排除的键于: data/completed_files/3583266047/exclusion_list.txt ---
  -> 排除列表文件 'exclusion_list.txt' 不存在，跳过。

-------------------- 处理子模组: DaihatsuHijetTruck --------------------

--- 正在为 'DaihatsuHijetTruck' 动态查找 'media' 文件夹 ---
  -> 发现版本目录: 42.0
  -> 正在检查路径的有效性: data/workshop_content/3583266047/mods/DaihatsuHijetTruck/42.0/media
  --> 路径有效！将使用此路径进行处理: data/workshop_content/3583266047/mods/DaihatsuHijetTruck/42.0/media

--- 预加载 EN (L1) 数据 ---
  -> 扫描目录: data/workshop_content/3583266047/mods/DaihatsuHijetTruck/42.0/media/lua/shared/Translate/EN
     -> 在 'IG_UI_EN.txt' 中找到 12 个键。
预加载完成: 找到 12 个本地 EN 键。

--- 阶段 1: 扫描 Scripts (L0) ---
  -> 处理: vehicles/hijet100p.txt
  -> 处理: vehicles/hijet100pJDM.txt
  -> 处理: vehicles/hijet100pJDMTurbo.txt
  -> 处理: vehicles/template_hijet100pJDM_accesories.txt
  -> 处理: vehicles/template_hijet100pJDM_armor.txt
  -> 处理: vehicles/template_hijet100pJDM_bumpers.txt
  -> 处理: vehicles/template_hijet100pJDM_doors.txt
  -> 处理: vehicles/template_hijet100pJDM_hood.txt
  -> 处理: vehicles/template_hijet100pJDM_seats.txt
  -> 处理: vehicles/template_hijet100pJDM_trunkdoor.txt
  -> 处理: vehicles/template_hijet100pJDM_trunks.txt
  -> 处理: vehicles/template_hijet100pJDM_windows.txt
  -> 处理: vehicles/template_hijet100pJDM_windshields.txt
  -> 处理: vehicles/template_hijet100p_accesories.txt
  -> 处理: vehicles/template_hijet100p_armor.txt
  -> 处理: vehicles/template_hijet100p_bumpers.txt
  -> 处理: vehicles/template_hijet100p_doors.txt
  -> 处理: vehicles/template_hijet100p_hood.txt
  -> 处理: vehicles/template_hijet100p_seats.txt
  -> 处理: vehicles/template_hijet100p_trunkdoor.txt
  -> 处理: vehicles/template_hijet100p_trunks.txt
  -> 处理: vehicles/template_hijet100p_windows.txt
  -> 处理: vehicles/template_hijet100p_windshields.txt
阶段 1 完成: 从 scripts 新生成了 0 条数据。

--- 阶段 2: 合并 L0 与 L1 后，纯净英文基准总计: 12 条数据。---

--- 阶段 3: 从 CN 目录加载了 0 条数据。---

--- 已为 Mod ID 3583266047 更新 12 条键来源映射 ---

--- 正在为 Mod 'DaihatsuHijetTruck' 生成输出文件 ---
    - 最终合并 (output.txt): 12 条
    - 纯净英文 (EN_output.txt): 12 条
    - 纯净中文 (CN_output.txt): 0 条
    - 英文待办 (en_todo.txt): 2 条 (增量)
    - 中文独有 (cn_only.txt): 0 条 (增量)
    - 冲突键 (conflict_keys.txt): 0 条
    -> 正在尝试从 Git 历史记录中获取旧版本: data/output_files/DaihatsuHijetTruck_3583266047/EN_todo.txt
      --> 成功找到旧版本。
     -> 在 'EN_todo.txt (旧版本)' 中找到 2 个键。

处理成功！所有输出文件已保存在 'DaihatsuHijetTruck_3583266047' 文件夹中。
    -> [内存] 已为 Mod 3583266047 记录 Commit SHA: e2990b2

--- 所有模组处理循环结束，正在保存最终运行状态 ---

--- 应用正则表达式来源覆盖规则 ---
成功加载 6 条正则表达式规则。
  -> 规则 #4 ('^PZKMZ_Recipes$...') 匹配并更新了 1 个键。
成功通过正则表达式规则更新了 1 个键的来源。
全局键来源映射已成功保存到: translation_utils/key_source_map.json

增量更新日志已记录到: data/logs/update_log.json

--- 所有模组处理完毕，开始执行后处理脚本 ---
后处理脚本输出:

后处理脚本错误输出:
--- 以【清理模式】运行 ---

--- 阶段一：扫描文件并增量更新全局索引 ---
  -> 检测到变更: Militek_Clothing_3269061047
  -> 检测到变更: Perts_Party_Tiles_2837923608
  -> 检测到变更: Frockin_Wiseguys_3538760023
  -> 检测到变更: KickScooter_3453879909
  -> 检测到变更: Moats_3550032314
  -> 检测到变更: Minimal_Display_Bars_Nutritions_B42_3388844542
  -> 检测到变更: 84mercW460_2805630347
  -> 检测到变更: fhqwhgads'_Motorious_Zone_2791656602
  -> 检测到变更: HF_PointBlankMod_2990322197
  -> 检测到变更: AmmoMaker_2788256295
  -> 检测到变更: [B42]_Mod_Manager_3567084868
  -> 检测到变更: Draw_On_Map_2804531012
  -> 检测到变更: 99fordCVPI_2971246021
  -> 检测到变更: FunctionalGutters_3439305933
  -> 检测到变更: IndustrialRevolutionVehicleParts_3404745035
  -> 检测到变更: SixthSense_2863908612
  -> 检测到变更: AllinOneBackpackingShelter_3417917173
  -> 检测到变更: 66pontiacLeMans_3447272250
  -> 检测到变更: 88toyotaHilux_3435796523
  -> 检测到变更: ChainToChain_3413713793
  -> 检测到变更: FWO_Fitness_Workout_Overhaul_2940354599
  -> 检测到变更: B42Eggjar_3444384263
  -> 检测到变更: TrueSmoking_3423984426
  -> 检测到变更: throw-your-bag-across_3391902125
  -> 检测到变更: P4StealthCamo_2762398967
  -> 检测到变更: [J&G]_XKU_Uniform_3276134387
  -> 检测到变更: ModLoadOrderSorter_b42_3423660713
  -> 检测到变更: PZ_BodilyFunctions_3396456841
  -> 检测到变更: 82jeepJ10_2886832257
  -> 检测到变更: Pokit_Paradigm_3476595954
  -> 检测到变更: Detailed_Skill_Tooltips_3572846242
  -> 检测到变更: ClearingTime_1926311864
  -> 检测到变更: AutoTailoring_3388183573
  -> 检测到变更: CrowbarUnlock_3555407625
  -> 检测到变更: ARTR_RFGP_3397215647
  -> 检测到变更: organizedCategoriesCore_3370707195
  -> 检测到变更: [J&G]_Neon_Vandals_Uniform_3497172953
  -> 检测到变更: EasySpareMagazineReload_3390014923
  -> 检测到变更: toppling-zombies_3425038705
  -> 检测到变更: B42_Sledgehammers_in_Tool_Stores_3418793133
  -> 检测到变更: DivisionBackpack_3391306957
  -> 检测到变更: PZ-ClothingUI_2695471997
  -> 检测到变更: MoreDescriptionForTraits4166_2685168362
  -> 检测到变更: Tatrapan_3402789975
  -> 检测到变更: aliceSvanillaDuffelBag_2959854619
  -> 检测到变更: 80manKat1_3248388837
  -> 检测到变更: Willowbrook_Bastion!_(items_part)_3479667649
  -> 检测到变更: CustomWeight_3391228479
  -> 检测到变更: Navigation_3416036048
  -> 检测到变更: No_Stress_Chopping_3460704724
  -> 检测到变更: True_Crawl_B42_3410989950
  -> 检测到变更: ReactiveSoundEvents_2969551071
  -> 检测到变更: Operator_3452171674
  -> 检测到变更: USMilitaryPack_612100872
  -> 检测到变更: BanditsWeekOne_3403180543
  -> 检测到变更: Tactical_Weapons_2324223029
  -> 检测到变更: BM_Super_Speed_Settings_3440221534
  -> 检测到变更: Night_Vision_3470491629
  -> 检测到变更: Tomb's_Player_Body_3429790870
  -> 检测到变更: BonusExp_3413610665
  -> 检测到变更: Nep_High_Beams_3438126404
  -> 检测到变更: BetterSorting-42_3413005308
  -> 检测到变更: JokeCustomisation_3415451174
  -> 检测到变更: INeedMoreStyle_CE_2861393067
  -> 检测到变更: 70barracuda_2913633066
  -> 检测到变更: FRUsedCarsAnimAlpha_2959472220
  -> 检测到变更: InnaWoodsSurvival_3404876149
  -> 检测到变更: Boots_Expanded_2850935956
  -> 检测到变更: [B42]_JunkFoodsPH_3390901679
  -> 检测到变更: RepairableWindows_3378304610
  -> 检测到变更: KATTAJ1_Clothes_Core_3470422050
  -> 检测到变更: FRAcceptableGunsDemo_3554570236
  -> 检测到变更: SoulFilchersBeautifyngTime_2425267353
  -> 检测到变更: TheyAreWatching_3559704439
  -> 检测到变更: SpearTraps_2640351732
  -> 检测到变更: modPROJECTRVInterior_3543229299
  -> 检测到变更: 49powerWagon_2900580391
  -> 检测到变更: WarThunderVehicleLibrary_3399660368
  -> 检测到变更: MinimapStyleOptions_3526517370
  -> 检测到变更: FunctionalAppliances2_3042138819
  -> 检测到变更: KnoxEventExpanded_3397396843
  -> 检测到变更: 87chevySuburban_3196180339
  -> 检测到变更: PipBoy3000_-_Main_3461031530
  -> 检测到变更: PompsItems_2752664795
  -> 检测到变更: MilitaryPonchosRELOADED_3439247001
  -> 检测到变更: lgd_antibodies_2392676812
  -> 检测到变更: Ducks_3409153536
  -> 检测到变更: GydeTraitMagazines_3342191739
  -> 检测到变更: P4MedicalMeister_3173649443
  -> 检测到变更: AmmoLootDropB42_3389050623
  -> 检测到变更: LegendaryDuffelbag_3558839307
  -> 检测到变更: 87fordB700_3110911330
  -> 检测到变更: DivisionWatch42_3391186580
  -> 检测到变更: TheBestLockpicking_3440867775
  -> 检测到变更: Improved_Farming_Info_Window_3470852353
  -> 检测到变更: InspectWeapon_2948824747
  -> 检测到变更: FactoryPieces_3399263137
  -> 检测到变更: RechargeableBatteries_3385623534
  -> 检测到变更: 93fordTaurus_3088951320
  -> 检测到变更: [J&G]_Desert_Multicam_Uniform_3299457564
  -> 检测到变更: Generator_Streetlights_Restored_3578735933
  -> 检测到变更: 86chevyCUCV_3428008364
  -> 检测到变更: MiniHealthPanel_2866258937
  -> 检测到变更: VSMRSpongie_3415572170
  -> 检测到变更: Dynamic-Traits-main_2459400130
  -> 检测到变更: P4AlarmSyndrome_3409527910
  -> 检测到变更: FancyLanterns_3267733558
  -> 检测到变更: [J&G]_SWAT_Uniform_3457969588
  -> 检测到变更: B42PackMule_3540903327
  -> 检测到变更: MakeCharcoal_3392674521
  -> 检测到变更: SapphCookingB42_3409143790
  -> 检测到变更: damnlib_3171167894
  -> 检测到变更: P4SoundScouter_3366600816
  -> 检测到变更: ShowSowingSeasonInSeedTooltip_3404461962
  -> 检测到变更: ChangeSandboxOpt_2894296454
  -> 检测到变更: 89fordBronco_2886833398
  -> 检测到变更: Sit_On_The_Key_Mod_3468159865
  -> 检测到变更: ToughnessSkill_3545533939
  -> 检测到变更: HybridGunRepair_3562222835
  -> 检测到变更: Modern_&_Historical_Firearms_Bundle_3383901556
  -> 检测到变更: [B42]_Wallet_Fix_3400142576
  -> 检测到变更: 93fordF350_3073430075
  -> 检测到变更: TheBeginning_CDDA_3461117277
  -> 检测到变更: B42Mushroomjar_3416833689
  -> 检测到变更: Simple_Show_XP_2891170430
  -> 检测到变更: TwisTonFire_-_dude_where_is_my_car_3576268735
  -> 检测到变更: 90fordF350ambulance_2952802178
  -> 检测到变更: isoContainers_2625625421
  -> 检测到变更: 4ColourBicPen_3400983311
  -> 检测到变更: 68firebird_3258343790
  -> 检测到变更: Frockin_Splendor!_3307376332
  -> 检测到变更: LSMC_3199474685
  -> 检测到变更: TheStar_3412262177
  -> 检测到变更: P4Excalibolg_3070446764
  -> 检测到变更: [J&G]_Trauma_Responder_Uniform_3443982326
  -> 检测到变更: RedDays_3516166810
  -> 检测到变更: doorsHaveAChance_3041602364
  -> 检测到变更: newcontainers_B42_3535295548
  -> 检测到变更: IndustrialRevolution_3400131934
  -> 检测到变更: MoreWoodcharcoalBurnables_3425726710
  -> 检测到变更: 86fordE150_2870394916
  -> 检测到变更: Ladders_2737665235
  -> 检测到变更: U.S._M113_APC_by_Papa_Chad_2705655822
  -> 检测到变更: Willowbrook_Bastion!_3479667649
  -> 检测到变更: 90bmwE30_3110913021
  -> 检测到变更: Yaki's_Hair_Salon_-_BASE_2761200458
  -> 检测到变更: 92amgeneralM998_2642541073
  -> 检测到变更: [B42]_Malwart_Plain_Moodles_3394582336
  -> 检测到变更: DrivingSkill_[B42]_3407791878
  -> 检测到变更: HydeCoUnlimitedCars_3438759949
  -> 检测到变更: TLOUClothingConnected_3348036710
  -> 检测到变更: ComidaBR_3469279808
  -> 检测到变更: Frockin_Splendor!_Vol.2_3411888105
  -> 检测到变更: 001_invqol_3394402683
  -> 检测到变更: BanditsAddOptions_3412682512
  -> 检测到变更: B42Hemp&Tobacco_3404563567
  -> 检测到变更: wandering-zombies_2983905789
  -> 检测到变更: 69camaro_2991201484
  -> 检测到变更: U.S._M998_Humvee_by_Papa_Chad_3554424111
  -> 检测到变更: PompsItemsFood_2792348686
  -> 检测到变更: ImmersiveSuicide_3426448380
  -> 检测到变更: DrugMod_2900366269
  -> 检测到变更: Random_Airdrops_3282789883
  -> 检测到变更: 65banshee_3566868353
  -> 检测到变更: 87buickRegal_3226885926
  -> 检测到变更: BCGRareWeapons_2432621382
  -> 检测到变更: ATA_Jeep_3407042038
  -> 检测到变更: AmmoConverterB42_3388844065
  -> 检测到变更: TrapManager_3566766862
  -> 检测到变更: Caster_Plus_3457003463
  -> 检测到变更: 90pierceArrow_2942793445
  -> 检测到变更: 70dodge_2873290424
  -> 检测到变更: Spongie_Hair_2463184726
  -> 检测到变更: TrustyFireAxe_3400045232
  -> 检测到变更: pogoclothing_mod_3058134369
  -> 检测到变更: Project_Summer_Car_3564950449
  -> 检测到变更: RollBack_Rain_Collector_Barrel_3392186516
  -> 检测到变更: 86oshkoshP19A_2566953935
  -> 检测到变更: 815Tatra_3404869345
  -> 检测到变更: U.S._M548_Cargo_Carrier_by_Papa_Chad_3424497614
  -> 检测到变更: Frockin_Splendor!_Vol.3_3431256608
  -> 检测到变更: PaniqeurTrait_3393305357
  -> 检测到变更: Zombies_Congelados_TWD_B42_3426132882
  -> 检测到变更: PlaidSherryDress_3419265871
  -> 检测到变更: LastPushTrait_3028253067
  -> 检测到变更: CarHeaterSoundSystem_3543941897
  -> 检测到变更: EmergencyTVChannel_3409272479
  -> 检测到变更: Erikas_Furniture_Store_3363546437
  -> 检测到变更: 93townCar_2932547723
  -> 检测到变更: B42SandboxOptions_3386906181
  -> 检测到变更: Spiffomon42_3522453285
  -> 检测到变更: UH-1BHelicopter_3409723807
  -> 检测到变更: WeldingTorchBalanced_3429392198
  -> 检测到变更: EssentialRecipes_3401825906
  -> 检测到变更: Vanilla_Gear_Expanded_3401134276
  -> 检测到变更: Nep_Slower_Discomfort_3403721633
  -> 检测到变更: P4Decoholic_3197857648
  -> 检测到变更: BLTRandomZombies_2818577583
  -> 检测到变更: RandomClothing_3397182976
  -> 检测到变更: Cerberus_Pack_3470478700
  -> 检测到变更: SurvivingThroughSeasons_2753086629
  -> 检测到变更: STA_PryOpen_3579640010
  -> 检测到变更: LegendaryKatana_3418366499
  -> 检测到变更: WhatCanICraftAddon_3392356751
  -> 检测到变更: OpenAllContainers_3465040406
  -> 检测到变更: tsarslib_3402491515
  -> 检测到变更: LockInteriors_3435709471
  -> 检测到变更: CombatTraits_3427091746
  -> 检测到变更: Dummy_Fluid_Mod_3405131820
  -> 检测到变更: B42_PZLinux_3414468585
  -> 检测到变更: attach-bag-to-sheet-rope_3504700167
  -> 检测到变更: BringOutYourDead_3415416226
  -> 检测到变更: MWPWeapons_2732407704
  -> 检测到变更: MakeGunpowder_3392188086
  -> 检测到变更: Energy_Drinks_2674541310
  -> 检测到变更: NiksHairstyles_3401996053
  -> 检测到变更: BasicVan_3459200930
  -> 检测到变更: Vehicle_Military_Zone_3436499337
  -> 检测到变更: MoodleFramework_2859296947
  -> 检测到变更: BravensAchievements_3051277957
  -> 检测到变更: 67commando_2478247379
  -> 检测到变更: ExtraMoney_3462306255
  -> 检测到变更: 91geoMetro_3008795514
  -> 检测到变更: FireResistence_2863836591
  -> 检测到变更: Expanded_Professions_3440958051
  -> 检测到变更: Lynx_Pack_3470485566
  -> 检测到变更: 04vwTouran_3478633453
  -> 检测到变更: InjuryIndicator_3565698092
  -> 检测到变更: EfficiencySkillMod_3374408921
  -> 检测到变更: Tomb's_Goth_Hair_3531765630
  -> 检测到变更: DaihatsuHijetTruck_3583266047
  -> 检测到变更: TraitsPurchaseSystem_3211693903
  -> 检测到变更: CharacterSave_2673317083
  -> 检测到变更: WaterGoesBad_2849467715
  -> 检测到变更: P4HasBeenRead_2544353492
  -> 检测到变更: 89trooper_2932549988
  -> 检测到变更: TimeDecreasesCarCondition_3448375286
  -> 检测到变更: PompsItemsPlushies_2792387747
  -> 检测到变更: SmartHutch_3556857572
  -> 检测到变更: Mad_Crafter_3418701509
  -> 检测到变更: TrueMusicJukebox_3398874593
  -> 检测到变更: 75grandPrix_3213391371
  -> 检测到变更: MoneyFromCreditCard_3428650803
  -> 检测到变更: 63Type2Van_3041122351
  -> 检测到变更: A&M_New_Frontier_3387569160
  -> 检测到变更: Support_Goods_-_MyAlcohol_3510863962
  -> 检测到变更: Fridges_Off!_2853974107
  -> 检测到变更: Realistic_Car_Physics_3559765660
  -> 检测到变更: SpongieCharacterCustomisation_3414634809
  -> 检测到变更: More_Car_Features_+_Spawn_Zones_Expansion_3520758551
  -> 检测到变更: LowConditionGuns_3579180724
  -> 检测到变更: Immersive_Lore_3000924731
  -> 检测到变更: extendedBatteryLife_3387462212
  -> 检测到变更: Vanilla_MRE_-_Crafting_Recipe_-_B41_3100032203
  -> 检测到变更: B42Makedriedvegetable_3418061837
  -> 检测到变更: NoMoreSicknessInsideVehicle_3405033818
  -> 检测到变更: ScavengingSkill_[B42]_3407792640
  -> 检测到变更: Nep_Dismantle_Any_Car_3428369137
  -> 检测到变更: 59_Cadillac_Miller-Meteor_2772575623
  -> 检测到变更: collapsibleladder_3438123707
  -> 检测到变更: I_Don't_Need_A_Lighter_2714198296
  -> 检测到变更: PZKExtendedzones_3217685049
  -> 检测到变更: BloodlustTrait_3027121498
  -> 检测到变更: KillCount_2553809727
  -> 检测到变更: 76chevyKseries_3161951724
  -> 检测到变更: Clipboard_3387382165
  -> 检测到变更: FWO_Treadmill_&_BenchPress_2940354599
  -> 检测到变更: P4PumpPury_2890440427
  -> 检测到变更: StandardizedVehicleUpgrades3Core_3403490889
  -> 检测到变更: BoneScavenger_3399292171
  -> 检测到变更: NCR_-_Trooper_Pack_3508243687
  -> 检测到变更: ExploringTime_2244879881
  -> 检测到变更: WaterPipes_3546314080
  -> 检测到变更: SewingWorkbranch_3555588616
  -> 检测到变更: FirstAidVHSTapes_3153010942
  -> 检测到变更: Night_Vision_3383603346
  -> 检测到变更: Buildables_Expansion_3463117260
  -> 检测到变更: 73fordFalcon_3490370700
  -> 检测到变更: Support_Corps_3409836763
  -> 检测到变更: [J&G]_Alpine_Multicam_Uniform_3303746488
  -> 检测到变更: pzhotbar42_3396010813
  -> 检测到变更: SafeLogin_2876897619
  -> 检测到变更: HybridMeleeRepair_3569031613
  -> 检测到变更: WashingMenusImproved_3460812542
  -> 检测到变更: ModName_3406392630
  -> 检测到变更: IndustrialRevolutionGenericAddOn_3359867059
  -> 检测到变更: ClothingLine_3282215361
  -> 检测到变更: Farming_Wiki_3473886171
  -> 检测到变更: Car_Parts_Repair_Mod_3281301960
  -> 检测到变更: MyFavoriteJobs_3508005481
  -> 检测到变更: HandCrankFlashlights_2897115343
  -> 检测到变更: [B42]_Moodle_Descriptions_Expanded_3389003300
  -> 检测到变更: CytU1550L_2843855721
  -> 检测到变更: BarricadesHurtZombies_3402208866
  -> 检测到变更: Customizable_Containers_2719850086
  -> 检测到变更: RebalancedYieldsButchering_3564838872
  -> 检测到变更: ImmersiveSolarArrays_2969478819
  -> 检测到变更: BetterFPS_B42_3423115544
  -> 检测到变更: Skill_Recovery_Journal_2503622437
  -> 检测到变更: AutoLoot_3392699932
  -> 检测到变更: ATA_Petyarbuilt_3403314193
  -> 检测到变更: [J&G]_Caution_Uniform_3369825662
  -> 检测到变更: Outdoor_TIles_3430305726
  -> 检测到变更: Support_Corps_3512993822
  -> 检测到变更: cf_home_3522009163
  -> 检测到变更: RV_Life_3553635874
  -> 检测到变更: 93fordElgin_2969343830
  -> 检测到变更: Frockin_Shirts_n_Ties_3453676250
  -> 检测到变更: Realistic_Recipes_3540757743
  -> 检测到变更: SafeWayHamlet_3533315055
  -> 检测到变更: BathtowelsOverhaul_3416208765
  -> 检测到变更: 91nissan240sx_3504401781
  -> 检测到变更: LWBetterElectronics_2999183635
  -> 检测到变更: starving-zombies_3396867685
  -> 检测到变更: ProximityInventory_2847184718
  -> 检测到变更: PartySystem_3395761583
  -> 检测到变更: [J&G]_Firefighter_Uniform_3521263771
  -> 检测到变更: Tikitown_3037854728
  -> 检测到变更: Simple_Wall_Building_3429904483
  -> 检测到变更: Frockin_Splendor!_Vol.4_3475347500
  -> 检测到变更: RiskyUnarmed_3434796669
  -> 检测到变更: TableSaw_3540297822
  -> 检测到变更: Frogtown_3449473111
  -> 检测到变更: Map_Mod_Manager_3360392628
  -> 检测到变更: Evolving_Traits_World_2914075159
  -> 检测到变更: BabyAnimalFood_3422249642
  -> 检测到变更: BanditsCreator_3469292499
  -> 检测到变更: 85pontiacParisienne_3413706334
  -> 检测到变更: Spongie_Character_Retexture_-_Customisation_3340255334
  -> 检测到变更: Spongie_Clothing_2684285534
  -> 检测到变更: 1993VehicleLorePack_2809058492
  -> 检测到变更: TchernoLib_3389605231
  -> 检测到变更: SmartRadialMenu_3494108029
  -> 检测到变更: P4OnTheDoor_3056481712
  -> 检测到变更: Zombaroid_3519916139
  -> 检测到变更: MyOwnWell_3549290115
  -> 检测到变更: B42_[K]_Show_Wall_Health_3386498516
  -> 检测到变更: 93chevySuburban_3152529790
  -> 检测到变更: ZevonMedievalArmory_3540834058
  -> 检测到变更: ChristmasTime_2903870217
  -> 检测到变更: S4EcoPack_3480405054
  -> 检测到变更: 81deloreanDMC12_3253385114
  -> 检测到变更: 89defender_3570973322
  -> 检测到变更: HideVanillaReadIcon_2881764317
  -> 检测到变更: EatSmart_3456212729
  -> 检测到变更: SpongieOpenJackets_2812326159
  -> 检测到变更: [B42]_Pack_Pantry_3416584592
  -> 检测到变更: [B42]_ZuperCarts_-_Carts_&_Trolleys_(forked)_3433203442
  -> 检测到变更: More_immersive_vehicles_3162566044
  -> 检测到变更: RestoreUtilities_3409422147
  -> 检测到变更: Read_Book_Bypassing_Level_Restrictions_3319538177
  -> 检测到变更: Mexiox's_-_Mexican_Firearm_Weapons_2882852956
  -> 检测到变更: AutoMechanics_3387539308
  -> 检测到变更: [B42]_Intuitive_Crafting_3486217110
  -> 检测到变更: [B42]_Bag_Upgrade_Ultra_3407793320
  -> 检测到变更: ItemStoriesB42_3569303590
  -> 检测到变更: Guns93Test_3183820077
  -> 检测到变更: P4PrismPower_3235103558
  -> 检测到变更: School's_Out_-_Body_3404301631
  -> 检测到变更: ImmersivePreservationCanningJarring_3560836822
  -> 检测到变更: B42_Rain's_Axes_&_Blades_3388380529
  -> 检测到变更: DragBodiesFaster_50%_3393821407
  -> 检测到变更: fhqwhgads'_Hot_Pursuit_Pack_2841969842
  -> 检测到变更: EquipmentUI_2950902979
  -> 检测到变更: B42_Insect_Foraging_3437552077
  -> 检测到变更: BanditRelationship_3431259170
  -> 检测到变更: P4MySoCalledBag_2823166698
  -> 检测到变更: LegendarySatchel_3560352772
  -> 检测到变更: TheDivisionStuff_3479867929
  -> 检测到变更: MetalSpears_2927603127
  -> 检测到变更: B42_Rain's_Pack_Your_Loot_3490159683
  -> 检测到变更: Immersive_Roleplay_Professions_and_Traits_3387474156
  -> 检测到变更: 89volvo200_3292659291
  -> 检测到变更: eris_food_expiry_3392259028
  -> 检测到变更: fastrip_3414409419
  -> 检测到变更: WoodcuttingSkill_[B42]_3434440605
  -> 检测到变更: ShieldModeSecondaryHandEquip_3383001527
  -> 检测到变更: Gunpoint_Redemption_3078291265
  -> 检测到变更: 63beetle_3005903549
  -> 检测到变更: TetriZ_3486780625
  -> 检测到变更: WildFruits_2618566294
  -> 检测到变更: GWH_(B42)_3410972667
  -> 检测到变更: HephasOccupationsAndTraits_3256482412
  -> 检测到变更: Vanvival_3547444619
  -> 检测到变更: TowTruckMod_3446203945
  -> 检测到变更: Legend_Craft_Evolved_3432470769
  -> 检测到变更: More_Traits_1299328280
  -> 检测到变更: EFTBackpacks_3432928943
  -> 检测到变更: Infection_Scanner_3332296598
  -> 检测到变更: B42Makedriedfruit_3417502641
  -> 检测到变更: UseBeltAsWeapon_3339423397
  -> 检测到变更: rasProfessions_2675128168
  -> 检测到变更: P4ThiefExpansion_2596620950
  -> 检测到变更: AutoCook_3388721641
  -> 检测到变更: P4AddictedToWeight_2604943386
  -> 检测到变更: P4LoveAndPerfume_2842359380
  -> 检测到变更: Show_Weapon_Stats_Plus_3391710239
  -> 检测到变更: B42PackMule_3418366421
  -> 检测到变更: Vanilla_Clothing_Expansion_3421271152
  -> 检测到变更: ART_RFGP_3396542795
  -> 检测到变更: 97bushmaster_2897390033
  -> 检测到变更: beaniebabie_3575855907
  -> 检测到变更: 67gt500_3026723485
  -> 检测到变更: 89dodgeCaravan_3034636011
  -> 检测到变更: B42Survival_3402516345
  -> 检测到变更: UniversalGunRepair_2899457928
  -> 检测到变更: 85oldsmobileDelta88_3418253716
  -> 检测到变更: [B42]_Briefing_3565244378
  -> 检测到变更: Wolf_Extraction_Quest_2987772693
  -> 检测到变更: HaloArmor_3507919075
  -> 检测到变更: ArcherLib_3408337281
  -> 检测到变更: BirgetHeads_3439783176
  -> 检测到变更: Sector-7_Breach_3513107552
  -> 检测到变更: RestoreEngineQuality_3543612325
  -> 检测到变更: Check_Around_3300688173
  -> 检测到变更: BarefootMoodle_3435936144
  -> 检测到变更: I_Might_Need_A_Lighter_2883633728
  -> 检测到变更: GaussRifle_3429953336
  -> 检测到变更: B42_Rain's_Firearms_&_Gun_Parts_3387222454
  -> 检测到变更: Military_Tool_Kit_2705406713
  -> 检测到变更: 85buickLeSabre_3418252689
  -> 检测到变更: AxesRecrafting_2211423190
  -> 检测到变更: P4Excalibar_2868777243
  -> 检测到变更: PZKVanillaPlusCarPack_3217685049
  -> 检测到变更: HydeCoBees_3430224478
  -> 检测到变更: [J&G]_Black_Multicam_Uniform_3315302991
  -> 检测到变更: EasyDropnLoot_2871469707
  -> 检测到变更: TMRRemoveMumble_3100475013
  -> 检测到变更: StandardizedVehicleUpgrades3Vanilla_3304582091
  -> 检测到变更: Authentic_Z_-_Backpacks+_2335368829
  -> 检测到变更: BarricadedTrait_3031475005
  -> 检测到变更: Lifestyle_3403870858
  -> 检测到变更: [J&G]_Forest_Multicam_Uniform_3309971624
  -> 检测到变更: WeeezFarmAnimals_3434810293
  -> 检测到变更: Detailed_Descriptions_for_Occupations_and_Traits_3387957272
  -> 检测到变更: PWPNXB_3400528439
  -> 检测到变更: Headwear_Wont_Fall_3400293227
  -> 检测到变更: 88chevyS10_2886832936
  -> 检测到变更: KATTAJ1_Military_Pack_3470426196
  -> 检测到变更: Water_Filter_Straw_3418513380
  -> 检测到变更: 82firebird_3320947974
  -> 检测到变更: BWardrobe_3140453034
  -> 检测到变更: MarOccupations_3139034529
  -> 检测到变更: shortbladeoverhaul_3433660118
  -> 检测到变更: 92fordCVPI_2962175696
  -> 检测到变更: AutoExercise2_3435613327
  -> 检测到变更: Plumb_Helper+_3386961288
  -> 检测到变更: EasyLaundry_2925034918
  -> 检测到变更: Training_3417621776
  -> 检测到变更: Bicycle_3461415167
  -> 检测到变更: LethalStealth_3531611692
  -> 检测到变更: Farming_Expansion_3444499190
  -> 检测到变更: ProteinsMoodle_2859304462
  -> 检测到变更: TheyKnew_[B42]_3387110070
  -> 检测到变更: ExerciseWithCorpses_3404074048
  -> 检测到变更: Wallpapers_2999595757
  -> 检测到变更: Excavation_3392001801
  -> 检测到变更: CombatMasteringSkill_3435985650
  -> 检测到变更: Serving_plates_Build42_3399320470
  -> 检测到变更: [B42]_Bag_Upgrade_Plus_3403697073
  -> 检测到变更: Yaki's_BarberShop_2810471370
  -> 检测到变更: cdda_zombie_2749928925
  -> 检测到变更: ProcessScrapMetal_3392186364
  -> 检测到变更: ImperialChops_3465865657
  -> 检测到变更: 69mini_2937786633
  -> 检测到变更: 91fordRanger_3539691958
  -> 检测到变更: MoodleFramework_3396446795
  -> 检测到变更: WeatherMoodles_3565697910
  -> 检测到变更: The_Defiler_3492621786
  -> 检测到变更: CraftableMannequins_3054341059
  -> 检测到变更: [J&G]_Flecktarn_Uniform_3206579556
  -> 检测到变更: Nep_Capped_Stress_3460381012
  -> 检测到变更: Reaper's_Hair_&_Beard_3450583954
  -> 检测到变更: MeleeWeaponUpgrade_Easy_3394923321
  -> 检测到变更: 85chevyCaprice_3413704851
  -> 检测到变更: P4TidyUpMeister_2769706949
  -> 检测到变更: Mandarin's_Bedding_3431960478
  -> 检测到变更: MyCustomFirearm_3551139118
  -> 检测到变更: 92nissanGTR_2846036306
  -> 检测到变更: Advanced_Trajectory's_Realistic_Overhaul_3036878362
  -> 检测到变更: [B42]_Post_Apocalyptic_Weapons_3472334215
  -> 检测到变更: InventoryTetris_3397561666
  -> 检测到变更: ClothesBOX_2847911733
  -> 检测到变更: P4MySoCalledSnack_2877535263
  -> 检测到变更: HydeCoClay_3551124480
  -> 检测到变更: Firearms_2256623447
  -> 检测到变更: P4DriedFlower_2949777636
  -> 检测到变更: P4PickingMeister_3422220305
  -> 检测到变更: PFO_GUNRUNNER_3434691822
  -> 检测到变更: 78amgeneralM35A2_2799152995
  -> 检测到变更: Herbalist_2875059598
  -> 检测到变更: [B42]_Better_Flashlights_3420478458
  -> 检测到变更: LastOfUsHair_3025593219
  -> 检测到变更: Better_Generator_Info_3576056135
  -> 检测到变更: RaccoonCityB42_3388468313
  -> 检测到变更: 83amgeneralM923_2811383142
  -> 检测到变更: MoreItemInformation_3494474677
  -> 检测到变更: Adrenaline_2807001835
  -> 检测到变更: KeepPerkLevel_3314107094
  -> 检测到变更: Vehicle_Repair_Overhaul_2757712197
  -> 检测到变更: PocketKittens_3568029240
  -> 检测到变更: KnowYourCalories_3257953004
  -> 检测到变更: 87toyotaMR2_3052360250
  -> 检测到变更: TKS42_3389805754
  -> 检测到变更: NoirRifleSlings_3388107363
  -> 检测到变更: HDCP_ImmersiveVehiclePaint_3464606086
  -> 检测到变更: 98stagea_3315443103
  -> 检测到变更: DFMFoodMod_3406694220
  -> 检测到变更: AnthroTraits_3025679944
  -> 检测到变更: B42Makefruitinjar_3432006285
  -> 检测到变更: PFO_Caravan_Shotgun_3400681835
  -> 检测到变更: KI5trailers_3330403100
  -> 检测到变更: 92jeepYJ_3287727378
  -> 检测到变更: ExtendedSpices_3522142755
  -> 检测到变更: Bandits_3268487204
  -> 检测到变更: Undying_Zombies_3555199477
  -> 检测到变更: NodachiMod_B42.5.1_2166396868
  -> 检测到变更: StandaloneTowels_3203159242
  -> 检测到变更: [B42]_FlipVehiclePlusTrailer_3430172149
  -> 检测到变更: MoreMaps_3390897023
  -> 检测到变更: 77firebird_3346905070
  -> 检测到变更: ReloadAllMagazines_2920899878
  -> 检测到变更: harder_hotwire_3391549481
  -> 检测到变更: Light_Switch_Plus_3418843205
  -> 检测到变更: TrueMusic_b42_3397198968
  -> 检测到变更: BecomeBrave_3388028737
  -> 检测到变更: MilkThemAll_3568280195
  -> 检测到变更: neonMoodleIndicator_3392116408
  -> 检测到变更: ExtraBombs_3425787685
  -> 检测到变更: Lucille_3436159263
  -> 检测到变更: Nep_Local_Knowledge_3511535258
  -> 检测到变更: H.E.C.U_3452711271
  -> 检测到变更: SimpleSkillBooks_3291799176
  -> 检测到变更: CommonSense_2875848298
  -> 检测到变更: EggonsWorthwileCars2.0_3569430257
  -> 检测到变更: qdx_item_condition_2852309899
  -> 检测到变更: 82porsche911_3379334330
  -> 检测到变更: NeatBuilding_AddonXPDisplay_3540503606
  -> 检测到变更: ChairBarricade_3404288341
  -> 检测到变更: P4VideoMeister_2744797858
  -> 检测到变更: SimpleOverhaulTraitsAndOccupations_2840805724
  -> 检测到变更: H&K_VP70_2470321383
  -> 检测到变更: ShowKeyOrigin_3501701205
  -> 检测到变更: 91fordLTD_3366300557
  -> 检测到变更: P4MySoCalledToy_3540268758
  -> 检测到变更: ManageContainers_2650547917
  -> 检测到变更: UsefulBarrels_3436537035
  -> 检测到变更: P4SeesawGame_3515515643
  -> 检测到变更: ReplaceBandage_2944344655
  -> 检测到变更: 91range_2409333430
  -> 检测到变更: Just_Some_Hair_3116631797
  -> 检测到变更: FireTCMusic8090_3444726475
  -> 检测到变更: 84jeepXJ_3409287192
  -> 检测到变更: SpearFishing_3539114542
  -> 检测到变更: ahz_clothing_b42_3388910383
  -> 检测到变更: StairsAlert_3044807092
  -> 检测到变更: LazoloTraits_2855320431
  -> 检测到变更: OgrimMachineUtils_3555558732
  -> 检测到变更: Nep_Survival_Rifle_3491265315
  -> 检测到变更: Dreams_1945359259
  -> 检测到变更: Different_number_of_fillets_based_on_weight_3415021115
  -> 检测到变更: BanditsDayOne_3329251514
  -> 检测到变更: 93mustangSSP_3001592312
  -> 检测到变更: LegendCraftAddon_3397942493
索引更新完成：共处理了 561 个变更的模组。

--- 阶段二：根据全局索引执行文件清理 ---
分析完成：发现 3180 个重复键值对，已生成清理计划。

--- 正在根据清理计划同步更新内存中的全局索引 ---
  -> 成功从内存索引中为本次运行的模组移除了 158 条记录。
-> 目录 '001_invqol_3394402683' 在清理计划中无需改动，跳过。
-> 目录 '1993VehicleLorePack_2809058492' 在清理计划中无需改动，跳过。
-> 目录 '4ColourBicPen_3400983311' 在清理计划中无需改动，跳过。
-> 正在清理 output_files 中的目录: 85buickLeSabre_3418252689
  -> 从 'EN_output.txt' 中移除了 4 行
  -> 从 'output.txt' 中移除了 4 行
  -> 从 'EN_todo.txt' 中移除了 2 行
-> 正在同步清理 completed_files 中的目录: 3418252689
  -> 从 'EN_todo.txt' 中移除了 2 行
-> 正在清理 output_files 中的目录: 85chevyCaprice_3413704851
  -> 从 'EN_output.txt' 中移除了 2 行
  -> 从 'output.txt' 中移除了 2 行
  -> 从 'EN_todo.txt' 中移除了 2 行
-> 正在同步清理 completed_files 中的目录: 3413704851
  -> 从 'EN_todo.txt' 中移除了 2 行
-> 正在清理 output_files 中的目录: 85oldsmobileDelta88_3418253716
  -> 从 'EN_output.txt' 中移除了 4 行
  -> 从 'output.txt' 中移除了 4 行
  -> 从 'EN_todo.txt' 中移除了 2 行
-> 正在同步清理 completed_files 中的目录: 3418253716
  -> 从 'EN_todo.txt' 中移除了 2 行
-> 正在清理 output_files 中的目录: 85pontiacParisienne_3413706334
  -> 从 'EN_output.txt' 中移除了 4 行
  -> 从 'output.txt' 中移除了 4 行
  -> 从 'EN_todo.txt' 中移除了 2 行
-> 正在同步清理 completed_files 中的目录: 3413706334
  -> 从 'EN_todo.txt' 中移除了 2 行
-> 正在清理 output_files 中的目录: 91fordRanger_3539691958
  -> 从 'EN_output.txt' 中移除了 2 行
  -> 从 'output.txt' 中移除了 2 行
  -> 从 'EN_todo.txt' 中移除了 2 行
-> 正在同步清理 completed_files 中的目录: 3539691958
  -> 从 'EN_todo.txt' 中移除了 2 行
-> 目录 '97bushmaster_2897390033' 在清理计划中无需改动，跳过。
-> 目录 'Advanced_Trajectory's_Realistic_Overhaul_3036878362' 在清理计划中无需改动，跳过。
-> 目录 'AmmoMaker_2788256295' 在清理计划中无需改动，跳过。
-> 正在清理 output_files 中的目录: Authentic_Z_-_Backpacks+_2335368829
  -> 从 'EN_output.txt' 中移除了 1 行
  -> 从 'output.txt' 中移除了 1 行
  -> 从 'EN_todo.txt' 中移除了 1 行
-> 正在同步清理 completed_files 中的目录: 2335368829
  -> 从 'EN_todo.txt' 中移除了 1 行
-> 目录 'Automatic_Stove_Shutoff_3526968739' 在清理计划中无需改动，跳过。
-> 目录 'B42SandboxOptions_3386906181' 在清理计划中无需改动，跳过。
-> 正在清理 output_files 中的目录: B42_Rain's_Firearms_&_Gun_Parts_3387222454
  -> 从 'EN_output.txt' 中移除了 39 行
  -> 从 'output.txt' 中移除了 39 行
  -> 从 'EN_todo.txt' 中移除了 18 行
-> 正在同步清理 completed_files 中的目录: 3387222454
  -> 从 'EN_todo.txt' 中移除了 18 行
-> 目录 'B42_Sledgehammers_in_Tool_Stores_3418793133' 在清理计划中无需改动，跳过。
-> 目录 'BCGRareWeapons_2432621382' 在清理计划中无需改动，跳过。
-> 目录 'BLTRandomZombies_2818577583' 在清理计划中无需改动，跳过。
-> 目录 'BanditsWeekOne_3403180543' 在清理计划中无需改动，跳过。
-> 目录 'Bandits_3268487204' 在清理计划中无需改动，跳过。
-> 目录 'Better_Generator_Info_3576056135' 在清理计划中无需改动，跳过。
-> 目录 'ChangeSandboxOpt_2894296454' 在清理计划中无需改动，跳过。
-> 正在清理 output_files 中的目录: ChristmasTime_2903870217
  -> 从 'EN_output.txt' 中移除了 1 行
  -> 从 'output.txt' 中移除了 1 行
  -> 从 'EN_todo.txt' 中移除了 1 行
-> 正在同步清理 completed_files 中的目录: 2903870217
  -> 从 'EN_todo.txt' 中移除了 1 行
-> 目录 'Clipboard_3387382165' 在清理计划中无需改动，跳过。
-> 正在清理 output_files 中的目录: ClothesBOX_2847911733
  -> 从 'EN_output.txt' 中移除了 8 行
  -> 从 'output.txt' 中移除了 8 行
-> 正在同步清理 completed_files 中的目录: 2847911733
-> 目录 'CombatTraits_3427091746' 在清理计划中无需改动，跳过。
-> 目录 'Constown_3480990544' 在清理计划中无需改动，跳过。
-> 目录 'CrowbarUnlock_3555407625' 在清理计划中无需改动，跳过。
-> 目录 'CustomWeight_3391228479' 在清理计划中无需改动，跳过。
-> 正在清理 output_files 中的目录: Customizable_Containers_2719850086
  -> 从 'EN_output.txt' 中移除了 1 行
  -> 从 'output.txt' 中移除了 1 行
  -> 从 'EN_todo.txt' 中移除了 1 行
-> 正在同步清理 completed_files 中的目录: 2719850086
  -> 从 'EN_todo.txt' 中移除了 1 行
-> 正在清理 output_files 中的目录: DFMFoodMod_3406694220
  -> 从 'EN_output.txt' 中移除了 1 行
  -> 从 'output.txt' 中移除了 1 行
  -> 从 'EN_todo.txt' 中移除了 1 行
-> 正在同步清理 completed_files 中的目录: 3406694220
  -> 从 'EN_todo.txt' 中移除了 1 行
-> 目录 'DaihatsuHijetTruck_3583266047' 在清理计划中无需改动，跳过。
-> 目录 'Detailed_Skill_Tooltips_3572846242' 在清理计划中无需改动，跳过。
-> 目录 'DrugMod_2900366269' 在清理计划中无需改动，跳过。
-> 目录 'EasyDropnLoot_2871469707' 在清理计划中无需改动，跳过。
-> 目录 'EasySpareMagazineReload_3390014923' 在清理计划中无需改动，跳过。
-> 目录 'EquipmentUI_2950902979' 在清理计划中无需改动，跳过。
-> 正在清理 output_files 中的目录: Evolving_Traits_World_2914075159
  -> 从 'EN_output.txt' 中移除了 3 行
-> 正在同步清理 completed_files 中的目录: 2914075159
-> 目录 'FWO_Treadmill_&_BenchPress_2940354599' 在清理计划中无需改动，跳过。
-> 正在清理 output_files 中的目录: FancyLanterns_3267733558
  -> 从 'EN_output.txt' 中移除了 1 行
  -> 从 'output.txt' 中移除了 1 行
  -> 从 'EN_todo.txt' 中移除了 1 行
-> 正在同步清理 completed_files 中的目录: 3267733558
  -> 从 'EN_todo.txt' 中移除了 1 行
-> 目录 'FireResistence_2863836591' 在清理计划中无需改动，跳过。
-> 目录 'Fridges_Off!_2853974107' 在清理计划中无需改动，跳过。
-> 正在清理 output_files 中的目录: GaussRifle_3429953336
  -> 从 'EN_output.txt' 中移除了 4 行
  -> 从 'output.txt' 中移除了 4 行
  -> 从 'EN_todo.txt' 中移除了 3 行
-> 正在同步清理 completed_files 中的目录: 3429953336
  -> 从 'EN_todo.txt' 中移除了 3 行
-> 目录 'Generator_Streetlights_Restored_3578735933' 在清理计划中无需改动，跳过。
-> 正在清理 output_files 中的目录: Guns93Test_3183820077
  -> 从 'EN_output.txt' 中移除了 19 行
  -> 从 'output.txt' 中移除了 7 行
  -> 从 'EN_todo.txt' 中移除了 6 行
-> 正在同步清理 completed_files 中的目录: 3183820077
  -> 从 'EN_todo.txt' 中移除了 6 行
-> 目录 'Headwear_Wont_Fall_3400293227' 在清理计划中无需改动，跳过。
-> 目录 'Herbalist_2875059598' 在清理计划中无需改动，跳过。
-> 目录 'HideVanillaReadIcon_2881764317' 在清理计划中无需改动，跳过。
-> 目录 'HybridGunRepair_3562222835' 在清理计划中无需改动，跳过。
-> 目录 'HybridMeleeRepair_3569031613' 在清理计划中无需改动，跳过。
-> 目录 'I_Don't_Need_A_Lighter_2714198296' 在清理计划中无需改动，跳过。
-> 正在清理 output_files 中的目录: I_Might_Need_A_Lighter_2883633728
  -> 从 'EN_output.txt' 中移除了 5 行
  -> 从 'CN_output.txt' 中移除了 1 行
  -> 从 'output.txt' 中移除了 1 行
  -> 从 'EN_todo.txt' 中移除了 1 行
-> 正在同步清理 completed_files 中的目录: 2883633728
  -> 从 'EN_todo.txt' 中移除了 1 行
-> 正在清理 output_files 中的目录: ImmersivePreservationCanningJarring_3560836822
  -> 从 'EN_output.txt' 中移除了 1 行
  -> 从 'output.txt' 中移除了 1 行
  -> 从 'EN_todo.txt' 中移除了 1 行
-> 正在同步清理 completed_files 中的目录: 3560836822
  -> 从 'EN_todo.txt' 中移除了 1 行
-> 正在清理 output_files 中的目录: Immersive_Roleplay_Professions_and_Traits_3387474156
  -> 从 'EN_output.txt' 中移除了 9 行
  -> 从 'output.txt' 中移除了 9 行
  -> 从 'EN_todo.txt' 中移除了 8 行
-> 正在同步清理 completed_files 中的目录: 3387474156
  -> 从 'EN_todo.txt' 中移除了 8 行
-> 目录 'InventoryTetris_3397561666' 在清理计划中无需改动，跳过。
-> 目录 'ItemStoriesB42_3569303590' 在清理计划中无需改动，跳过。
-> 目录 'KillCount_2553809727' 在清理计划中无需改动，跳过。
-> 目录 'KnoxEventExpanded_3397396843' 在清理计划中无需改动，跳过。
-> 目录 'LWBetterElectronics_2999183635' 在清理计划中无需改动，跳过。
-> 目录 'LazoloTraits_2855320431' 在清理计划中无需改动，跳过。
-> 正在清理 output_files 中的目录: LegendaryKatana_3418366499
  -> 从 'EN_output.txt' 中移除了 8 行
  -> 从 'output.txt' 中移除了 4 行
  -> 从 'EN_todo.txt' 中移除了 4 行
-> 正在同步清理 completed_files 中的目录: 3418366499
  -> 从 'EN_todo.txt' 中移除了 4 行
-> 目录 'LowConditionGuns_3579180724' 在清理计划中无需改动，跳过。
-> 目录 'MWPWeapons_2732407704' 在清理计划中无需改动，跳过。
-> 正在清理 output_files 中的目录: Military_Tool_Kit_2705406713
  -> 从 'EN_output.txt' 中移除了 1 行
  -> 从 'output.txt' 中移除了 1 行
  -> 从 'EN_todo.txt' 中移除了 1 行
-> 正在同步清理 completed_files 中的目录: 2705406713
  -> 从 'EN_todo.txt' 中移除了 1 行
-> 目录 'MinimapStyleOptions_3526517370' 在清理计划中无需改动，跳过。
-> 目录 'Moats_3550032314' 在清理计划中无需改动，跳过。
-> 目录 'ModLoadOrderSorter_b42_3423660713' 在清理计划中无需改动，跳过。
-> 目录 'More_Car_Features_+_Spawn_Zones_Expansion_3520758551' 在清理计划中无需改动，跳过。
-> 目录 'NeatBuilding_AddonXPDisplay_3540503606' 在清理计划中无需改动，跳过。
-> 目录 'OpenAllContainers_3465040406' 在清理计划中无需改动，跳过。
-> 正在清理 output_files 中的目录: P4Excalibolg_3070446764
  -> 从 'EN_output.txt' 中移除了 1 行
  -> 从 'output.txt' 中移除了 1 行
  -> 从 'EN_todo.txt' 中移除了 1 行
-> 正在同步清理 completed_files 中的目录: 3070446764
  -> 从 'EN_todo.txt' 中移除了 1 行
-> 目录 'PZ-ClothingUI_2695471997' 在清理计划中无需改动，跳过。
-> 正在清理 output_files 中的目录: PZKVanillaPlusCarPack_3217685049
  -> 从 'EN_output.txt' 中移除了 5 行
  -> 从 'output.txt' 中移除了 5 行
-> 正在同步清理 completed_files 中的目录: 3217685049
-> 目录 'PartySystem_3395761583' 在清理计划中无需改动，跳过。
-> 目录 'PocketKittens_3568029240' 在清理计划中无需改动，跳过。
-> 正在清理 output_files 中的目录: PompsItems_2752664795
  -> 从 'EN_output.txt' 中移除了 1 行
  -> 从 'output.txt' 中移除了 1 行
  -> 从 'EN_todo.txt' 中移除了 1 行
-> 正在同步清理 completed_files 中的目录: 2752664795
  -> 从 'EN_todo.txt' 中移除了 1 行
-> 正在清理 output_files 中的目录: Project_Summer_Car_3564950449
  -> 从 'EN_output.txt' 中移除了 1 行
  -> 从 'output.txt' 中移除了 1 行
  -> 从 'EN_todo.txt' 中移除了 1 行
-> 正在同步清理 completed_files 中的目录: 3564950449
  -> 从 'EN_todo.txt' 中移除了 1 行
-> 目录 'RV_Life_3553635874' 在清理计划中无需改动，跳过。
-> 目录 'RaccoonCityB42_3388468313' 在清理计划中无需改动，跳过。
-> 目录 'Realistic_Car_Physics_3559765660' 在清理计划中无需改动，跳过。
-> 正在清理 output_files 中的目录: RebalancedYieldsButchering_3564838872
  -> 从 'EN_output.txt' 中移除了 1 行
  -> 从 'output.txt' 中移除了 1 行
  -> 从 'EN_todo.txt' 中移除了 1 行
-> 正在同步清理 completed_files 中的目录: 3564838872
  -> 从 'EN_todo.txt' 中移除了 1 行
-> 目录 'ReloadAllMagazines_2920899878' 在清理计划中无需改动，跳过。
-> 目录 'STA_PryOpen_3579640010' 在清理计划中无需改动，跳过。
-> 正在清理 output_files 中的目录: School's_Out_-_Body_3404301631
  -> 从 'EN_output.txt' 中移除了 1 行
  -> 从 'output.txt' 中移除了 1 行
  -> 从 'EN_todo.txt' 中移除了 1 行
-> 正在同步清理 completed_files 中的目录: 3404301631
  -> 从 'EN_todo.txt' 中移除了 1 行
-> 目录 'ShowKeyOrigin_3501701205' 在清理计划中无需改动，跳过。
-> 目录 'Show_Weapon_Stats_Plus_3391710239' 在清理计划中无需改动，跳过。
-> 目录 'SmartRadialMenu_3494108029' 在清理计划中无需改动，跳过。
-> 目录 'SpongieCharacterCustomisation_3414634809' 在清理计划中无需改动，跳过。
-> 正在清理 output_files 中的目录: StandardizedVehicleUpgrades3Core_3403490889
  -> 从 'EN_output.txt' 中移除了 1 行
  -> 从 'output.txt' 中移除了 1 行
  -> 从 'EN_todo.txt' 中移除了 1 行
-> 正在同步清理 completed_files 中的目录: 3403490889
  -> 从 'EN_todo.txt' 中移除了 1 行
-> 目录 'SwapIt_2366717227' 在清理计划中无需改动，跳过。
-> 正在清理 output_files 中的目录: TheBestLockpicking_3440867775
  -> 从 'EN_output.txt' 中移除了 1 行
  -> 从 'output.txt' 中移除了 1 行
-> 正在同步清理 completed_files 中的目录: 3440867775
-> 正在清理 output_files 中的目录: Tikitown_3037854728
  -> 从 'EN_output.txt' 中移除了 1 行
  -> 从 'output.txt' 中移除了 1 行
  -> 从 'EN_todo.txt' 中移除了 1 行
-> 正在同步清理 completed_files 中的目录: 3037854728
  -> 从 'EN_todo.txt' 中移除了 1 行
-> 目录 'TimeDecreasesCarCondition_3448375286' 在清理计划中无需改动，跳过。
-> 正在清理 output_files 中的目录: TrueSmoking_3423984426
  -> 从 'EN_output.txt' 中移除了 1 行
  -> 从 'output.txt' 中移除了 1 行
  -> 从 'EN_todo.txt' 中移除了 1 行
-> 正在同步清理 completed_files 中的目录: 3423984426
  -> 从 'EN_todo.txt' 中移除了 1 行
-> 目录 'True_Crawl_B42_3410989950' 在清理计划中无需改动，跳过。
-> 目录 'TwisTonFire_-_dude_where_is_my_car_3576268735' 在清理计划中无需改动，跳过。
-> 目录 'Undying_Zombies_3555199477' 在清理计划中无需改动，跳过。
-> 目录 'WashingMenusImproved_3460812542' 在清理计划中无需改动，跳过。
-> 正在清理 output_files 中的目录: WaterGoesBad_2849467715
  -> 从 'EN_output.txt' 中移除了 1 行
  -> 从 'output.txt' 中移除了 1 行
  -> 从 'EN_todo.txt' 中移除了 1 行
-> 正在同步清理 completed_files 中的目录: 2849467715
  -> 从 'EN_todo.txt' 中移除了 1 行
-> 目录 'WaterPipes_3546314080' 在清理计划中无需改动，跳过。
-> 目录 'Willowbrook_Bastion!_3479667649' 在清理计划中无需改动，跳过。
-> 目录 'Wolf_Extraction_Quest_2987772693' 在清理计划中无需改动，跳过。
-> 目录 'WoodcuttingSkill_[B42]_3434440605' 在清理计划中无需改动，跳过。
-> 目录 'Yaki's_BarberShop_2810471370' 在清理计划中无需改动，跳过。
-> 目录 '[B42]_Better_Flashlights_3420478458' 在清理计划中无需改动，跳过。
-> 目录 '[B42]_Briefing_3565244378' 在清理计划中无需改动，跳过。
-> 目录 '[B42]_Mod_Manager_3567084868' 在清理计划中无需改动，跳过。
-> 正在清理 output_files 中的目录: [J&G]_Black_Multicam_Uniform_3315302991
  -> 从 'EN_output.txt' 中移除了 1 行
  -> 从 'output.txt' 中移除了 1 行
  -> 从 'EN_todo.txt' 中移除了 1 行
-> 正在同步清理 completed_files 中的目录: 3315302991
  -> 从 'EN_todo.txt' 中移除了 1 行
-> 正在清理 output_files 中的目录: [J&G]_Desert_Multicam_Uniform_3299457564
  -> 从 'EN_output.txt' 中移除了 1 行
  -> 从 'output.txt' 中移除了 1 行
  -> 从 'EN_todo.txt' 中移除了 1 行
-> 正在同步清理 completed_files 中的目录: 3299457564
  -> 从 'EN_todo.txt' 中移除了 1 行
-> 正在清理 output_files 中的目录: [J&G]_Firefighter_Uniform_3521263771
  -> 从 'EN_output.txt' 中移除了 2 行
  -> 从 'output.txt' 中移除了 2 行
  -> 从 'EN_todo.txt' 中移除了 2 行
-> 正在同步清理 completed_files 中的目录: 3521263771
  -> 从 'EN_todo.txt' 中移除了 2 行
-> 正在清理 output_files 中的目录: [J&G]_Flecktarn_Uniform_3206579556
  -> 从 'EN_output.txt' 中移除了 1 行
  -> 从 'output.txt' 中移除了 1 行
  -> 从 'EN_todo.txt' 中移除了 1 行
-> 正在同步清理 completed_files 中的目录: 3206579556
  -> 从 'EN_todo.txt' 中移除了 1 行
-> 正在清理 output_files 中的目录: [J&G]_Forest_Multicam_Uniform_3309971624
  -> 从 'EN_output.txt' 中移除了 1 行
  -> 从 'output.txt' 中移除了 1 行
  -> 从 'EN_todo.txt' 中移除了 1 行
-> 正在同步清理 completed_files 中的目录: 3309971624
  -> 从 'EN_todo.txt' 中移除了 1 行
-> 正在清理 output_files 中的目录: [J&G]_Neon_Vandals_Uniform_3497172953
  -> 从 'EN_output.txt' 中移除了 1 行
  -> 从 'output.txt' 中移除了 1 行
  -> 从 'EN_todo.txt' 中移除了 1 行
-> 正在同步清理 completed_files 中的目录: 3497172953
  -> 从 'EN_todo.txt' 中移除了 1 行
-> 正在清理 output_files 中的目录: [J&G]_Trauma_Responder_Uniform_3443982326
  -> 从 'EN_output.txt' 中移除了 1 行
  -> 从 'output.txt' 中移除了 1 行
  -> 从 'EN_todo.txt' 中移除了 1 行
-> 正在同步清理 completed_files 中的目录: 3443982326
  -> 从 'EN_todo.txt' 中移除了 1 行
-> 正在清理 output_files 中的目录: [J&G]_XKU_Uniform_3276134387
  -> 从 'EN_output.txt' 中移除了 1 行
  -> 从 'output.txt' 中移除了 1 行
  -> 从 'EN_todo.txt' 中移除了 1 行
-> 正在同步清理 completed_files 中的目录: 3276134387
  -> 从 'EN_todo.txt' 中移除了 1 行
-> 目录 'attach-bag-to-sheet-rope_3504700167' 在清理计划中无需改动，跳过。
-> 目录 'cdda_zombie_2749928925' 在清理计划中无需改动，跳过。
-> 正在清理 output_files 中的目录: damnlib_3171167894
  -> 从 'EN_output.txt' 中移除了 13 行
  -> 从 'output.txt' 中移除了 13 行
  -> 从 'EN_todo.txt' 中移除了 9 行
-> 正在同步清理 completed_files 中的目录: 3171167894
  -> 从 'EN_todo.txt' 中移除了 9 行
-> 目录 'fhqwhgads'_Motorious_Zone_2791656602' 在清理计划中无需改动，跳过。
-> 目录 'harder_hotwire_3391549481' 在清理计划中无需改动，跳过。
-> 目录 'modPROJECTRVInterior_3543229299' 在清理计划中无需改动，跳过。
-> 目录 'neonMoodleIndicator_3392116408' 在清理计划中无需改动，跳过。
-> 正在清理 output_files 中的目录: newcontainers_B42_3535295548
  -> 从 'EN_output.txt' 中移除了 3 行
  -> 从 'output.txt' 中移除了 3 行
  -> 从 'EN_todo.txt' 中移除了 3 行
-> 正在同步清理 completed_files 中的目录: 3535295548
  -> 从 'EN_todo.txt' 中移除了 3 行
-> 目录 'qdx_item_condition_2852309899' 在清理计划中无需改动，跳过。
-> 目录 'rasProfessions_2675128168' 在清理计划中无需改动，跳过。

--- 阶段三：保存缓存文件 ---
  -> 全局索引已保存到: translation_utils/key_source_mod.json
  -> 内容哈希已保存到: data/.cache/mod_content_hashes.json

--- 后处理脚本执行完毕 ---


--- 开始生成状态报告 ---
状态报告生成脚本输出:
--- 开始生成状态报告 ---
  -> STATUS.md 已生成。
  -> INTERNAL_STATUS.md 已生成。
  -> MOD_TODO_STATUS.md 已生成。
--- 所有报告生成完毕 ---

