

========================= 开始处理 Workshop ID: 3405131820 (Dummy_Fluid_Mod) =========================

--- 正在检查已完成的翻译于: data/completed_files/3405131820/en_completed.txt ---
  -> 文件 'en_completed.txt' 在目标位置不存在，将自动创建。

-------------------- 处理子模组: Dummy Fluid Mod --------------------

--- 正在为 'Dummy Fluid Mod' 动态查找 'media' 文件夹 ---
  -> 发现版本目录: 42
  -> 正在检查路径的有效性: data/workshop_content/3405131820/mods/Dummy Fluid Mod/42/media
  --> 路径有效！将使用此路径进行处理: data/workshop_content/3405131820/mods/Dummy Fluid Mod/42/media

--- 预加载 EN (L1) 数据 ---
  -> 扫描目录: data/workshop_content/3405131820/mods/Dummy Fluid Mod/42/media/lua/shared/Translate/EN
     -> 在 'Fluids_EN.txt' 中找到 1 个键。
预加载完成: 找到 1 个本地 EN 键。

--- 阶段 1: 扫描 Scripts (L0) ---
  -> 处理: fluids_Dummy.txt
阶段 1 完成: 从 scripts 新生成了 0 条数据。

--- 阶段 2: 合并 L0 与 L1 后，纯净英文基准总计: 1 条数据。---

--- 阶段 3: 从 CN 目录加载了 0 条数据。---

-------------------- 处理子模组: Mixology --------------------

--- 正在为 'Mixology' 动态查找 'media' 文件夹 ---
  -> 发现版本目录: 42
  -> 正在检查路径的有效性: data/workshop_content/3405131820/mods/Mixology/42/media
  --> 路径有效！将使用此路径进行处理: data/workshop_content/3405131820/mods/Mixology/42/media

--- 预加载 EN (L1) 数据 ---
  -> 扫描目录: data/workshop_content/3405131820/mods/Mixology/42/media/lua/shared/Translate/EN
     -> 在 'Fluids_EN.txt' 中找到 210 个键。
     -> 在 'Mixology_Fluids_EN.txt' 中找到 53 个键。
     -> 在 'Print_Media_EN.txt' 中找到 4 个键。
     -> 在 'Print_Text_EN.txt' 中找到 4 个键。
     -> 在 'Sandbox_EN.txt' 中找到 9 个键。
预加载完成: 找到 222 个本地 EN 键。

--- 阶段 1: 扫描 Scripts (L0) ---
  -> 处理: fluids_Mixology.txt
  -> 处理: items_Mixology.txt
     -> 新增: 7 个 Item
  -> 处理: items_MixologyAlcohol.txt
     -> 新增: 20 个 Item
  -> 处理: items_MixologyGlassware.txt
     -> 新增: 47 个 Item
  -> 处理: items_MixologyMisc.txt
     -> 新增: 20 个 Item
  -> 处理: items_MixologyNonAlcoholic.txt
     -> 新增: 18 个 Item
  -> 处理: models_Mixology.txt
  -> 处理: recipes/recipes_GlasswareMixology.txt
     -> 新增: 16 个 Recipe
  -> 处理: recipes/recipes_KoolAid.txt
     -> 新增: 3 个 Recipe
  -> 处理: recipes/recipes_PackagesMixology.txt
     -> 新增: 6 个 Recipe
  -> 处理: recipes/recipes_SlicingMixology.txt
     -> 新增: 4 个 Recipe
阶段 1 完成: 从 scripts 新生成了 135 条数据。

--- 阶段 2: 合并 L0 与 L1 后，纯净英文基准总计: 357 条数据。---

--- 阶段 3: 从 CN 目录加载了 0 条数据。---

--- 正在为 Mod 'Dummy_Fluid_Mod' 生成输出文件 ---
    - 最终合并 (output.txt): 358 条
    - 纯净英文 (EN_output.txt): 358 条
    - 纯净中文 (CN_output.txt): 0 条
    - 英文待办 (en_todo.txt): 358 条 (增量)
    - 中文独有 (cn_only.txt): 0 条 (增量)
    -> 正在尝试从 Git 历史记录中获取旧版本: data/output_files/Dummy_Fluid_Mod_3405131820/EN_todo.txt
      --> 在 Git 历史记录中未找到该文件，视为全新。
    -> 基线日志已存档到: data/logs/archive/Dummy_Fluid_Mod_3405131820_baseline_run_20250921_165655.json

处理成功！所有输出文件已保存在 'Dummy_Fluid_Mod_3405131820' 文件夹中。
    -> 警告：未能获取 Mod 3405131820 的完成文件SHA，状态未记录。
