

========================= 开始处理 Workshop ID: 3439877834 (Escape_from_Kentucky) =========================

--- 正在检查已完成的翻译于: data/completed_files/3439877834/en_completed.txt ---
  -> 文件 'en_completed.txt' 在目标位置不存在，将自动创建。

-------------------- 处理子模组: Escape from Kentucky --------------------

--- 正在为 'Escape from Kentucky' 动态查找 'media' 文件夹 ---
  -> 发现版本目录: 42
  -> 正在检查路径的有效性: data/workshop_content/3439877834/mods/Escape from Kentucky/42/media
  --> 路径有效！将使用此路径进行处理: data/workshop_content/3439877834/mods/Escape from Kentucky/42/media

--- 预加载 EN (L1) 数据 ---
  -> 扫描目录: data/workshop_content/3439877834/mods/Escape from Kentucky/42/media/lua/shared/Translate/EN
     -> 在 'ContextMenu_EN.txt' 中找到 4 个键。
     -> 在 'IG_UI_EN.txt' 中找到 72 个键。
     -> 在 'ItemName_EN.txt' 中找到 259 个键。
     -> 在 'Recipes_EN.txt' 中找到 121 个键。
     -> 在 'Sandbox_EN.txt' 中找到 3 个键。
     -> 在 'Tooltip_EN.txt' 中找到 3 个键。
     -> 在 'UI_EN.txt' 中找到 5 个键。
预加载完成: 找到 443 个本地 EN 键。

--- 阶段 1: 扫描 Scripts (L0) ---
  -> 处理: 1_JS2000.txt
     -> 新增: 1 个 Item
  -> 处理: 1_M14.txt
     -> 新增: 1 个 Item
  -> 处理: 1_M16.txt
     -> 新增: 2 个 Item
  -> 处理: 1_M1911.txt
     -> 新增: 1 个 Item
  -> 处理: 1_M625.txt
     -> 新增: 1 个 Item
  -> 处理: 1_M9.txt
     -> 新增: 1 个 Item
  -> 处理: 1_MSR.txt
     -> 新增: 1 个 Item
  -> 处理: 1_MSR2.txt
     -> 新增: 1 个 Item
  -> 处理: 1_shuangpen.txt
     -> 新增: 1 个 Item
  -> 处理: 1_shuangpen_juduan.txt
     -> 新增: 1 个 Item
  -> 处理: 1_马格南.txt
     -> 新增: 1 个 Item
  -> 处理: 6_Taurus.txt
     -> 新增: 1 个 Item
  -> 处理: AWCWF_Items.txt
     -> 新增: 1 个 Item
  -> 处理: BRAuto5_cat.txt
     -> 新增: 1 个 Item
  -> 处理: BaseBallBat_cat.txt
     -> 新增: 1 个 Item
  -> 处理: Bomb.txt
  -> 处理: C96_cat.txt
  -> 处理: GunPartItem/CatGunMagItem.txt
     -> 新增: 4 个 Item, 4 个 Recipe
  -> 处理: GunPartItem/下挂.txt
     -> 新增: 7 个 Item
  -> 处理: GunPartItem/主瞄具.txt
     -> 新增: 4 个 Item
  -> 处理: GunPartItem/右瞄具.txt
     -> 新增: 1 个 Item
  -> 处理: GunPartItem/左瞄具.txt
     -> 新增: 2 个 Item
  -> 处理: GunPartItem/弹匣.txt
     -> 新增: 61 个 Item
  -> 处理: GunPartItem/战术手电.txt
     -> 新增: 1 个 Item
  -> 处理: GunPartItem/握把.txt
     -> 新增: 3 个 Item
  -> 处理: GunPartItem/枪带配件.txt
  -> 处理: GunPartItem/枪托配件.txt
     -> 新增: 6 个 Item
  -> 处理: GunPartItem/枪管.txt
     -> 新增: 6 个 Item
  -> 处理: GunPartItem/膛口装置.txt
     -> 新增: 5 个 Item
  -> 处理: GunPartItem/镭射.txt
     -> 新增: 2 个 Item
  -> 处理: M1873_cat.txt
     -> 新增: 1 个 Item
  -> 处理: REAPR_cat.txt
     -> 新增: 1 个 Item
  -> 处理: SVD_cat.txt
  -> 处理: SVT40_cat.txt
     -> 新增: 1 个 Item
  -> 处理: Shield.txt
     -> 新增: 4 个 Item
  -> 处理: ShieldSound.txt
  -> 处理: SoundGunPart.txt
  -> 处理: lewis_cat.txt
     -> 新增: 1 个 Item
  -> 处理: module_ATRY_boomsfx.txt
     -> 新增: 12 个 Item
  -> 处理: module_itemIO.txt
     -> 新增: 1 个 Item
  -> 处理: old_cat_98k.txt
     -> 新增: 1 个 Item
  -> 处理: old_cat_AA12.txt
  -> 处理: old_cat_AEK971.txt
  -> 处理: old_cat_AK103.txt
     -> 新增: 1 个 Item
  -> 处理: old_cat_AK12.txt
  -> 处理: old_cat_AN94.txt
  -> 处理: old_cat_ARX200.txt
     -> 新增: 1 个 Item
  -> 处理: old_cat_AWM.txt
  -> 处理: old_cat_AX50.txt
  -> 处理: old_cat_Anaconda.txt
  -> 处理: old_cat_BAR.txt
  -> 处理: old_cat_Beowulf.txt
     -> 新增: 1 个 Item
  -> 处理: old_cat_Berthier.txt
     -> 新增: 1 个 Item
  -> 处理: old_cat_FAL.txt
  -> 处理: old_cat_FN_Evolys.txt
  -> 处理: old_cat_G18.txt
  -> 处理: old_cat_G34.txt
     -> 新增: 1 个 Item
  -> 处理: old_cat_GM6.txt
  -> 处理: old_cat_Groza.txt
  -> 处理: old_cat_HK416.txt
  -> 处理: old_cat_KrissVector.txt
  -> 处理: old_cat_LWMMG.txt
  -> 处理: old_cat_LebelM1886.txt
     -> 新增: 1 个 Item
  -> 处理: old_cat_M1887.txt
  -> 处理: old_cat_M1918.txt
  -> 处理: old_cat_M1Garand.txt
  -> 处理: old_cat_M200.txt
  -> 处理: old_cat_M240.txt
     -> 新增: 1 个 Item
  -> 处理: old_cat_M4Mk18.txt
     -> 新增: 1 个 Item
  -> 处理: old_cat_M500.txt
  -> 处理: old_cat_M82.txt
  -> 处理: old_cat_M870.txt
  -> 处理: old_cat_M91.txt
  -> 处理: old_cat_MCX.txt
  -> 处理: old_cat_MK12.txt
     -> 新增: 1 个 Item
  -> 处理: old_cat_MK18.txt
  -> 处理: old_cat_MK47.txt
  -> 处理: old_cat_MP7_cat.txt
  -> 处理: old_cat_Mosin-Nagant.txt
  -> 处理: old_cat_PKM.txt
  -> 处理: old_cat_QBU191.txt
     -> 新增: 1 个 Item
  -> 处理: old_cat_QBZ191.txt
  -> 处理: old_cat_QJY201.txt
  -> 处理: old_cat_QSZ_92G.txt
     -> 新增: 1 个 Item
  -> 处理: old_cat_ROSE.txt
  -> 处理: old_cat_RSC.txt
  -> 处理: old_cat_Saiga12.txt
  -> 处理: old_cat_ScarH.txt
  -> 处理: old_cat_Striker12.txt
  -> 处理: old_cat_TTI_Benelli_M4.txt
     -> 新增: 1 个 Item
  -> 处理: old_cat_Taran2011.txt
  -> 处理: old_cat_Type81_cat.txt
     -> 新增: 1 个 Item
  -> 处理: old_cat_UMP45.txt
  -> 处理: old_cat_UTS-15.txt
  -> 处理: old_cat_VSSM.txt
  -> 处理: old_cat_VSSM1.txt
  -> 处理: old_cat_ar_10.txt
  -> 处理: old_cat_m14_Albedo.txt
  -> 处理: old_cat_m1903.txt
     -> 新增: 1 个 Item
  -> 处理: old_cat_mg338.txt
     -> 新增: 1 个 Item
  -> 处理: old_cat_mp5.txt
     -> 新增: 1 个 Item
  -> 处理: old_cat_origin12.txt
     -> 新增: 1 个 Item
  -> 处理: old_cat_usp45.txt
  -> 处理: old_cat_uzi_cat.txt
     -> 新增: 1 个 Item
  -> 处理: old_lugerP80.txt
     -> 新增: 1 个 Item
  -> 处理: 弹药/44弹药.txt
  -> 处理: 弹药/45弹药.txt
     -> 新增: 1 个 Item
  -> 处理: 弹药/50弹药.txt
     -> 新增: 2 个 Recipe
  -> 处理: 弹药/556弹药.txt
     -> 新增: 2 个 Item
  -> 处理: 弹药/58弹药.txt
  -> 处理: 弹药/762弹药.txt
  -> 处理: 弹药/86弹药.txt
     -> 新增: 1 个 Item
  -> 处理: 弹药/9mm弹药.txt
     -> 新增: 2 个 Item
  -> 处理: 弹药/CatGunBox.txt
     -> 新增: 20 个 Recipe
  -> 处理: 弹药/弹药箱.txt
     -> 新增: 1 个 Recipe
  -> 处理: 弹药/榴弹弹药.txt
  -> 处理: 弹药/霰弹弹药.txt
     -> 新增: 2 个 Item
  -> 处理: 沙漠之鹰.txt
  -> 处理: 现代化马林.txt
     -> 新增: 1 个 Item
  -> 处理: 空投/AirDrop.txt
  -> 处理: 空投/AirDropBGM.txt
阶段 1 完成: 从 scripts 新生成了 195 条数据。

--- 阶段 2: 合并 L0 与 L1 后，纯净英文基准总计: 638 条数据。---
  -> 扫描目录: data/workshop_content/3439877834/mods/Escape from Kentucky/42/media/lua/shared/Translate/CN
     -> 在 'ContextMenu_CN.txt' 中找到 6 个键。
     -> 在 'IG_UI_CN.txt' 中找到 86 个键。
     -> 在 'ItemName_CN.txt' 中找到 255 个键。
     -> 在 'Recipes_CN.txt' 中找到 53 个键。
     -> 在 'Sandbox_CN.txt' 中找到 10 个键。
     -> 在 'Tooltip_CN.txt' 中找到 3 个键。
     -> 在 'UI_CN.txt' 中找到 5 个键。

--- 阶段 3: 从 CN 目录加载了 410 条数据。---

--- 正在为 Mod 'Escape_from_Kentucky' 生成输出文件 ---
    - 最终合并 (output.txt): 709 条
    - 纯净英文 (EN_output.txt): 638 条
    - 纯净中文 (CN_output.txt): 410 条
    - 英文待办 (en_todo.txt): 301 条 (增量)
    - 中文独有 (cn_only.txt): 71 条 (增量)
    -> 正在尝试从 Git 历史记录中获取旧版本: data/output_files/Escape_from_Kentucky_3439877834/EN_todo.txt
      --> 在 Git 历史记录中未找到该文件，视为全新。
    -> 基线日志已存档到: data/logs/archive/Escape_from_Kentucky_3439877834_baseline_run_20250911_234215.json

处理成功！所有输出文件已保存在 'Escape_from_Kentucky_3439877834' 文件夹中。
