

========================= 开始处理 Workshop ID: 2914075159 (Evolving_Traits_World) =========================

--- 正在检查已完成的翻译于: data/completed_files/2914075159/en_completed.txt ---
     -> 在 'en_completed.txt' 中找到 334 个键。

-------------------- 处理子模组: Evolving Traits World --------------------

--- 正在为 'Evolving Traits World' 动态查找 'media' 文件夹 ---
  -> 正在检查路径的有效性: data/workshop_content/2914075159/mods/Evolving Traits World/media
  --> 路径有效！将使用此路径进行处理: data/workshop_content/2914075159/mods/Evolving Traits World/media

--- 预加载 EN (L1) 数据 ---
  -> 扫描目录: data/workshop_content/2914075159/mods/Evolving Traits World/media/lua/shared/Translate/EN
     -> 在 'Moodles_EN.txt' 中找到 20 个键。
     -> 在 'Sandbox_EN.txt' 中找到 251 个键。
     -> 在 'UI_EN.txt' 中找到 81 个键。
预加载完成: 找到 347 个本地 EN 键。

--- 阶段 1: 扫描 Scripts (L0) ---
  -> 处理: ETWSounds.txt
阶段 1 完成: 从 scripts 新生成了 0 条数据。

--- 阶段 2: 合并 L0 与 L1 后，纯净英文基准总计: 347 条数据。---
  -> 扫描目录: data/workshop_content/2914075159/mods/Evolving Traits World/media/lua/shared/Translate/CN
     -> 在 'Moodles_CN.txt' 中找到 20 个键。
     -> 在 'Sandbox_CN.txt' 中找到 247 个键。
     -> 在 'UI_CN.txt' 中找到 78 个键。

--- 阶段 3: 从 CN 目录加载了 341 条数据。---

--- 正在为 Mod 'Evolving_Traits_World' 生成输出文件 ---
    - 最终合并 (output.txt): 348 条
    - 纯净英文 (EN_output.txt): 347 条
    - 纯净中文 (CN_output.txt): 341 条
    - 英文待办 (en_todo.txt): 0 条 (增量)
    - 中文独有 (cn_only.txt): 1 条 (增量)
    -> 正在尝试从 Git 历史记录中获取旧版本: data/output_files/Evolving_Traits_World_2914075159/EN_todo.txt
      --> 成功找到旧版本。
     -> 在 'EN_todo.txt (旧版本)' 中找到 0 个键。

处理成功！所有输出文件已保存在 'Evolving_Traits_World_2914075159' 文件夹中。
    -> [内存] 已为 Mod 2914075159 记录 Commit SHA: 53dbbce
