

========================= 开始处理 Workshop ID: 3267733558 (FancyLanterns) =========================

--- 正在检查已完成的翻译于: data/completed_files/3267733558/en_completed.txt ---
     -> 在 'en_completed.txt' 中找到 268 个键。

-------------------- 处理子模组: FancyLanterns --------------------

--- 正在为 'FancyLanterns' 动态查找 'media' 文件夹 ---
  -> 发现版本目录: 42
  -> 正在检查路径的有效性: data/workshop_content/3267733558/mods/FancyLanterns/42/media
  --> 路径有效！将使用此路径进行处理: data/workshop_content/3267733558/mods/FancyLanterns/42/media

--- 预加载 EN (L1) 数据 ---
预加载完成: 找到 0 个本地 EN 键。

--- 阶段 1: 扫描 Scripts (L0) ---
  -> 处理: SWFancyLanterns_AttachmentPoints_Bag.txt
  -> 处理: SWFancyLanterns_AttachmentPoints_Belt.txt
  -> 处理: SWFancyLanterns_Items.txt
     -> 新增: 20 个 Item
  -> 处理: SWFancyLanterns_Models.txt
  -> 处理: SWFancyLanterns_PaintRecipes.txt
     -> 新增: 20 个 Recipe
  -> 处理: SWFancyLanterns_Recipes.txt
     -> 新增: 2 个 Recipe
  -> 处理: SWFancyTorches_Items.txt
     -> 新增: 2 个 Item
  -> 处理: SWFancyTorches_Recipes.txt
     -> 新增: 3 个 Recipe
阶段 1 完成: 从 scripts 新生成了 47 条数据。

--- 阶段 2: 合并 L0 与 L1 后，纯净英文基准总计: 47 条数据。---

--- 阶段 3: 从 CN 目录加载了 0 条数据。---

--- 正在为 Mod 'FancyLanterns' 生成输出文件 ---
    - 最终合并 (output.txt): 47 条
    - 纯净英文 (EN_output.txt): 47 条
    - 纯净中文 (CN_output.txt): 0 条
    - 英文待办 (en_todo.txt): 0 条 (增量)
    - 中文独有 (cn_only.txt): 0 条 (增量)
    -> 正在尝试从 Git 历史记录中获取旧版本: data/output_files/FancyLanterns_3267733558/EN_todo.txt
      --> 成功找到旧版本。
     -> 在 'EN_todo.txt (旧版本)' 中找到 24 个键。
    -> 检测到内容变更。新增: 0, 移除: 24

处理成功！所有输出文件已保存在 'FancyLanterns_3267733558' 文件夹中。
    -> [内存] 已为 Mod 3267733558 记录 Commit SHA: 526a6e1
