

========================= 开始处理 Workshop ID: 3444726475 (FireTCMusic8090) =========================

--- 正在检查已完成的翻译于: data/completed_files/3444726475/en_completed.txt ---
     -> 在 'en_completed.txt' 中找到 72 个键。

-------------------- 处理子模组: FireTCMusic8090 --------------------

--- 正在为 'FireTCMusic8090' 动态查找 'media' 文件夹 ---
  -> 发现版本目录: 42
  -> 正在检查路径的有效性: data/workshop_content/3444726475/mods/FireTCMusic8090/42/media
  --> 路径有效！将使用此路径进行处理: data/workshop_content/3444726475/mods/FireTCMusic8090/42/media

--- 预加载 EN (L1) 数据 ---
预加载完成: 找到 0 个本地 EN 键。

--- 阶段 1: 扫描 Scripts (L0) ---
  -> 处理: TCGMusicScriptTCBoombox_FireTCMusic.txt
     -> 新增: 33 个 Item
  -> 处理: TCGMusicScriptTCVinylplayer_FireTCMusic.txt
     -> 新增: 33 个 Item
  -> 处理: TCGSoundsTCBoombox_FireTCMusic.txt
  -> 处理: TCGSoundsTCVinylplayer_FireTCMusic.txt
阶段 1 完成: 从 scripts 新生成了 66 条数据。

--- 阶段 2: 合并 L0 与 L1 后，纯净英文基准总计: 66 条数据。---

--- 阶段 3: 从 CN 目录加载了 0 条数据。---

--- 已为 Mod ID 3444726475 更新 66 条键来源映射 ---

--- 正在为 Mod 'FireTCMusic8090' 生成输出文件 ---
    - 最终合并 (output.txt): 66 条
    - 纯净英文 (EN_output.txt): 66 条
    - 纯净中文 (CN_output.txt): 0 条
    - 英文待办 (en_todo.txt): 0 条 (增量)
    - 中文独有 (cn_only.txt): 0 条 (增量)
    -> 正在尝试从 Git 历史记录中获取旧版本: data/output_files/FireTCMusic8090_3444726475/EN_todo.txt
      --> 成功找到旧版本。
    处理文件 EN_todo.txt (旧版本) 时发生错误: 'StringPath' object has no attribute 'stem'
     -> 在 'EN_todo.txt (旧版本)' 中找到 0 个键。

处理成功！所有输出文件已保存在 'FireTCMusic8090_3444726475' 文件夹中。
    -> [内存] 已为 Mod 3444726475 记录 Commit SHA: 53dbbce
