

========================= 开始处理 Workshop ID: 2463499011 (Grapeseed) =========================

--- 正在检查已完成的翻译于: data/completed_files/Grapeseed_2463499011/en_completed.txt ---
  -> 文件 'en_completed.txt' 在目标位置不存在，将自动创建。

-------------------- 处理子模组: Grapeseed --------------------

--- 正在为 'Grapeseed' 动态查找 'media' 文件夹 ---
  -> 发现版本目录: 42.0
  -> 正在检查路径的有效性: data/workshop_content/2463499011/mods/Grapeseed/42.0/media
  --> 路径无效 (缺少 scripts 或 Translate)，继续查找...
  -> 正在检查路径的有效性: data/workshop_content/2463499011/mods/Grapeseed/media
  --> 路径无效 (缺少 scripts 或 Translate)，继续查找...
  -> 正在检查路径的有效性: data/workshop_content/2463499011/mods/Grapeseed/common/media
  --> 路径无效 (缺少 scripts 或 Translate)，继续查找...
  --> 未能在任何优先路径中找到 'media' 文件夹。

--- 正在为 Mod 'Grapeseed' 生成输出文件 ---
    - 最终合并 (output.txt): 0 条
    - 纯净英文 (EN_output.txt): 0 条
    - 纯净中文 (CN_output.txt): 0 条
    - 英文待办 (en_todo.txt): 0 条 (增量)
    - 中文独有 (cn_only.txt): 0 条 (增量)
    -> 正在尝试从 Git 历史记录中获取旧版本: data/output_files/Grapeseed_2463499011/EN_todo.txt
      --> 在 Git 历史记录中未找到该文件，视为全新。

处理成功！所有输出文件已保存在 'Grapeseed_2463499011' 文件夹中。
