

========================= 开始处理 Workshop ID: 3464606086 (HDCP_ImmersiveVehiclePaint) =========================

--- 正在检查已完成的翻译于: data/completed_files/3464606086/en_completed.txt ---
     -> 在 'en_completed.txt' 中找到 84 个键。

-------------------- 处理子模组: HDCP_ImmersiveVehiclePaint --------------------

--- 正在为 'HDCP_ImmersiveVehiclePaint' 动态查找 'media' 文件夹 ---
  -> 发现版本目录: 42
  -> 正在检查路径的有效性: data/workshop_content/3464606086/mods/HDCP_ImmersiveVehiclePaint/42/media
  --> 路径有效！将使用此路径进行处理: data/workshop_content/3464606086/mods/HDCP_ImmersiveVehiclePaint/42/media

--- 预加载 EN (L1) 数据 ---
  -> 扫描目录: data/workshop_content/3464606086/mods/HDCP_ImmersiveVehiclePaint/42/media/lua/shared/Translate/EN
     -> 在 'ContextMenu_EN.txt' 中找到 21 个键。
     -> 在 'IG_UI_EN.txt' 中找到 1 个键。
     -> 在 'ItemName_EN.txt' 中找到 23 个键。
     -> 在 'Recipes_EN.txt' 中找到 3 个键。
     -> 在 'Sandbox_EN.txt' 中找到 22 个键。
     -> 在 'Tooltip_EN.txt' 中找到 16 个键。
预加载完成: 找到 86 个本地 EN 键。

--- 阶段 1: 扫描 Scripts (L0) ---
  -> 处理: items/HDCP_IVP_Magazines.txt
  -> 处理: items/HDCP_IVP_Sprays.txt
     -> 新增: 4 个 Item
  -> 处理: items/HDCP_IVP_Tools.txt
  -> 处理: recipes/HDCP_IVP_Sprays.txt
阶段 1 完成: 从 scripts 新生成了 4 条数据。

--- 阶段 2: 合并 L0 与 L1 后，纯净英文基准总计: 90 条数据。---

--- 阶段 3: 从 CN 目录加载了 0 条数据。---

--- 正在为 Mod 'HDCP_ImmersiveVehiclePaint' 生成输出文件 ---
    - 最终合并 (output.txt): 90 条
    - 纯净英文 (EN_output.txt): 90 条
    - 纯净中文 (CN_output.txt): 0 条
    - 英文待办 (en_todo.txt): 26 条 (增量)
    - 中文独有 (cn_only.txt): 0 条 (增量)
    -> 正在尝试从 Git 历史记录中获取旧版本: data/output_files/HDCP_ImmersiveVehiclePaint_3464606086/EN_todo.txt
      --> 在 Git 历史记录中未找到该文件，视为全新。
    -> 基线日志已存档到: data/logs/archive/HDCP_ImmersiveVehiclePaint_3464606086_baseline_run_20250913_172826.json

处理成功！所有输出文件已保存在 'HDCP_ImmersiveVehiclePaint_3464606086' 文件夹中。
    -> [内存] 已为 Mod 3464606086 记录 Commit SHA: 2242fab
