

========================= 开始处理 Workshop ID: 2625625421 (isoContainers) =========================

--- 正在检查已完成的翻译于: data/completed_files/2625625421/en_completed.txt ---
     -> 在 'en_completed.txt' 中找到 14 个键。

-------------------- 处理子模组: isoContainers --------------------

--- 正在为 'isoContainers' 动态查找 'media' 文件夹 ---
  -> 发现版本目录: 42.0
  -> 正在检查路径的有效性: data/workshop_content/2625625421/mods/isoContainers/42.0/media
  --> 路径有效！将使用此路径进行处理: data/workshop_content/2625625421/mods/isoContainers/42.0/media

--- 预加载 EN (L1) 数据 ---
  -> 扫描目录: data/workshop_content/2625625421/mods/isoContainers/42.0/media/lua/shared/Translate/EN
     -> 在 'IG_UI_EN.txt' 中找到 8 个键。
     -> 在 'Recipes_EN.txt' 中找到 3 个键。
预加载完成: 找到 11 个本地 EN 键。

--- 阶段 1: 扫描 Scripts (L0) ---
  -> 处理: vehicles/isoContainer2.txt
  -> 处理: vehicles/isoContainer3tanker.txt
  -> 处理: vehicles/isoContainer4.txt
  -> 处理: vehicles/isoContainer5.txt
  -> 处理: vehicles/isoContainer_items.txt
     -> 新增: 3 个 Item
  -> 处理: vehicles/isoContainer_models.txt
  -> 处理: vehicles/isoContainer_recipes.txt
  -> 处理: vehicles/template_container_gastank.txt
  -> 处理: vehicles/template_container_trunk.txt
  -> 处理: vehicles/template_contanier_door.txt
  -> 处理: vehicles/template_contanier_doubledoor.txt
  -> 处理: vehicles/template_tanker_door.txt
阶段 1 完成: 从 scripts 新生成了 3 条数据。

--- 阶段 2: 合并 L0 与 L1 后，纯净英文基准总计: 14 条数据。---

--- 阶段 3: 从 CN 目录加载了 0 条数据。---

--- 正在为 Mod 'isoContainers' 生成输出文件 ---
    - 最终合并 (output.txt): 14 条
    - 纯净英文 (EN_output.txt): 14 条
    - 纯净中文 (CN_output.txt): 0 条
    - 英文待办 (en_todo.txt): 0 条 (增量)
    - 中文独有 (cn_only.txt): 0 条 (增量)
    -> 正在尝试从 Git 历史记录中获取旧版本: data/output_files/isoContainers_2625625421/EN_todo.txt
      --> 在 Git 历史记录中未找到该文件，视为全新。

处理成功！所有输出文件已保存在 'isoContainers_2625625421' 文件夹中。
