

========================= 开始处理 Workshop ID: 3390453390 (KitsuneLib) =========================

--- 正在检查已完成的翻译于: data/completed_files/3390453390/en_completed.txt ---
  -> 文件 'en_completed.txt' 在目标位置不存在，将自动创建。

-------------------- 处理子模组: KitsuneLib --------------------

--- 正在为 'KitsuneLib' 动态查找 'media' 文件夹 ---
  -> 正在检查路径的有效性: data/workshop_content/3390453390/mods/KitsuneLib/common/media
  --> 路径有效！将使用此路径进行处理: data/workshop_content/3390453390/mods/KitsuneLib/common/media

--- 预加载 EN (L1) 数据 ---
预加载完成: 找到 0 个本地 EN 键。

--- 阶段 1: 扫描 Scripts (L0) ---
  -> 处理: KitsuneLib/vehicles/templates/burnt/burntvehicles.txt
  -> 处理: KitsuneLib/vehicles/templates/template_car_lights_police.txt
  -> 处理: KitsuneLib/vehicles/templates/template_car_lights_ranger.txt
  -> 处理: KitsuneLib/vehicles/templates/template_car_modernlights.txt
  -> 处理: KitsuneLib/vehicles/templates/template_car_small.txt
  -> 处理: KitsuneLib/vehicles/templates/template_car_stationwagon.txt
  -> 处理: KitsuneLib/vehicles/templates/template_dummy.txt
  -> 处理: KitsuneLib/vehicles/templates/template_pickuptruck.txt
  -> 处理: KitsuneLib/vehicles/templates/template_pickuptruck_lights_airport.txt
  -> 处理: KitsuneLib/vehicles/templates/template_pickuptruck_lights_airport_security.txt
  -> 处理: KitsuneLib/vehicles/templates/template_pickuptruck_lights_fire.txt
  -> 处理: KitsuneLib/vehicles/templates/template_pickuptruck_lights_ranger.txt
  -> 处理: KitsuneLib/vehicles/templates/template_pickupvan.txt
  -> 处理: KitsuneLib/vehicles/templates/template_pickupvan_lights_fire.txt
  -> 处理: KitsuneLib/vehicles/templates/template_pickupvan_lights_police.txt
  -> 处理: KitsuneLib/vehicles/templates/template_pickupvan_lights_ranger.txt
  -> 处理: KitsuneLib/vehicles/templates/template_stepvan_mail.txt
  -> 处理: KitsuneLib/vehicles/templates/template_stepvan_swat.txt
  -> 处理: KitsuneLib/vehicles/templates/template_van.txt
  -> 处理: KitsuneLib/vehicles/templates/template_van_ambulance.txt
  -> 处理: KitsuneLib/vehicles/templates/template_van_mail.txt
  -> 处理: KitsuneLib/vehicles/templates/template_van_seats_airport_shuttle.txt
  -> 处理: KitsuneLib/vehicles/templates/template_van_seats_prison.txt
阶段 1 完成: 从 scripts 新生成了 0 条数据。

--- 阶段 2: 合并 L0 与 L1 后，纯净英文基准总计: 0 条数据。---

--- 阶段 3: 从 CN 目录加载了 0 条数据。---

--- 正在为 Mod 'KitsuneLib' 生成输出文件 ---
    - 最终合并 (output.txt): 0 条
    - 纯净英文 (EN_output.txt): 0 条
    - 纯净中文 (CN_output.txt): 0 条
    - 英文待办 (en_todo.txt): 0 条 (增量)
    - 中文独有 (cn_only.txt): 0 条 (增量)
    -> 正在尝试从 Git 历史记录中获取旧版本: data/output_files/KitsuneLib_3390453390/EN_todo.txt
      --> 在 Git 历史记录中未找到该文件，视为全新。

处理成功！所有输出文件已保存在 'KitsuneLib_3390453390' 文件夹中。
