

========================= 开始处理 Workshop ID: 3397396843 (KnoxEventExpanded) =========================

--- 正在检查已完成的翻译于: data/completed_files/3397396843/en_completed.txt ---
     -> 在 'en_completed.txt' 中找到 584 个键。

-------------------- 处理子模组: KnoxEventExpanded --------------------

--- 正在为 'KnoxEventExpanded' 动态查找 'media' 文件夹 ---
  -> 发现版本目录: 42
  -> 正在检查路径的有效性: data/workshop_content/3397396843/mods/KnoxEventExpanded/42/media
  --> 路径有效！将使用此路径进行处理: data/workshop_content/3397396843/mods/KnoxEventExpanded/42/media

--- 预加载 EN (L1) 数据 ---
  -> 扫描目录: data/workshop_content/3397396843/mods/KnoxEventExpanded/42/media/lua/shared/Translate/EN
    -> 正在进入 Table: 'ContextMenu_EN'
     -> 在 'ContextMenu_EN.txt' 中找到 30 个键。
    -> 正在进入 Table: 'IGUI_EN'
     -> 在 'IG_UI_EN.txt' 中找到 480 个键。
    -> 正在进入 Table: 'Sandbox_EN'
     -> 在 'Sandbox_EN.txt' 中找到 5 个键。
    -> 正在进入 Table: 'SurvivalGuide_EN'
     -> 在 'SurvivalGuide_EN.txt' 中找到 9 个键。
    -> 正在进入 Table: 'UI_EN'
     -> 在 'UI_EN.txt' 中找到 18 个键。
预加载完成: 找到 542 个本地 EN 键。

--- 阶段 1: 扫描 Scripts (L0) ---
  -> 警告：未找到 Scripts 目录，跳过。
阶段 1 完成: 从 scripts 新生成了 0 条数据。

--- 阶段 2: 合并 L0 与 L1 后，纯净英文基准总计: 542 条数据。---

--- 阶段 3: 从 CN 目录加载了 0 条数据。---

--- 正在为 Mod 'KnoxEventExpanded' 生成输出文件 ---
    - 最终合并 (output.txt): 542 条
    - 纯净英文 (EN_output.txt): 542 条
    - 纯净中文 (CN_output.txt): 0 条
    - 英文待办 (en_todo.txt): 0 条 (增量)
    - 中文独有 (cn_only.txt): 0 条 (增量)
    -> 正在尝试从 Git 历史记录中获取旧版本: data/output_files/KnoxEventExpanded_3397396843/EN_todo.txt
      --> 成功找到旧版本。
     -> 在 'EN_todo.txt (旧版本)' 中找到 58 个键。
    -> 检测到内容变更。新增: 0, 移除: 58

处理成功！所有输出文件已保存在 'KnoxEventExpanded_3397396843' 文件夹中。
    -> [内存] 已为 Mod 3397396843 记录 Commit SHA: ea37093
