

========================= 开始处理 Workshop ID: 3394923321 (MeleeWeaponUpgrade_Easy) =========================

--- 正在检查已完成的翻译于: data/completed_files/3394923321/en_completed.txt ---
     -> 在 'en_completed.txt' 中找到 932 个键。

-------------------- 处理子模组: MeleeWeaponUpgrade_Easy --------------------

--- 正在为 'MeleeWeaponUpgrade_Easy' 动态查找 'media' 文件夹 ---
  -> 正在检查路径的有效性: data/workshop_content/3394923321/mods/MeleeWeaponUpgrade_Easy/common/media
  --> 路径有效！将使用此路径进行处理: data/workshop_content/3394923321/mods/MeleeWeaponUpgrade_Easy/common/media

--- 预加载 EN (L1) 数据 ---
预加载完成: 找到 0 个本地 EN 键。

--- 阶段 1: 扫描 Scripts (L0) ---
  -> 处理: WeaponUpgrade_craftRecipe.txt
     -> 新增: 35 个 Recipe
阶段 1 完成: 从 scripts 新生成了 35 条数据。

--- 阶段 2: 合并 L0 与 L1 后，纯净英文基准总计: 35 条数据。---

--- 阶段 3: 从 CN 目录加载了 0 条数据。---

-------------------- 处理子模组: MeleeWeaponUpgrade_Hard --------------------

--- 正在为 'MeleeWeaponUpgrade_Hard' 动态查找 'media' 文件夹 ---
  -> 正在检查路径的有效性: data/workshop_content/3394923321/mods/MeleeWeaponUpgrade_Hard/common/media
  --> 路径有效！将使用此路径进行处理: data/workshop_content/3394923321/mods/MeleeWeaponUpgrade_Hard/common/media

--- 预加载 EN (L1) 数据 ---
预加载完成: 找到 0 个本地 EN 键。

--- 阶段 1: 扫描 Scripts (L0) ---
  -> 处理: WeaponUpgrade_craftRecipe.txt
     -> 新增: 36 个 Recipe
阶段 1 完成: 从 scripts 新生成了 36 条数据。

--- 阶段 2: 合并 L0 与 L1 后，纯净英文基准总计: 36 条数据。---

--- 阶段 3: 从 CN 目录加载了 0 条数据。---

-------------------- 处理子模组: MeleeWeaponUpgrade_Main --------------------

--- 正在为 'MeleeWeaponUpgrade_Main' 动态查找 'media' 文件夹 ---
  -> 正在检查路径的有效性: data/workshop_content/3394923321/mods/MeleeWeaponUpgrade_Main/common/media
  --> 路径有效！将使用此路径进行处理: data/workshop_content/3394923321/mods/MeleeWeaponUpgrade_Main/common/media

--- 预加载 EN (L1) 数据 ---
  -> 扫描目录: data/workshop_content/3394923321/mods/MeleeWeaponUpgrade_Main/common/media/lua/shared/Translate/EN
     -> 在 'ItemName_EN.txt' 中找到 990 个键。
     -> 在 'Recipes_EN.txt' 中找到 37 个键。
     -> 在 'Sandbox_EN.txt' 中找到 4 个键。
     -> 在 'Tooltip_EN.txt' 中找到 1 个键。
预加载完成: 找到 1032 个本地 EN 键。

--- 阶段 1: 扫描 Scripts (L0) ---
  -> 处理: WeaponUpgrade_craftRecipe_Material.txt
     -> 新增: 1 个 Recipe
  -> 处理: WeaponUpgrade_item.txt
     -> 新增: 6 个 Item
阶段 1 完成: 从 scripts 新生成了 7 条数据。

--- 阶段 2: 合并 L0 与 L1 后，纯净英文基准总计: 1039 条数据。---

--- 阶段 3: 从 CN 目录加载了 0 条数据。---

--- 正在为 Mod 'MeleeWeaponUpgrade_Easy' 生成输出文件 ---
    - 最终合并 (output.txt): 1075 条
    - 纯净英文 (EN_output.txt): 1075 条
    - 纯净中文 (CN_output.txt): 0 条
    - 英文待办 (en_todo.txt): 143 条 (增量)
    - 中文独有 (cn_only.txt): 0 条 (增量)
    -> 正在尝试从 Git 历史记录中获取旧版本: data/output_files/MeleeWeaponUpgrade_Easy_3394923321/EN_todo.txt
      --> 成功找到旧版本。
     -> 在 'EN_todo.txt (旧版本)' 中找到 143 个键。

处理成功！所有输出文件已保存在 'MeleeWeaponUpgrade_Easy_3394923321' 文件夹中。
    -> [内存] 已为 Mod 3394923321 记录 Commit SHA: 2242fab
