

========================= 开始处理 Workshop ID: 2685168362 (MoreDescriptionForTraits4166) =========================

--- 正在检查已完成的翻译于: data/completed_files/2685168362/en_completed.txt ---
     -> 在 'en_completed.txt' 中找到 163 个键。

-------------------- 处理子模组: MoreDescriptionForTraits4166 --------------------

--- 正在为 'MoreDescriptionForTraits4166' 动态查找 'media' 文件夹 ---
  -> 发现版本目录: 42.0
  -> 正在检查路径的有效性: data/workshop_content/2685168362/mods/MoreDescriptionForTraits4166/42.0/media
  --> 路径有效！将使用此路径进行处理: data/workshop_content/2685168362/mods/MoreDescriptionForTraits4166/42.0/media

--- 预加载 EN (L1) 数据 ---
  -> 扫描目录: data/workshop_content/2685168362/mods/MoreDescriptionForTraits4166/42.0/media/lua/shared/Translate/EN
     -> 在 'IG_UI_EN.txt' 中找到 4 个键。
     -> 在 'UI_EN.txt' 中找到 203 个键。
预加载完成: 找到 206 个本地 EN 键。

--- 阶段 1: 扫描 Scripts (L0) ---
  -> 警告：未找到 Scripts 目录，跳过。
阶段 1 完成: 从 scripts 新生成了 0 条数据。

--- 阶段 2: 合并 L0 与 L1 后，纯净英文基准总计: 206 条数据。---
  -> 扫描目录: data/workshop_content/2685168362/mods/MoreDescriptionForTraits4166/42.0/media/lua/shared/Translate/CN
    处理文件 IG_UI_CN.txt 时发生错误: 'utf-8' codec can't decode byte 0xd3 in position 56: invalid continuation byte
     -> 在 'IG_UI_CN.txt' 中找到 0 个键。
    处理文件 UI_CN.txt 时发生错误: 'utf-8' codec can't decode byte 0xc6 in position 19: invalid continuation byte
     -> 在 'UI_CN.txt' 中找到 0 个键。

--- 阶段 3: 从 CN 目录加载了 0 条数据。---

--- 正在为 Mod 'MoreDescriptionForTraits4166' 生成输出文件 ---
    - 最终合并 (output.txt): 206 条
    - 纯净英文 (EN_output.txt): 206 条
    - 纯净中文 (CN_output.txt): 0 条
    - 英文待办 (en_todo.txt): 45 条 (增量)
    - 中文独有 (cn_only.txt): 0 条 (增量)
    -> 正在尝试从 Git 历史记录中获取旧版本: data/output_files/MoreDescriptionForTraits4166_2685168362/EN_todo.txt
      --> 成功找到旧版本。
     -> 在 'EN_todo.txt (旧版本)' 中找到 45 个键。

处理成功！所有输出文件已保存在 'MoreDescriptionForTraits4166_2685168362' 文件夹中。
    -> [内存] 已为 Mod 2685168362 记录 Commit SHA: 08ae9d1
