

========================= 开始处理 Workshop ID: 2877535263 (P4MySoCalledSnack) =========================

--- 正在检查已完成的翻译于: data/completed_files/2877535263/en_completed.txt ---
     -> 在 'en_completed.txt' 中找到 195 个键。

-------------------- 处理子模组: P4MySoCalledSnack --------------------

--- 正在为 'P4MySoCalledSnack' 动态查找 'media' 文件夹 ---
  -> 发现版本目录: 42
  -> 正在检查路径的有效性: data/workshop_content/2877535263/mods/P4MySoCalledSnack/42/media
  --> 路径有效！将使用此路径进行处理: data/workshop_content/2877535263/mods/P4MySoCalledSnack/42/media

--- 预加载 EN (L1) 数据 ---
  -> 扫描目录: data/workshop_content/2877535263/mods/P4MySoCalledSnack/42/media/lua/shared/Translate/EN
     -> 在 'ContextMenu_EN.txt' 中找到 1 个键。
     -> 在 'ItemName_EN.txt' 中找到 142 个键。
     -> 在 'Recipes_EN.txt' 中找到 23 个键。
     -> 在 'Sandbox_EN.txt' 中找到 2 个键。
     -> 在 'Tooltip_EN.txt' 中找到 41 个键。
     -> 在 'UI_EN.txt' 中找到 6 个键。
预加载完成: 找到 215 个本地 EN 键。

--- 阶段 1: 扫描 Scripts (L0) ---
  -> 处理: P4MySoCalledSnack_items.txt
  -> 处理: P4MySoCalledSnack_models.txt
  -> 处理: P4MySoCalledSnack_recipes.txt
  -> 处理: P4MySoCalledSnack_sounds.txt
  -> 处理: P4MySoCalledSnack_timedactions.txt
阶段 1 完成: 从 scripts 新生成了 0 条数据。

--- 阶段 2: 合并 L0 与 L1 后，纯净英文基准总计: 215 条数据。---

--- 阶段 3: 从 CN 目录加载了 0 条数据。---

--- 正在为 Mod 'P4MySoCalledSnack' 生成输出文件 ---
    - 最终合并 (output.txt): 215 条
    - 纯净英文 (EN_output.txt): 215 条
    - 纯净中文 (CN_output.txt): 0 条
    - 英文待办 (en_todo.txt): 20 条 (增量)
    - 中文独有 (cn_only.txt): 0 条 (增量)
    -> 正在尝试从 Git 历史记录中获取旧版本: data/output_files/P4MySoCalledSnack_2877535263/EN_todo.txt
      --> 在 Git 历史记录中未找到该文件，视为全新。
    -> 基线日志已存档到: data/logs/archive/P4MySoCalledSnack_2877535263_baseline_run_20250913_172826.json

处理成功！所有输出文件已保存在 'P4MySoCalledSnack_2877535263' 文件夹中。
    -> [内存] 已为 Mod 2877535263 记录 Commit SHA: 2242fab
