

========================= 开始处理 Workshop ID: 3400681835 (PFO_Caravan_Shotgun) =========================

--- 正在检查已完成的翻译于: data/completed_files/3400681835/en_completed.txt ---
     -> 在 'en_completed.txt' 中找到 19 个键。

-------------------- 处理子模组: PFO Caravan Shotgun --------------------

--- 正在为 'PFO Caravan Shotgun' 动态查找 'media' 文件夹 ---
  -> 正在检查路径的有效性: data/workshop_content/3400681835/mods/PFO Caravan Shotgun/common/media
  --> 路径有效！将使用此路径进行处理: data/workshop_content/3400681835/mods/PFO Caravan Shotgun/common/media

--- 预加载 EN (L1) 数据 ---
预加载完成: 找到 0 个本地 EN 键。

--- 阶段 1: 扫描 Scripts (L0) ---
  -> 处理: Loaders/PFO_AMMO_20G_WORLD.txt
  -> 处理: Loaders/PFO_WARFARE_20G_LOADR.txt
  -> 处理: PFO_AmmoCore_20G.txt
     -> 新增: 2 个 Item
  -> 处理: PFO_CRVN.txt
     -> 新增: 1 个 Item
阶段 1 完成: 从 scripts 新生成了 3 条数据。

--- 阶段 2: 合并 L0 与 L1 后，纯净英文基准总计: 3 条数据。---

--- 阶段 3: 从 CN 目录加载了 0 条数据。---

--- 正在为 Mod 'PFO_Caravan_Shotgun' 生成输出文件 ---
    - 最终合并 (output.txt): 3 条
    - 纯净英文 (EN_output.txt): 3 条
    - 纯净中文 (CN_output.txt): 0 条
    - 英文待办 (en_todo.txt): 1 条 (增量)
    - 中文独有 (cn_only.txt): 0 条 (增量)
    -> 正在尝试从 Git 历史记录中获取旧版本: data/output_files/PFO_Caravan_Shotgun_3400681835/EN_todo.txt
      --> 在 Git 历史记录中未找到该文件，视为全新。
    -> 基线日志已存档到: data/logs/archive/PFO_Caravan_Shotgun_3400681835_baseline_run_20250913_172826.json

处理成功！所有输出文件已保存在 'PFO_Caravan_Shotgun_3400681835' 文件夹中。
    -> [内存] 已为 Mod 3400681835 记录 Commit SHA: 2242fab
