

========================= 开始处理 Workshop ID: 3568029240 (PocketKittens) =========================

--- 正在检查已完成的翻译于: data/completed_files/3568029240/en_completed.txt ---
     -> 在 'en_completed.txt' 中找到 0 个键。

-------------------- 处理子模组: PocketKittens --------------------

--- 正在为 'PocketKittens' 动态查找 'media' 文件夹 ---
  -> 正在检查路径的有效性: data/workshop_content/3568029240/mods/PocketKittens/common/media
  --> 路径有效！将使用此路径进行处理: data/workshop_content/3568029240/mods/PocketKittens/common/media

--- 预加载 EN (L1) 数据 ---
  -> 扫描目录: data/workshop_content/3568029240/mods/PocketKittens/common/media/lua/shared/Translate/EN
     -> 在 'IG_UI_EN.txt' 中找到 4 个键。
     -> 在 'ItemName_EN.txt' 中找到 26 个键。
     -> 在 'Recipes_EN.txt' 中找到 32 个键。
     -> 在 'Sandbox_EN.txt' 中找到 7 个键。
     -> 在 'Tooltip_EN.txt' 中找到 4 个键。
预加载完成: 找到 73 个本地 EN 键。

--- 阶段 1: 扫描 Scripts (L0) ---
  -> 处理: PocketKitten_Achievement.txt
  -> 处理: PocketKitten_Interactions_Feed.txt
  -> 处理: PocketKitten_Interactions_Pet.txt
     -> 新增: 1 个 Item
  -> 处理: PocketKitten_Items.txt
     -> 新增: 1 个 Item
  -> 处理: PocketKitten_Recipes.txt
  -> 处理: PocketKitten_models.txt
  -> 处理: PocketKitten_sounds.txt
阶段 1 完成: 从 scripts 新生成了 1 条数据。

--- 阶段 2: 合并 L0 与 L1 后，纯净英文基准总计: 74 条数据。---
  -> 扫描目录: data/workshop_content/3568029240/mods/PocketKittens/common/media/lua/shared/Translate/CN
     -> 在 'IG_UI_CN.txt' 中找到 1 个键。
     -> 在 'ItemName_CN.txt' 中找到 24 个键。
     -> 在 'Recipes_CN.txt' 中找到 23 个键。
     -> 在 'Sandbox_CN.txt' 中找到 7 个键。
     -> 在 'Tooltip_CN.txt' 中找到 3 个键。

--- 阶段 3: 从 CN 目录加载了 58 条数据。---

-------------------- 处理子模组: PocketKittensPsycho --------------------

--- 正在为 'PocketKittensPsycho' 动态查找 'media' 文件夹 ---
  -> 正在检查路径的有效性: data/workshop_content/3568029240/mods/PocketKittensPsycho/common/media
  --> 路径有效！将使用此路径进行处理: data/workshop_content/3568029240/mods/PocketKittensPsycho/common/media

--- 预加载 EN (L1) 数据 ---
预加载完成: 找到 0 个本地 EN 键。

--- 阶段 1: 扫描 Scripts (L0) ---
  -> 处理: PocketKitten_Butcher.txt
     -> 新增: 2 个 Item, 2 个 Recipe
阶段 1 完成: 从 scripts 新生成了 4 条数据。

--- 阶段 2: 合并 L0 与 L1 后，纯净英文基准总计: 4 条数据。---

--- 阶段 3: 从 CN 目录加载了 0 条数据。---

--- 正在为 Mod 'PocketKittens' 生成输出文件 ---
    - 最终合并 (output.txt): 74 条
    - 纯净英文 (EN_output.txt): 74 条
    - 纯净中文 (CN_output.txt): 58 条
    - 英文待办 (en_todo.txt): 16 条 (增量)
    - 中文独有 (cn_only.txt): 0 条 (增量)
    -> 正在尝试从 Git 历史记录中获取旧版本: data/output_files/PocketKittens_3568029240/EN_todo.txt
      --> 成功找到旧版本。
     -> 在 'EN_todo.txt (旧版本)' 中找到 16 个键。

处理成功！所有输出文件已保存在 'PocketKittens_3568029240' 文件夹中。
    -> [内存] 已为 Mod 3568029240 记录 Commit SHA: 4166f7e
