

========================= 开始处理 Workshop ID: 2792387747 (PompsItemsPlushies) =========================

--- 正在检查已完成的翻译于: data/completed_files/2792387747/en_completed.txt ---
     -> 在 'en_completed.txt' 中找到 941 个键。

-------------------- 处理子模组: PompsItemsPlushies --------------------

--- 正在为 'PompsItemsPlushies' 动态查找 'media' 文件夹 ---
  -> 发现版本目录: 42.0
  -> 正在检查路径的有效性: data/workshop_content/2792387747/mods/PompsItemsPlushies/42.0/media
  --> 路径有效！将使用此路径进行处理: data/workshop_content/2792387747/mods/PompsItemsPlushies/42.0/media

--- 预加载 EN (L1) 数据 ---
预加载完成: 找到 0 个本地 EN 键。

--- 阶段 1: 扫描 Scripts (L0) ---
  -> 处理: PompsPonyItems-timedactions.txt
  -> 处理: PompsPonyItems-world_items.txt
  -> 处理: items/PompsPonyItems-literature.txt
     -> 新增: 10 个 Item
  -> 处理: items/PompsPonyItems-ponies.txt
     -> 新增: 574 个 Item
  -> 处理: recipes/PompsPonyItems-recipes.txt
     -> 新增: 322 个 Recipe
阶段 1 完成: 从 scripts 新生成了 906 条数据。

--- 阶段 2: 合并 L0 与 L1 后，纯净英文基准总计: 906 条数据。---

--- 阶段 3: 从 CN 目录加载了 0 条数据。---

--- 已为 Mod ID 2792387747 更新 906 条键来源映射 ---

--- 正在为 Mod 'PompsItemsPlushies' 生成输出文件 ---
    - 最终合并 (output.txt): 906 条
    - 纯净英文 (EN_output.txt): 906 条
    - 纯净中文 (CN_output.txt): 0 条
    - 英文待办 (en_todo.txt): 0 条 (增量)
    - 中文独有 (cn_only.txt): 0 条 (增量)
    -> 正在尝试从 Git 历史记录中获取旧版本: data/output_files/PompsItemsPlushies_2792387747/EN_todo.txt
      --> 成功找到旧版本。
    处理文件 EN_todo.txt (旧版本) 时发生错误: 'StringPath' object has no attribute 'stem'
     -> 在 'EN_todo.txt (旧版本)' 中找到 0 个键。

处理成功！所有输出文件已保存在 'PompsItemsPlushies_2792387747' 文件夹中。
    -> [内存] 已为 Mod 2792387747 记录 Commit SHA: 4f4040a
