

========================= 开始处理 Workshop ID: 3564950449 (Project_Summer_Car) =========================

--- 正在检查已完成的翻译于: data/completed_files/3564950449/en_completed.txt ---
     -> 在 'en_completed.txt' 中找到 0 个键。

-------------------- 处理子模组: Project Summer Car --------------------

--- 正在为 'Project Summer Car' 动态查找 'media' 文件夹 ---
  -> 发现版本目录: 42
  -> 正在检查路径的有效性: data/workshop_content/3564950449/mods/Project Summer Car/42/media
  --> 路径有效！将使用此路径进行处理: data/workshop_content/3564950449/mods/Project Summer Car/42/media

--- 预加载 EN (L1) 数据 ---
预加载完成: 找到 0 个本地 EN 键。

--- 阶段 1: 扫描 Scripts (L0) ---
  -> 处理: Engine_fluids.txt
  -> 处理: WorldModels_EngineParts.txt
  -> 处理: WorldModels_Misc.txt
  -> 处理: items/Realistic_Engine_Parts.txt
     -> 新增: 37 个 Item
  -> 处理: items/Realistic_Engine_Parts_Heavy_Duty.txt
     -> 新增: 37 个 Item
  -> 处理: items/Realistic_Engine_Parts_Sport.txt
     -> 新增: 37 个 Item
  -> 处理: items/Realistic_Misc.txt
     -> 新增: 7 个 Item
  -> 处理: vehicles/template_engine.txt
阶段 1 完成: 从 scripts 新生成了 118 条数据。

--- 阶段 2: 合并 L0 与 L1 后，纯净英文基准总计: 118 条数据。---

--- 阶段 3: 从 CN 目录加载了 0 条数据。---

--- 正在为 Mod 'Project_Summer_Car' 生成输出文件 ---
    - 最终合并 (output.txt): 118 条
    - 纯净英文 (EN_output.txt): 118 条
    - 纯净中文 (CN_output.txt): 0 条
    - 英文待办 (en_todo.txt): 118 条 (增量)
    - 中文独有 (cn_only.txt): 0 条 (增量)
    -> 正在尝试从 Git 历史记录中获取旧版本: data/output_files/Project_Summer_Car_3564950449/EN_todo.txt
      --> 成功找到旧版本。
     -> 在 'EN_todo.txt (旧版本)' 中找到 118 个键。

处理成功！所有输出文件已保存在 'Project_Summer_Car_3564950449' 文件夹中。
    -> [内存] 已为 Mod 3564950449 记录 Commit SHA: 4166f7e
