

========================= 开始处理 Workshop ID: 3388468313 (RaccoonCityB42) =========================

--- 正在检查已完成的翻译于: data/completed_files/3388468313/en_completed.txt ---
     -> 在 'en_completed.txt' 中找到 34 个键。

-------------------- 处理子模组: RaccoonCityB42 --------------------

--- 正在为 'RaccoonCityB42' 动态查找 'media' 文件夹 ---
  -> 正在检查路径的有效性: data/workshop_content/3388468313/mods/RaccoonCityB42/common/media
  --> 路径有效！将使用此路径进行处理: data/workshop_content/3388468313/mods/RaccoonCityB42/common/media

--- 预加载 EN (L1) 数据 ---
  -> 扫描目录: data/workshop_content/3388468313/mods/RaccoonCityB42/common/media/lua/shared/Translate/EN
    -> 正在进入 Table: 'ContextMenu_EN'
     -> 在 'ContextMenu_EN.txt' 中找到 88 个键。
    -> 正在进入 Table: 'Fluids_EN'
     -> 在 'Fluids_EN.txt' 中找到 1 个键。
    -> 正在进入 Table: 'IGUI_EN'
     -> 在 'IG_UI_EN.txt' 中找到 24 个键。
    -> 正在进入 Table: 'Items_CN'
     -> 在 'Items_EN.txt' 中找到 10 个键。
    -> 正在进入 Table: 'Sandbox_EN'
     -> 在 'Sandbox_EN.txt' 中找到 18 个键。
    -> 正在进入 Table: 'Tooltip_EN'
     -> 在 'Tooltip_EN.txt' 中找到 45 个键。
预加载完成: 找到 186 个本地 EN 键。

--- 阶段 1: 扫描 Scripts (L0) ---
  -> 处理: RaccoonCityItems.txt
     -> 新增: 22 个 Item
  -> 处理: RaccoonCityRecipes.txt
     -> 新增: 4 个 Recipe
  -> 处理: RaccoonCityRepair.txt
  -> 处理: RaccoonCityRound.txt
  -> 处理: models_DoubleDoor.txt
  -> 处理: vehicles/Biochemical_PickupTruck.txt
  -> 处理: vehicles/models_Biochemical_PickupTruck.txt
  -> 处理: vehicles/template_Biochemical_Bumper.txt
  -> 处理: vehicles/template_Biochemical_roofrack.txt
阶段 1 完成: 从 scripts 新生成了 26 条数据。

--- 阶段 2: 合并 L0 与 L1 后，纯净英文基准总计: 212 条数据。---
  -> 扫描目录: data/workshop_content/3388468313/mods/RaccoonCityB42/common/media/lua/shared/Translate/CN
    -> 正在进入 Table: 'ContextMenu_CN'
     -> 在 'ContextMenu_CN.txt' 中找到 88 个键。
    -> 正在进入 Table: 'Fluids_CN'
     -> 在 'Fluids_CN.txt' 中找到 1 个键。
    -> 正在进入 Table: 'IGUI_CN'
     -> 在 'IG_UI_CN.txt' 中找到 24 个键。
    -> 正在进入 Table: 'Items_CN'
     -> 在 'Items_CN.txt' 中找到 22 个键。
    -> 正在进入 Table: 'Recipes_CN'
     -> 在 'Recipes_CN.txt' 中找到 4 个键。
    -> 正在进入 Table: 'Sandbox_CN'
     -> 在 'Sandbox_CN.txt' 中找到 18 个键。
    -> 正在进入 Table: 'Tooltip_CN'
     -> 在 'Tooltip_CN.txt' 中找到 45 个键。

--- 阶段 3: 从 CN 目录加载了 202 条数据。---

--- 正在为 Mod 'RaccoonCityB42' 生成输出文件 ---
    - 最终合并 (output.txt): 226 条
    - 纯净英文 (EN_output.txt): 212 条
    - 纯净中文 (CN_output.txt): 202 条
    - 英文待办 (en_todo.txt): 0 条 (增量)
    - 中文独有 (cn_only.txt): 14 条 (增量)
    -> 正在尝试从 Git 历史记录中获取旧版本: data/output_files/RaccoonCityB42_3388468313/EN_todo.txt
      --> 成功找到旧版本。
     -> 在 'EN_todo.txt (旧版本)' 中找到 34 个键。
    -> 检测到内容变更。新增: 0, 移除: 34

处理成功！所有输出文件已保存在 'RaccoonCityB42_3388468313' 文件夹中。
    -> [内存] 已为 Mod 3388468313 记录 Commit SHA: 7385369
