

========================= 开始处理 Workshop ID: 2675128168 (rasProfessions) =========================

--- 正在检查已完成的翻译于: data/completed_files/2675128168/en_completed.txt ---
  -> 文件 'en_completed.txt' 在目标位置不存在，将自动创建。

--- 正在检查待排除的键于: data/completed_files/2675128168/exclusion_list.txt ---
  -> 排除列表文件 'exclusion_list.txt' 不存在，跳过。

-------------------- 处理子模组: rasProfessions --------------------

--- 正在为 'rasProfessions' 动态查找 'media' 文件夹 ---
  -> 发现版本目录: 42
  -> 正在检查路径的有效性: data/workshop_content/2675128168/mods/rasProfessions/common/media
  --> 路径有效！将使用此路径进行处理: data/workshop_content/2675128168/mods/rasProfessions/common/media

--- 预加载 EN (L1) 数据 ---
  -> 扫描目录: data/workshop_content/2675128168/mods/rasProfessions/common/media/lua/shared/Translate/EN
     -> 在 'Sandbox_EN.txt' 中找到 7 个键。
     -> 在 'UI_EN.txt' 中找到 75 个键。
预加载完成: 找到 82 个本地 EN 键。

--- 阶段 1: 扫描 Scripts (L0) ---
  -> 警告：未找到 Scripts 目录，跳过。
阶段 1 完成: 从 scripts 新生成了 0 条数据。

--- 阶段 2: 合并 L0 与 L1 后，纯净英文基准总计: 82 条数据。---

--- 阶段 3: 从 CN 目录加载了 0 条数据。---

--- 阶段 4: 移除了 9 个 EN 键和 0 个 CN 键 (与官方重复)。---

--- 已为 Mod ID 2675128168 更新 73 条键来源映射 ---

--- 正在为 Mod 'rasProfessions' 生成输出文件 ---
    - 最终合并 (output.txt): 73 条
    - 纯净英文 (EN_output.txt): 73 条
    - 纯净中文 (CN_output.txt): 0 条
    - 英文待办 (en_todo.txt): 73 条 (增量)
    - 中文独有 (cn_only.txt): 0 条 (增量)
    - 冲突键 (conflict_keys.txt): 9 条
    -> 正在尝试从 Git 历史记录中获取旧版本: data/output_files/rasProfessions_2675128168/EN_todo.txt
      --> 在 Git 历史记录中未找到该文件，视为全新。
    -> 基线日志已存档到: data/logs/archive/rasProfessions_2675128168_baseline_run_20251009_203806.json

处理成功！所有输出文件已保存在 'rasProfessions_2675128168' 文件夹中。
    -> 警告：未能获取 Mod 2675128168 的完成文件SHA，状态未记录。
