

========================= 开始处理 Workshop ID: 3409422147 (RestoreUtilities) =========================

--- 正在检查已完成的翻译于: data/completed_files/3409422147/en_completed.txt ---
     -> 在 'en_completed.txt' 中找到 161 个键。

-------------------- 处理子模组: RestoreUtilities --------------------

--- 正在为 'RestoreUtilities' 动态查找 'media' 文件夹 ---
  -> 发现版本目录: 42
  -> 正在检查路径的有效性: data/workshop_content/3409422147/mods/RestoreUtilities/42/media
  --> 路径有效！将使用此路径进行处理: data/workshop_content/3409422147/mods/RestoreUtilities/42/media

--- 预加载 EN (L1) 数据 ---
  -> 扫描目录: data/workshop_content/3409422147/mods/RestoreUtilities/42/media/lua/shared/Translate/EN
     -> 在 'ContextMenu_EN.txt' 中找到 70 个键。
     -> 在 'Items_EN.txt' 中找到 17 个键。
     -> 在 'Recipes_EN.txt' 中找到 16 个键。
     -> 在 'Sandbox_EN.txt' 中找到 27 个键。
     -> 在 'Tooltip_EN.txt' 中找到 18 个键。
预加载完成: 找到 148 个本地 EN 键。

--- 阶段 1: 扫描 Scripts (L0) ---
  -> 处理: items/RU_Items.txt
     -> 新增: 17 个 Item
  -> 处理: recipes/RU_Recipes.txt
  -> 处理: sounds/RU_Sounds.txt
阶段 1 完成: 从 scripts 新生成了 17 条数据。

--- 阶段 2: 合并 L0 与 L1 后，纯净英文基准总计: 165 条数据。---

--- 阶段 3: 从 CN 目录加载了 0 条数据。---

--- 正在为 Mod 'RestoreUtilities' 生成输出文件 ---
    - 最终合并 (output.txt): 165 条
    - 纯净英文 (EN_output.txt): 165 条
    - 纯净中文 (CN_output.txt): 0 条
    - 英文待办 (en_todo.txt): 17 条 (增量)
    - 中文独有 (cn_only.txt): 0 条 (增量)
    -> 正在尝试从 Git 历史记录中获取旧版本: data/output_files/RestoreUtilities_3409422147/EN_todo.txt
      --> 成功找到旧版本。
     -> 在 'EN_todo.txt (旧版本)' 中找到 17 个键。

处理成功！所有输出文件已保存在 'RestoreUtilities_3409422147' 文件夹中。
    -> [内存] 已为 Mod 3409422147 记录 Commit SHA: 2242fab
