

========================= 开始处理 Workshop ID: 3555588616 (SewingWorkbranch) =========================

--- 正在检查已完成的翻译于: data/completed_files/3555588616/en_completed.txt ---
  -> 文件 'en_completed.txt' 在目标位置不存在，将自动创建。

-------------------- 处理子模组: SewingWorkbranch --------------------

--- 正在为 'SewingWorkbranch' 动态查找 'media' 文件夹 ---
  -> 发现版本目录: 42.0
  -> 正在检查路径的有效性: data/workshop_content/3555588616/mods/SewingWorkbranch/42.0/media
  --> 路径有效！将使用此路径进行处理: data/workshop_content/3555588616/mods/SewingWorkbranch/42.0/media

--- 预加载 EN (L1) 数据 ---
  -> 扫描目录: data/workshop_content/3555588616/mods/SewingWorkbranch/42.0/media/lua/shared/Translate/EN
     -> 在 'Fluids_EN.txt' 中找到 1 个键。
     -> 在 'IG_UI_EN.txt' 中找到 1 个键。
     -> 在 'ItemName_EN.txt' 中找到 11 个键。
     -> 在 'Recipes_EN.txt' 中找到 22 个键。
     -> 在 'Sandbox_EN.txt' 中找到 123 个键。
     -> 在 'UI_EN.txt' 中找到 55 个键。
预加载完成: 找到 213 个本地 EN 键。

--- 阶段 1: 扫描 Scripts (L0) ---
  -> 处理: craftRecipe_AdvancedSewing.txt
     -> 新增: 13 个 Recipe
  -> 处理: craftRecipe_KevlarStrips.txt
     -> 新增: 2 个 Recipe
  -> 处理: craftRecipe_RubberStrips.txt
     -> 新增: 3 个 Recipe
  -> 处理: entity_BlueElectricSewing.txt
  -> 处理: entity_ElectricSewing.txt
  -> 处理: entity_OldSewing.txt
  -> 处理: item_KevlarStrips.txt
  -> 处理: item_Mov_BlueElectricSewing.txt
  -> 处理: item_Mov_ElectricSewing.txt
  -> 处理: item_Mov_OldSewing.txt
  -> 处理: item_RubberStrips.txt
  -> 处理: model_KevlarStrips.txt
  -> 处理: model_RubberStrips.txt
  -> 处理: xuiSkin.txt
阶段 1 完成: 从 scripts 新生成了 18 条数据。

--- 阶段 2: 合并 L0 与 L1 后，纯净英文基准总计: 231 条数据。---

--- 阶段 3: 从 CN 目录加载了 0 条数据。---

--- 已为 Mod ID 3555588616 更新 231 条键来源映射 ---

--- 正在为 Mod 'SewingWorkbranch' 生成输出文件 ---
    - 最终合并 (output.txt): 231 条
    - 纯净英文 (EN_output.txt): 231 条
    - 纯净中文 (CN_output.txt): 0 条
    - 英文待办 (en_todo.txt): 231 条 (增量)
    - 中文独有 (cn_only.txt): 0 条 (增量)
    -> 正在尝试从 Git 历史记录中获取旧版本: data/output_files/SewingWorkbranch_3555588616/EN_todo.txt
      --> 在 Git 历史记录中未找到该文件，视为全新。
    -> 基线日志已存档到: data/logs/archive/SewingWorkbranch_3555588616_baseline_run_20250925_161823.json

处理成功！所有输出文件已保存在 'SewingWorkbranch_3555588616' 文件夹中。
    -> 警告：未能获取 Mod 3555588616 的完成文件SHA，状态未记录。
