

========================= 开始处理 Workshop ID: 3383001527 (ShieldModeSecondaryHandEquip) =========================

--- 正在检查已完成的翻译于: data/completed_files/3383001527/en_completed.txt ---
     -> 在 'en_completed.txt' 中找到 5 个键。

-------------------- 处理子模组: ShieldModeSecondaryHandEquip --------------------

--- 正在为 'ShieldModeSecondaryHandEquip' 动态查找 'media' 文件夹 ---
  -> 发现版本目录: 42
  -> 正在检查路径的有效性: data/workshop_content/3383001527/mods/ShieldModeSecondaryHandEquip/42/media
  --> 路径有效！将使用此路径进行处理: data/workshop_content/3383001527/mods/ShieldModeSecondaryHandEquip/42/media

--- 预加载 EN (L1) 数据 ---
  -> 扫描目录: data/workshop_content/3383001527/mods/ShieldModeSecondaryHandEquip/42/media/lua/shared/Translate/EN
     -> 在 'ItemName_EN.txt' 中找到 4 个键。
     -> 在 'Recipes_EN.txt' 中找到 1 个键。
    处理文件 Tooltip_EN.txt 时发生错误: 'utf-8' codec can't decode byte 0xff in position 0: invalid start byte
     -> 在 'Tooltip_EN.txt' 中找到 0 个键。
预加载完成: 找到 5 个本地 EN 键。

--- 阶段 1: 扫描 Scripts (L0) ---
  -> 处理: item.txt
  -> 处理: model.txt
  -> 处理: recipe.txt
     -> 新增: 1 个 Recipe
阶段 1 完成: 从 scripts 新生成了 1 条数据。

--- 阶段 2: 合并 L0 与 L1 后，纯净英文基准总计: 6 条数据。---

--- 阶段 3: 从 CN 目录加载了 0 条数据。---

--- 正在为 Mod 'ShieldModeSecondaryHandEquip' 生成输出文件 ---
    - 最终合并 (output.txt): 6 条
    - 纯净英文 (EN_output.txt): 6 条
    - 纯净中文 (CN_output.txt): 0 条
    - 英文待办 (en_todo.txt): 2 条 (增量)
    - 中文独有 (cn_only.txt): 0 条 (增量)
    -> 正在尝试从 Git 历史记录中获取旧版本: data/output_files/ShieldModeSecondaryHandEquip_3383001527/EN_todo.txt
      --> 在 Git 历史记录中未找到该文件，视为全新。
    -> 基线日志已存档到: data/logs/archive/ShieldModeSecondaryHandEquip_3383001527_baseline_run_20250913_172826.json

处理成功！所有输出文件已保存在 'ShieldModeSecondaryHandEquip_3383001527' 文件夹中。
    -> [内存] 已为 Mod 3383001527 记录 Commit SHA: 2242fab
