

========================= 开始处理 Workshop ID: 3340255334 (Spongie_Character_Retexture_-_Customisation) =========================

--- 正在检查已完成的翻译于: data\completed_files\3340255334\en_completed.txt ---
     -> 在 'en_completed.txt' 中找到 12 个键。

--- 正在检查待排除的键于: data\completed_files\3340255334\exclusion_list.txt ---
  -> 排除列表文件 'exclusion_list.txt' 不存在，跳过。

-------------------- 处理子模组: Spongie Character Retexture - Customisation --------------------

--- 正在为 'Spongie Character Retexture - Customisation' 动态查找 'media' 文件夹 ---
  -> 发现版本目录: 42.0
  -> 正在检查路径的有效性: data\workshop_content\3340255334\mods\Spongie Character Retexture - Customisation\42.0\media
  --> 路径有效！将使用此路径进行处理: data\workshop_content\3340255334\mods\Spongie Character Retexture - Customisation\42.0\media

--- 预加载 EN (L1) 数据 ---
  -> 扫描目录: data\workshop_content\3340255334\mods\Spongie Character Retexture - Customisation\42.0\media\lua\shared\translate\EN
     -> 在 'IG_UI_EN.txt' 中找到 12 个键。
预加载完成: 找到 12 个本地 EN 键。

--- 阶段 1: 扫描 Scripts (L0) ---
  -> 处理: SPNRetexture_faces.txt
阶段 1 完成: 从 scripts 新生成了 0 条数据。

--- 阶段 2: 合并 L0 与 L1 后，纯净英文基准总计: 12 条数据。---

--- 阶段 3: 从 CN 目录加载了 0 条数据。---

--- 已为 Mod ID 3340255334 更新 12 条键来源映射 ---

--- 正在为 Mod 'Spongie_Character_Retexture_-_Customisation' 生成输出文件 ---
    - 最终合并 (output.txt): 12 条
    - 纯净英文 (EN_output.txt): 12 条
    - 纯净中文 (CN_output.txt): 0 条
    - 英文待办 (en_todo.txt): 0 条 (增量)
    - 中文独有 (cn_only.txt): 0 条 (增量)
    - 冲突键 (conflict_keys.txt): 0 条
    -> 正在尝试从 Git 历史记录中获取旧版本: data/output_files/Spongie_Character_Retexture_-_Customisation_3340255334/EN_todo.txt
      --> 成功找到旧版本。
     -> 在 'EN_todo.txt (旧版本)' 中找到 0 个键。

处理成功！所有输出文件已保存在 'Spongie_Character_Retexture_-_Customisation_3340255334' 文件夹中。
    -> [内存] 已为 Mod 3340255334 记录 Commit SHA: 2242fab
