

========================= 开始处理 Workshop ID: 2812326159 (SpongieOpenJackets) =========================

--- 正在检查已完成的翻译于: data/completed_files/2812326159/en_completed.txt ---
     -> 在 'en_completed.txt' 中找到 258 个键。

-------------------- 处理子模组: SpongieOpenJackets --------------------

--- 正在为 'SpongieOpenJackets' 动态查找 'media' 文件夹 ---
  -> 发现版本目录: 42.0
  -> 正在检查路径的有效性: data/workshop_content/2812326159/mods/SpongieOpenJackets/42.0/media
  --> 路径有效！将使用此路径进行处理: data/workshop_content/2812326159/mods/SpongieOpenJackets/42.0/media

--- 预加载 EN (L1) 数据 ---
  -> 扫描目录: data/workshop_content/2812326159/mods/SpongieOpenJackets/42.0/media/lua/shared/Translate/EN
     -> 在 'ContextMenu_EN.txt' 中找到 9 个键。
     -> 在 'ItemName_EN.txt' 中找到 251 个键。
     -> 在 'Recipes_EN.txt' 中找到 6 个键。
预加载完成: 找到 244 个本地 EN 键。

--- 阶段 1: 扫描 Scripts (L0) ---
  -> 处理: OpenJackets_Models.txt
  -> 处理: clothing/SpongieClothes_VanillaJackets.txt
     -> 新增: 1 个 Item
  -> 处理: clothing/SpongieClothes_VanillaJacketsRolled.txt
  -> 处理: clothing/SpongieClothes_VanillaJumpers.txt
  -> 处理: clothing/SpongieClothes_VanillaJumpsuits.txt
  -> 处理: clothing/SpongieClothes_VanillaShirts.txt
     -> 新增: 3 个 Item
  -> 处理: clothing/SpongieClothes_VanillaTrousers.txt
     -> 新增: 1 个 Item
  -> 处理: clothing/SpongieClothes_VanillaVests.txt
     -> 新增: 9 个 Item
阶段 1 完成: 从 scripts 新生成了 14 条数据。

--- 阶段 2: 合并 L0 与 L1 后，纯净英文基准总计: 258 条数据。---

--- 阶段 3: 从 CN 目录加载了 0 条数据。---

--- 正在为 Mod 'SpongieOpenJackets' 生成输出文件 ---
    - 最终合并 (output.txt): 258 条
    - 纯净英文 (EN_output.txt): 258 条
    - 纯净中文 (CN_output.txt): 0 条
    - 英文待办 (en_todo.txt): 1 条 (增量)
    - 中文独有 (cn_only.txt): 0 条 (增量)
    -> 正在尝试从 Git 历史记录中获取旧版本: data/output_files/SpongieOpenJackets_2812326159/EN_todo.txt
      --> 成功找到旧版本。
     -> 在 'EN_todo.txt (旧版本)' 中找到 243 个键。
    -> 检测到内容变更。新增: 0, 移除: 242

处理成功！所有输出文件已保存在 'SpongieOpenJackets_2812326159' 文件夹中。
    -> [内存] 已为 Mod 2812326159 记录 Commit SHA: a889ec1
