

========================= 开始处理 Workshop ID: 3540297822 (TableSaw) =========================

--- 正在检查已完成的翻译于: data/completed_files/3540297822/en_completed.txt ---
     -> 在 'en_completed.txt' 中找到 3 个键。

-------------------- 处理子模组: TableSaw --------------------

--- 正在为 'TableSaw' 动态查找 'media' 文件夹 ---
  -> 正在检查路径的有效性: data/workshop_content/3540297822/mods/TableSaw/common/media
  --> 路径有效！将使用此路径进行处理: data/workshop_content/3540297822/mods/TableSaw/common/media

--- 预加载 EN (L1) 数据 ---
  -> 扫描目录: data/workshop_content/3540297822/mods/TableSaw/common/media/lua/shared/Translate/EN
     -> 在 'ContextMenu_EN.txt' 中找到 1 个键。
     -> 在 'IG_UI_EN.txt' 中找到 15 个键。
     -> 在 'Items_EN.txt' 中找到 2 个键。
     -> 在 'Sandbox_EN.txt' 中找到 16 个键。
     -> 在 'Tooltip_EN.txt' 中找到 4 个键。
预加载完成: 找到 38 个本地 EN 键。

--- 阶段 1: 扫描 Scripts (L0) ---
  -> 处理: TableSawItems.txt
     -> 新增: 2 个 Item
  -> 处理: TableSawRound.txt
阶段 1 完成: 从 scripts 新生成了 2 条数据。

--- 阶段 2: 合并 L0 与 L1 后，纯净英文基准总计: 40 条数据。---
  -> 扫描目录: data/workshop_content/3540297822/mods/TableSaw/common/media/lua/shared/Translate/CN
     -> 在 'ContextMenu_CN.txt' 中找到 1 个键。
     -> 在 'IG_UI_CN.txt' 中找到 15 个键。
     -> 在 'Items_CN.txt' 中找到 2 个键。
     -> 在 'Sandbox_CN.txt' 中找到 16 个键。
     -> 在 'Tooltip_CN.txt' 中找到 4 个键。

--- 阶段 3: 从 CN 目录加载了 38 条数据。---

--- 正在为 Mod 'TableSaw' 生成输出文件 ---
    - 最终合并 (output.txt): 40 条
    - 纯净英文 (EN_output.txt): 40 条
    - 纯净中文 (CN_output.txt): 38 条
    - 英文待办 (en_todo.txt): 0 条 (增量)
    - 中文独有 (cn_only.txt): 0 条 (增量)
    -> 正在尝试从 Git 历史记录中获取旧版本: data/output_files/TableSaw_3540297822/EN_todo.txt
      --> 成功找到旧版本。
     -> 在 'EN_todo.txt (旧版本)' 中找到 0 个键。

处理成功！所有输出文件已保存在 'TableSaw_3540297822' 文件夹中。
    -> [内存] 已为 Mod 3540297822 记录 Commit SHA: 104640c
