

========================= 开始处理 Workshop ID: 2324223029 (Tactical_Weapons) =========================

--- 正在检查已完成的翻译于: data/completed_files/2324223029/en_completed.txt ---
     -> 在 'en_completed.txt' 中找到 36 个键。

-------------------- 处理子模组: Tactical Weapons --------------------

--- 正在为 'Tactical Weapons' 动态查找 'media' 文件夹 ---
  -> 正在检查路径的有效性: data/workshop_content/2324223029/mods/Tactical Weapons/media
  --> 路径有效！将使用此路径进行处理: data/workshop_content/2324223029/mods/Tactical Weapons/media

--- 预加载 EN (L1) 数据 ---
预加载完成: 找到 0 个本地 EN 键。

--- 阶段 1: 扫描 Scripts (L0) ---
  -> 处理: TW_recipes.txt
     -> 新增: 14 个 Recipe
  -> 处理: module_TWBase.txt
  -> 处理: module_TWeapons.txt
     -> 新增: 14 个 Item, 10 个 Recipe
阶段 1 完成: 从 scripts 新生成了 38 条数据。

--- 阶段 2: 合并 L0 与 L1 后，纯净英文基准总计: 38 条数据。---

--- 阶段 3: 从 CN 目录加载了 0 条数据。---

--- 正在为 Mod 'Tactical_Weapons' 生成输出文件 ---
    - 最终合并 (output.txt): 38 条
    - 纯净英文 (EN_output.txt): 38 条
    - 纯净中文 (CN_output.txt): 0 条
    - 英文待办 (en_todo.txt): 24 条 (增量)
    - 中文独有 (cn_only.txt): 0 条 (增量)
    -> 正在尝试从 Git 历史记录中获取旧版本: data/output_files/Tactical_Weapons_2324223029/EN_todo.txt
      --> 成功找到旧版本。
     -> 在 'EN_todo.txt (旧版本)' 中找到 24 个键。

处理成功！所有输出文件已保存在 'Tactical_Weapons_2324223029' 文件夹中。
    -> [内存] 已为 Mod 2324223029 记录 Commit SHA: 2242fab
