

========================= 开始处理 Workshop ID: 3402789975 (Tatrapan) =========================

--- 正在检查已完成的翻译于: data/completed_files/3402789975/en_completed.txt ---
     -> 在 'en_completed.txt' 中找到 10 个键。

-------------------- 处理子模组: Tatrapan --------------------

--- 正在为 'Tatrapan' 动态查找 'media' 文件夹 ---
  -> 发现版本目录: 42
  -> 正在检查路径的有效性: data/workshop_content/3402789975/mods/Tatrapan/42/media
  --> 路径有效！将使用此路径进行处理: data/workshop_content/3402789975/mods/Tatrapan/42/media

--- 预加载 EN (L1) 数据 ---
  -> 扫描目录: data/workshop_content/3402789975/mods/Tatrapan/42/media/lua/shared/Translate/EN
     -> 在 'IG_UI_EN.txt' 中找到 3 个键。
预加载完成: 找到 3 个本地 EN 键。

--- 阶段 1: 扫描 Scripts (L0) ---
  -> 处理: vehicles/Tatrapan.txt
  -> 处理: vehicles/TatrapanAmbulance.txt
  -> 处理: vehicles/TatrapanApocalypto.txt
  -> 处理: vehicles/template_TatrapanAmbulance_accesories.txt
  -> 处理: vehicles/template_TatrapanAmbulance_armor.txt
  -> 处理: vehicles/template_TatrapanAmbulance_bumpers.txt
  -> 处理: vehicles/template_TatrapanAmbulance_doors.txt
  -> 处理: vehicles/template_TatrapanAmbulance_hood.txt
  -> 处理: vehicles/template_TatrapanAmbulance_seats.txt
  -> 处理: vehicles/template_TatrapanAmbulance_trunks.txt
  -> 处理: vehicles/template_TatrapanAmbulance_windows.txt
  -> 处理: vehicles/template_TatrapanAmbulance_windshields.txt
  -> 处理: vehicles/template_TatrapanApocalypto_accesories - kopie.txt
  -> 处理: vehicles/template_TatrapanApocalypto_armor.txt
  -> 处理: vehicles/template_TatrapanApocalypto_bumpers.txt
  -> 处理: vehicles/template_TatrapanApocalypto_doors.txt
  -> 处理: vehicles/template_TatrapanApocalypto_hood.txt
  -> 处理: vehicles/template_TatrapanApocalypto_seats.txt
  -> 处理: vehicles/template_TatrapanApocalypto_trunks.txt
  -> 处理: vehicles/template_TatrapanApocalypto_windows.txt
  -> 处理: vehicles/template_TatrapanApocalypto_windshields.txt
  -> 处理: vehicles/template_Tatrapan_accesories.txt
  -> 处理: vehicles/template_Tatrapan_armor.txt
  -> 处理: vehicles/template_Tatrapan_bumpers.txt
  -> 处理: vehicles/template_Tatrapan_doors.txt
  -> 处理: vehicles/template_Tatrapan_hood.txt
  -> 处理: vehicles/template_Tatrapan_seats.txt
  -> 处理: vehicles/template_Tatrapan_trunks.txt
  -> 处理: vehicles/template_Tatrapan_windows.txt
  -> 处理: vehicles/template_Tatrapan_windshields.txt
阶段 1 完成: 从 scripts 新生成了 0 条数据。

--- 阶段 2: 合并 L0 与 L1 后，纯净英文基准总计: 3 条数据。---

--- 阶段 3: 从 CN 目录加载了 0 条数据。---

--- 正在为 Mod 'Tatrapan' 生成输出文件 ---
    - 最终合并 (output.txt): 3 条
    - 纯净英文 (EN_output.txt): 3 条
    - 纯净中文 (CN_output.txt): 0 条
    - 英文待办 (en_todo.txt): 0 条 (增量)
    - 中文独有 (cn_only.txt): 0 条 (增量)
    -> 正在尝试从 Git 历史记录中获取旧版本: data/output_files/Tatrapan_3402789975/EN_todo.txt
      --> 成功找到旧版本。
     -> 在 'EN_todo.txt (旧版本)' 中找到 0 个键。

处理成功！所有输出文件已保存在 'Tatrapan_3402789975' 文件夹中。
    -> [内存] 已为 Mod 3402789975 记录 Commit SHA: 53dbbce
