

========================= 开始处理 Workshop ID: 3446203945 (TowTruckMod) =========================

--- 正在检查已完成的翻译于: data/completed_files/3446203945/en_completed.txt ---
     -> 在 'en_completed.txt' 中找到 30 个键。

-------------------- 处理子模组: TowTruckMod --------------------

--- 正在为 'TowTruckMod' 动态查找 'media' 文件夹 ---
  -> 正在检查路径的有效性: data/workshop_content/3446203945/mods/TowTruckMod/common/media
  --> 路径有效！将使用此路径进行处理: data/workshop_content/3446203945/mods/TowTruckMod/common/media

--- 预加载 EN (L1) 数据 ---
  -> 扫描目录: data/workshop_content/3446203945/mods/TowTruckMod/common/media/lua/shared/Translate/EN
     -> 在 'IG_UI_EN.txt' 中找到 5 个键。
     -> 在 'ItemName_EN.txt' 中找到 1 个键。
     -> 在 'Tooltip_EN.txt' 中找到 4 个键。
     -> 在 'UI_EN.txt' 中找到 13 个键。
预加载完成: 找到 23 个本地 EN 键。

--- 阶段 1: 扫描 Scripts (L0) ---
  -> 处理: TowMod_items.txt
  -> 处理: Vehicles/Chevalier_Rhino.txt
  -> 处理: Vehicles/Chevalier_Rhino_SVU_Models.txt
  -> 处理: Vehicles/Chevalier_Rhino_models.txt
  -> 处理: Vehicles/Chevalier_Rhino_recipes.txt
     -> 新增: 1 个 Recipe
  -> 处理: Vehicles/Chevalier_Rhino_vehiclesfixing.txt
  -> 处理: Vehicles/Chevalier_Rhino_vehiclesitems.txt
     -> 新增: 6 个 Item
  -> 处理: Vehicles/Rhino_RPMtype.txt
  -> 处理: Vehicles/template_RhinoArmor.txt
  -> 处理: Vehicles/template_RhinoDoor.txt
  -> 处理: Vehicles/template_RhinoHood.txt
  -> 处理: Vehicles/template_RhinoWindow.txt
  -> 处理: Vehicles/template_RhinoWindshield.txt
阶段 1 完成: 从 scripts 新生成了 7 条数据。

--- 阶段 2: 合并 L0 与 L1 后，纯净英文基准总计: 30 条数据。---
  -> 扫描目录: data/workshop_content/3446203945/mods/TowTruckMod/common/media/lua/shared/Translate/CN
     -> 在 'IG_UI_CN.txt' 中找到 1 个键。
     -> 在 'UI_CN.txt' 中找到 11 个键。

--- 阶段 3: 从 CN 目录加载了 12 条数据。---

-------------------- 处理子模组: TowTruckMod_M62Patch --------------------

--- 正在为 'TowTruckMod_M62Patch' 动态查找 'media' 文件夹 ---
  -> 正在检查路径的有效性: data/workshop_content/3446203945/mods/TowTruckMod_M62Patch/common/media
  --> 路径有效！将使用此路径进行处理: data/workshop_content/3446203945/mods/TowTruckMod_M62Patch/common/media

--- 预加载 EN (L1) 数据 ---
预加载完成: 找到 0 个本地 EN 键。

--- 阶段 1: 扫描 Scripts (L0) ---
  -> 处理: Vehicles/78amgeneralM62_Patch.txt
阶段 1 完成: 从 scripts 新生成了 0 条数据。

--- 阶段 2: 合并 L0 与 L1 后，纯净英文基准总计: 0 条数据。---

--- 阶段 3: 从 CN 目录加载了 0 条数据。---

-------------------- 处理子模组: TowTruckMod_SVUPatch --------------------

--- 正在为 'TowTruckMod_SVUPatch' 动态查找 'media' 文件夹 ---
  -> 正在检查路径的有效性: data/workshop_content/3446203945/mods/TowTruckMod_SVUPatch/common/media
  --> 路径有效！将使用此路径进行处理: data/workshop_content/3446203945/mods/TowTruckMod_SVUPatch/common/media

--- 预加载 EN (L1) 数据 ---
预加载完成: 找到 0 个本地 EN 键。

--- 阶段 1: 扫描 Scripts (L0) ---
  -> 处理: items_PUV.txt
  -> 处理: vehicles/templates/a_template_upgrades_chevalier_rhino.txt
阶段 1 完成: 从 scripts 新生成了 0 条数据。

--- 阶段 2: 合并 L0 与 L1 后，纯净英文基准总计: 0 条数据。---

--- 阶段 3: 从 CN 目录加载了 0 条数据。---

-------------------- 处理子模组: TowTruckMod_VanillaStyle --------------------

--- 正在为 'TowTruckMod_VanillaStyle' 动态查找 'media' 文件夹 ---
  -> 正在检查路径的有效性: data/workshop_content/3446203945/mods/TowTruckMod_VanillaStyle/common/media
  --> 路径有效！将使用此路径进行处理: data/workshop_content/3446203945/mods/TowTruckMod_VanillaStyle/common/media

--- 预加载 EN (L1) 数据 ---
预加载完成: 找到 0 个本地 EN 键。

--- 阶段 1: 扫描 Scripts (L0) ---
  -> 处理: Vehicles/Chevalier_Rhino_SVU_Models.txt
  -> 处理: Vehicles/Chevalier_Rhino_Vanilla.txt
  -> 处理: Vehicles/template_RhinoArmor.txt
  -> 处理: Vehicles/template_RhinoDoor.txt
  -> 处理: Vehicles/template_RhinoHood.txt
  -> 处理: Vehicles/template_RhinoWindow.txt
  -> 处理: Vehicles/template_RhinoWindshield.txt
阶段 1 完成: 从 scripts 新生成了 0 条数据。

--- 阶段 2: 合并 L0 与 L1 后，纯净英文基准总计: 0 条数据。---

--- 阶段 3: 从 CN 目录加载了 0 条数据。---

--- 正在为 Mod 'TowTruckMod' 生成输出文件 ---
    - 最终合并 (output.txt): 31 条
    - 纯净英文 (EN_output.txt): 30 条
    - 纯净中文 (CN_output.txt): 12 条
    - 英文待办 (en_todo.txt): 0 条 (增量)
    - 中文独有 (cn_only.txt): 1 条 (增量)
    -> 正在尝试从 Git 历史记录中获取旧版本: data/output_files/TowTruckMod_3446203945/EN_todo.txt
      --> 在 Git 历史记录中未找到该文件，视为全新。

处理成功！所有输出文件已保存在 'TowTruckMod_3446203945' 文件夹中。
