

========================= 开始处理 Workshop ID: 3554424111 (U.S._M998_Humvee_by_Papa_Chad) =========================

--- 正在检查已完成的翻译于: data/completed_files/3554424111/en_completed.txt ---
     -> 在 'en_completed.txt' 中找到 39 个键。

-------------------- 处理子模组: U.S. M998 Humvee by Papa_Chad --------------------

--- 正在为 'U.S. M998 Humvee by Papa_Chad' 动态查找 'media' 文件夹 ---
  -> 发现版本目录: 42
  -> 正在检查路径的有效性: data/workshop_content/3554424111/mods/U.S. M998 Humvee by Papa_Chad/42/media
  --> 路径有效！将使用此路径进行处理: data/workshop_content/3554424111/mods/U.S. M998 Humvee by Papa_Chad/42/media

--- 预加载 EN (L1) 数据 ---
预加载完成: 找到 0 个本地 EN 键。

--- 阶段 1: 扫描 Scripts (L0) ---
  -> 处理: M988_Humvee_Models.txt
  -> 处理: M998_Humvee.txt
  -> 处理: M998_Humvee_Itens.txt
     -> 新增: 28 个 Item
阶段 1 完成: 从 scripts 新生成了 28 条数据。

--- 阶段 2: 合并 L0 与 L1 后，纯净英文基准总计: 28 条数据。---

--- 阶段 3: 从 CN 目录加载了 0 条数据。---

--- 正在为 Mod 'U.S._M998_Humvee_by_Papa_Chad' 生成输出文件 ---
    - 最终合并 (output.txt): 28 条
    - 纯净英文 (EN_output.txt): 28 条
    - 纯净中文 (CN_output.txt): 0 条
    - 英文待办 (en_todo.txt): 1 条 (增量)
    - 中文独有 (cn_only.txt): 0 条 (增量)
    -> 正在尝试从 Git 历史记录中获取旧版本: data/output_files/U.S._M998_Humvee_by_Papa_Chad_3554424111/EN_todo.txt
      --> 在 Git 历史记录中未找到该文件，视为全新。
    -> 基线日志已存档到: data/logs/archive/U.S._M998_Humvee_by_Papa_Chad_3554424111_baseline_run_20250911_234215.json

处理成功！所有输出文件已保存在 'U.S._M998_Humvee_by_Papa_Chad_3554424111' 文件夹中。

增量更新日志已记录到: data/logs/update_log.json

--- 所有模组处理完毕，开始生成状态报告 ---
状态报告生成脚本输出:
--- 开始生成状态报告 ---
  -> STATUS.md 已生成。
  -> INTERNAL_STATUS.md 已生成。
  -> MOD_TODO_STATUS.md 已生成。
--- 所有报告生成完毕 ---

