

========================= 开始处理 Workshop ID: 2757712197 (Vehicle_Repair_Overhaul) =========================

--- 正在检查已完成的翻译于: data/completed_files/2757712197/en_completed.txt ---
     -> 在 'en_completed.txt' 中找到 48 个键。

-------------------- 处理子模组: Vehicle Repair Overhaul --------------------

--- 正在为 'Vehicle Repair Overhaul' 动态查找 'media' 文件夹 ---
  -> 发现版本目录: 42
  -> 正在检查路径的有效性: data/workshop_content/2757712197/mods/Vehicle Repair Overhaul/42/media
  --> 路径有效！将使用此路径进行处理: data/workshop_content/2757712197/mods/Vehicle Repair Overhaul/42/media

--- 预加载 EN (L1) 数据 ---
  -> 扫描目录: data/workshop_content/2757712197/mods/Vehicle Repair Overhaul/42/media/lua/shared/Translate/EN
     -> 在 'IG_UI_EN.txt' 中找到 1 个键。
     -> 在 'ItemName_EN.txt' 中找到 1 个键。
     -> 在 'Sandbox_EN.txt' 中找到 3 个键。
     -> 在 'Tooltip_EN.txt' 中找到 4 个键。
     -> 在 'UI_EN.txt' 中找到 3 个键。
预加载完成: 找到 12 个本地 EN 键。

--- 阶段 1: 扫描 Scripts (L0) ---
  -> 处理: vehicles/FixAFlat.txt
     -> 新增: 1 个 Item
  -> 处理: vehicles/vehiclesfixing.txt
阶段 1 完成: 从 scripts 新生成了 1 条数据。

--- 阶段 2: 合并 L0 与 L1 后，纯净英文基准总计: 13 条数据。---

--- 阶段 3: 从 CN 目录加载了 0 条数据。---

-------------------- 处理子模组: Vehicle Repair Overhaul - Vehicle Salvage Overhaul --------------------

--- 正在为 'Vehicle Repair Overhaul - Vehicle Salvage Overhaul' 动态查找 'media' 文件夹 ---
  -> 发现版本目录: 42
  -> 正在检查路径的有效性: data/workshop_content/2757712197/mods/Vehicle Repair Overhaul - Vehicle Salvage Overhaul/42/media
  --> 路径有效！将使用此路径进行处理: data/workshop_content/2757712197/mods/Vehicle Repair Overhaul - Vehicle Salvage Overhaul/42/media

--- 预加载 EN (L1) 数据 ---
  -> 扫描目录: data/workshop_content/2757712197/mods/Vehicle Repair Overhaul - Vehicle Salvage Overhaul/42/media/lua/shared/Translate/EN
     -> 在 'ContextMenu_EN.txt' 中找到 1 个键。
     -> 在 'IG_UI_EN.txt' 中找到 1 个键。
     -> 在 'Recipes_EN.txt' 中找到 25 个键。
     -> 在 'Tooltip_EN.txt' 中找到 1 个键。
预加载完成: 找到 28 个本地 EN 键。

--- 阶段 1: 扫描 Scripts (L0) ---
  -> 处理: VROSalvageParts_B42.txt
     -> 新增: 10 个 Recipe
阶段 1 完成: 从 scripts 新生成了 10 条数据。

--- 阶段 2: 合并 L0 与 L1 后，纯净英文基准总计: 38 条数据。---

--- 阶段 3: 从 CN 目录加载了 0 条数据。---

--- 正在为 Mod 'Vehicle_Repair_Overhaul' 生成输出文件 ---
    - 最终合并 (output.txt): 51 条
    - 纯净英文 (EN_output.txt): 51 条
    - 纯净中文 (CN_output.txt): 0 条
    - 英文待办 (en_todo.txt): 5 条 (增量)
    - 中文独有 (cn_only.txt): 0 条 (增量)
    -> 正在尝试从 Git 历史记录中获取旧版本: data/output_files/Vehicle_Repair_Overhaul_2757712197/EN_todo.txt
      --> 在 Git 历史记录中未找到该文件，视为全新。
    -> 基线日志已存档到: data/logs/archive/Vehicle_Repair_Overhaul_2757712197_baseline_run_20250911_234215.json

处理成功！所有输出文件已保存在 'Vehicle_Repair_Overhaul_2757712197' 文件夹中。
