

========================= 开始处理 Workshop ID: 3415572170 (VSMRSpongie) =========================

--- 正在检查已完成的翻译于: data/completed_files/3415572170/en_completed.txt ---
     -> 在 'en_completed.txt' 中找到 1 个键。

-------------------- 处理子模组: VSMRSpongie --------------------

--- 正在为 'VSMRSpongie' 动态查找 'media' 文件夹 ---
  -> 发现版本目录: 42.0
  -> 正在检查路径的有效性: data/workshop_content/3415572170/mods/VSMRSpongie/42.0/media
  --> 路径有效！将使用此路径进行处理: data/workshop_content/3415572170/mods/VSMRSpongie/42.0/media

--- 预加载 EN (L1) 数据 ---
预加载完成: 找到 0 个本地 EN 键。

--- 阶段 1: 扫描 Scripts (L0) ---
  -> 处理: VSMRCustom_face.txt
阶段 1 完成: 从 scripts 新生成了 0 条数据。

--- 阶段 2: 合并 L0 与 L1 后，纯净英文基准总计: 0 条数据。---

--- 阶段 3: 从 CN 目录加载了 0 条数据。---

--- 正在为 Mod 'VSMRSpongie' 生成输出文件 ---
    - 最终合并 (output.txt): 0 条
    - 纯净英文 (EN_output.txt): 0 条
    - 纯净中文 (CN_output.txt): 0 条
    - 英文待办 (en_todo.txt): 0 条 (增量)
    - 中文独有 (cn_only.txt): 0 条 (增量)
    -> 正在尝试从 Git 历史记录中获取旧版本: data/output_files/VSMRSpongie_3415572170/EN_todo.txt
      --> 在 Git 历史记录中未找到该文件，视为全新。

处理成功！所有输出文件已保存在 'VSMRSpongie_3415572170' 文件夹中。
    -> [内存] 已为 Mod 3415572170 记录 Commit SHA: 2242fab
