

========================= 开始处理 Workshop ID: 3565697910 (WeatherMoodles) =========================

--- 正在检查已完成的翻译于: data/completed_files/3565697910/en_completed.txt ---
  -> 文件 'en_completed.txt' 在目标位置不存在，将自动创建。

-------------------- 处理子模组: WeatherMoodles --------------------

--- 正在为 'WeatherMoodles' 动态查找 'media' 文件夹 ---
  -> 发现版本目录: 42
  -> 正在检查路径的有效性: data/workshop_content/3565697910/mods/WeatherMoodles/42/media
  --> 路径有效！将使用此路径进行处理: data/workshop_content/3565697910/mods/WeatherMoodles/42/media

--- 预加载 EN (L1) 数据 ---
  -> 扫描目录: data/workshop_content/3565697910/mods/WeatherMoodles/42/media/lua/shared/Translate/EN
     -> 在 'Moodles_EN.txt' 中找到 110 个键。
     -> 在 'UI_EN.txt' 中找到 34 个键。
预加载完成: 找到 144 个本地 EN 键。

--- 阶段 1: 扫描 Scripts (L0) ---
  -> 警告：未找到 Scripts 目录，跳过。
阶段 1 完成: 从 scripts 新生成了 0 条数据。

--- 阶段 2: 合并 L0 与 L1 后，纯净英文基准总计: 144 条数据。---
  -> 扫描目录: data/workshop_content/3565697910/mods/WeatherMoodles/42/media/lua/shared/Translate/CN
     -> 在 'Moodles_CN.txt' 中找到 94 个键。
     -> 在 'UI_CN.txt' 中找到 29 个键。

--- 阶段 3: 从 CN 目录加载了 123 条数据。---

--- 正在为 Mod 'WeatherMoodles' 生成输出文件 ---
    - 最终合并 (output.txt): 146 条
    - 纯净英文 (EN_output.txt): 144 条
    - 纯净中文 (CN_output.txt): 123 条
    - 英文待办 (en_todo.txt): 68 条 (增量)
    - 中文独有 (cn_only.txt): 2 条 (增量)
    -> 正在尝试从 Git 历史记录中获取旧版本: data/output_files/WeatherMoodles_3565697910/EN_todo.txt
      --> 在 Git 历史记录中未找到该文件，视为全新。
    -> 基线日志已存档到: data/logs/archive/WeatherMoodles_3565697910_baseline_run_20250915_000538.json

处理成功！所有输出文件已保存在 'WeatherMoodles_3565697910' 文件夹中。
    -> 警告：未能获取 Mod 3565697910 的完成文件SHA，状态未记录。

--- 所有模组处理循环结束，正在保存最终运行状态 ---

--- 所有模组处理完毕，开始生成状态报告 ---
状态报告生成脚本输出:
--- 开始生成状态报告 ---
  -> STATUS.md 已生成。
  -> INTERNAL_STATUS.md 已生成。
  -> MOD_TODO_STATUS.md 已生成。
--- 所有报告生成完毕 ---

