

========================= 开始处理 Workshop ID: 2761200458 (Yaki's_Hair_Salon_-_BASE) =========================

--- 正在检查已完成的翻译于: data/completed_files/2761200458/en_completed.txt ---
     -> 在 'en_completed.txt' 中找到 60 个键。

-------------------- 处理子模组: Yaki's Hair Salon - BASE --------------------

--- 正在为 'Yaki's Hair Salon - BASE' 动态查找 'media' 文件夹 ---
  -> 发现版本目录: 42.0
  -> 正在检查路径的有效性: data/workshop_content/2761200458/mods/Yaki's Hair Salon - BASE/42.0/media
  --> 路径有效！将使用此路径进行处理: data/workshop_content/2761200458/mods/Yaki's Hair Salon - BASE/42.0/media

--- 预加载 EN (L1) 数据 ---
  -> 扫描目录: data/workshop_content/2761200458/mods/Yaki's Hair Salon - BASE/42.0/media/lua/shared/Translate/EN
     -> 在 'IG_UI_EN.txt' 中找到 203 个键。
预加载完成: 找到 196 个本地 EN 键。

--- 阶段 1: 扫描 Scripts (L0) ---
  -> 警告：未找到 Scripts 目录，跳过。
阶段 1 完成: 从 scripts 新生成了 0 条数据。

--- 阶段 2: 合并 L0 与 L1 后，纯净英文基准总计: 196 条数据。---

--- 阶段 3: 从 CN 目录加载了 0 条数据。---

--- 正在为 Mod 'Yaki's_Hair_Salon_-_BASE' 生成输出文件 ---
    - 最终合并 (output.txt): 196 条
    - 纯净英文 (EN_output.txt): 196 条
    - 纯净中文 (CN_output.txt): 0 条
    - 英文待办 (en_todo.txt): 137 条 (增量)
    - 中文独有 (cn_only.txt): 0 条 (增量)
    -> 正在尝试从 Git 历史记录中获取旧版本: data/output_files/Yaki's_Hair_Salon_-_BASE_2761200458/EN_todo.txt
      --> 在 Git 历史记录中未找到该文件，视为全新。
    -> 基线日志已存档到: data/logs/archive/Yaki's_Hair_Salon_-_BASE_2761200458_baseline_run_20250911_234215.json

处理成功！所有输出文件已保存在 'Yaki's_Hair_Salon_-_BASE_2761200458' 文件夹中。
