

========================= 开始处理 Workshop ID: 3426132882 (Zombies_Congelados_TWD_B42) =========================

--- 正在检查已完成的翻译于: data/completed_files/Zombies_Congelados_TWD_B42_3426132882/en_completed.txt ---
  -> 文件 'en_completed.txt' 在目标位置不存在，将自动创建。

-------------------- 处理子模组: Zombies Congelados TWD B42 --------------------

--- 正在为 'Zombies Congelados TWD B42' 动态查找 'media' 文件夹 ---
  -> 发现版本目录: 42.0
  --> 成功找到！将使用此路径进行处理: data/workshop_content/3426132882/mods/Zombies Congelados TWD B42/42.0/media

--- 预加载 EN (L1) 数据 ---
  -> 扫描目录: data/workshop_content/3426132882/mods/Zombies Congelados TWD B42/42.0/media/lua/shared/Translate/EN
     -> 在 'sandbox_EN.txt' 中找到 14 个键。
预加载完成: 找到 14 个本地 EN 键。

--- 阶段 1: 扫描 Scripts (L0) ---
  -> 警告：未找到 Scripts 目录，跳过。
阶段 1 完成: 从 scripts 新生成了 0 条数据。

--- 阶段 2: 合并 L0 与 L1 后，纯净英文基准总计: 14 条数据。---

--- 阶段 3: 从 CN 目录加载了 0 条数据。---

--- 正在为 Mod 'Zombies_Congelados_TWD_B42' 生成输出文件 ---
    - 最终合并 (output.txt): 14 条
    - 纯净英文 (EN_output.txt): 14 条
    - 纯净中文 (CN_output.txt): 0 条
    - 英文待办 (en_todo.txt): 14 条 (增量)
    - 中文独有 (cn_only.txt): 0 条 (增量)
    -> 正在尝试从 Git 历史记录中获取旧版本: data/output_files/Zombies_Congelados_TWD_B42_3426132882/EN_todo.txt
    -> 获取旧文件时发生未知错误: name 'subprocess' is not defined

处理成功！所有输出文件已保存在 'Zombies_Congelados_TWD_B42_3426132882' 文件夹中。
